Using pre-set license
Built from '2021.1/release' branch; Version is '2021.1.0f1 (61a549675243) revision 6399305'; Using compiler version '192528614'; Build Type 'Release'
OS: 'Windows 10 Pro; OS build 19045.2965; Version 2009; 64bit' Language: 'zh' Physical Memory: 16197 MB
BatchMode: 1, IsHumanControllingUs: 0, StartBugReporterOnCrash: 0, Is64bit: 1, IsPro: 0

 COMMAND LINE ARGUMENTS:
C:\Program Files\Unity 2021.1.0f1\Editor\Unity.exe
-adb2
-batchMode
-noUpm
-name
AssetImportWorker0
-projectPath
C:/Users/月夜OUO/Desktop/2023ITP4716MG3/RE-Lv2
-logFile
Logs/AssetImportWorker0.log
-srvPort
58759
Successfully changed project path to: C:/Users/月夜OUO/Desktop/2023ITP4716MG3/RE-Lv2
C:/Users/月夜OUO/Desktop/2023ITP4716MG3/RE-Lv2
Using Asset Import Pipeline V2.
Refreshing native plugins compatible for Editor in 49.17 ms, found 1 plugins.
Preloading 0 native plugins for Editor in 0.00 ms.
Initialize engine version: 2021.1.0f1 (61a549675243)
[Subsystems] Discovering subsystems at path C:/Program Files/Unity 2021.1.0f1/Editor/Data/Resources/UnitySubsystems
[Subsystems] Discovering subsystems at path C:/Users/月夜OUO/Desktop/2023ITP4716MG3/RE-Lv2/Assets
GfxDevice: creating device client; threaded=0; jobified=0
Direct3D:
    Version:  Direct3D 11.0 [level 11.1]
    Renderer: NVIDIA GeForce RTX 3060 Ti (ID=0x2489)
    Vendor:   NVIDIA
    VRAM:     8038 MB
    Driver:   31.0.15.3141
Initialize mono
Mono path[0] = 'C:/Program Files/Unity 2021.1.0f1/Editor/Data/Managed'
Mono path[1] = 'C:/Program Files/Unity 2021.1.0f1/Editor/Data/MonoBleedingEdge/lib/mono/unityjit'
Mono config path = 'C:/Program Files/Unity 2021.1.0f1/Editor/Data/MonoBleedingEdge/etc'
Using monoOptions --debugger-agent=transport=dt_socket,embedding=1,server=y,suspend=n,address=127.0.0.1:56048
Begin MonoManager ReloadAssembly
Registering precompiled unity dll's ...
Register platform support module: C:/Program Files/Unity 2021.1.0f1/Editor/Data/PlaybackEngines/WindowsStandaloneSupport/UnityEditor.WindowsStandalone.Extensions.dll
Registered in 0.002414 seconds.
Native extension for WindowsStandalone target not found
Refreshing native plugins compatible for Editor in 49.41 ms, found 1 plugins.
Preloading 0 native plugins for Editor in 0.00 ms.
Mono: successfully reloaded assembly
- Completed reload, in  1.276 seconds
Platform modules already initialized, skipping
Registering precompiled user dll's ...
Registered in 0.006314 seconds.
Begin MonoManager ReloadAssembly
Native extension for WindowsStandalone target not found
Refreshing native plugins compatible for Editor in 0.33 ms, found 1 plugins.
Preloading 0 native plugins for Editor in 0.00 ms.
Mono: successfully reloaded assembly
- Completed reload, in  0.596 seconds
Platform modules already initialized, skipping
========================================================================
Worker process is ready to serve import requests
Launched and connected shader compiler UnityShaderCompiler.exe after 0.04 seconds
Refreshing native plugins compatible for Editor in 0.32 ms, found 1 plugins.
Preloading 0 native plugins for Editor in 0.00 ms.
Unloading 2664 Unused Serialized files (Serialized files now loaded: 0)
System memory in use before: 98.0 MB.
System memory in use after: 98.2 MB.

Unloading 15 unused Assets to reduce memory usage. Loaded Objects now: 3115.
Total: 1.579500 ms (FindLiveObjects: 0.183200 ms CreateObjectMapping: 0.088100 ms MarkObjects: 1.256900 ms  DeleteObjects: 0.050500 ms)

========================================================================
Received Import Request.
  path: Assets/modle/stair.obj
  artifactKey: Guid(5e05fbba1676aee44afc38c7c3446ced) Importer(815301076,1909f56bfc062723c751e8b465ee728b)
Start importing Assets/modle/stair.obj using Guid(5e05fbba1676aee44afc38c7c3446ced) Importer(815301076,1909f56bfc062723c751e8b465ee728b)  -> (artifact id: 'beb7a4787153b73ab24fe3489041eda7') in 0.135098 seconds 
========================================================================
Received Import Request.
  Time since last request: 573.517699 seconds.
  path: Assets/modle/ladder.obj
  artifactKey: Guid(50ebfda587afc9342a55a3e903795612) Importer(815301076,1909f56bfc062723c751e8b465ee728b)
Start importing Assets/modle/ladder.obj using Guid(50ebfda587afc9342a55a3e903795612) Importer(815301076,1909f56bfc062723c751e8b465ee728b)  -> (artifact id: '9d7f7256584f4159baebfa63f5434608') in 0.141363 seconds 
========================================================================
Received Import Request.
  Time since last request: 0.009304 seconds.
  path: Assets/material/red.mat
  artifactKey: Guid(36351fdda28f4134cba604dd84e9ada7) Importer(815301076,1909f56bfc062723c751e8b465ee728b)
Start importing Assets/material/red.mat using Guid(36351fdda28f4134cba604dd84e9ada7) Importer(815301076,1909f56bfc062723c751e8b465ee728b)  -> (artifact id: '37a32e21d192a73be42355fff0dba36f') in 0.011437 seconds 
========================================================================
Received Import Request.
  Time since last request: 0.001885 seconds.
  path: Assets/material/yellow.mat
  artifactKey: Guid(4ca3320d989eda0439af44bd1ea275d5) Importer(815301076,1909f56bfc062723c751e8b465ee728b)
Start importing Assets/material/yellow.mat using Guid(4ca3320d989eda0439af44bd1ea275d5) Importer(815301076,1909f56bfc062723c751e8b465ee728b)  -> (artifact id: '4321cb3dfc6aa47bc0b03270c72856e2') in 0.007841 seconds 
========================================================================
Received Import Request.
  Time since last request: 0.002849 seconds.
  path: Assets/modle/stair2.obj
  artifactKey: Guid(022b0cfe2a097fa43a2a23ee86805c54) Importer(815301076,1909f56bfc062723c751e8b465ee728b)
Start importing Assets/modle/stair2.obj using Guid(022b0cfe2a097fa43a2a23ee86805c54) Importer(815301076,1909f56bfc062723c751e8b465ee728b)  -> (artifact id: '2c23da986386b32ec37d44bfc0ce2351') in 0.014952 seconds 
========================================================================
Received Import Request.
  Time since last request: 0.001916 seconds.
  path: Assets/material/road 1.mat
  artifactKey: Guid(2911724657e4a0a47ba9d1394fbc529f) Importer(815301076,1909f56bfc062723c751e8b465ee728b)
Start importing Assets/material/road 1.mat using Guid(2911724657e4a0a47ba9d1394fbc529f) Importer(815301076,1909f56bfc062723c751e8b465ee728b)  -> (artifact id: '004b178523bd0341c304d3c8fe2ef184') in 0.007906 seconds 
========================================================================
Received Import Request.
  Time since last request: 0.009257 seconds.
  path: Assets/Scenes/RE2.unity
  artifactKey: Guid(9fc0d4010bbf28b4594072e72b8655ab) Importer(815301076,1909f56bfc062723c751e8b465ee728b)
Start importing Assets/Scenes/RE2.unity using Guid(9fc0d4010bbf28b4594072e72b8655ab) Importer(815301076,1909f56bfc062723c751e8b465ee728b)  -> (artifact id: '70317911d50330b57d98dcac3aa54fcd') in 0.004263 seconds 
AssetImportWorkerClient::OnTransportError - code=2 error=End of file
