Using pre-set license
Built from '2021.1/release' branch; Version is '2021.1.0f1 (61a549675243) revision 6399305'; Using compiler version '192528614'; Build Type 'Release'
OS: 'Windows 10 Pro; OS build 19045.2965; Version 2009; 64bit' Language: 'zh' Physical Memory: 16197 MB
BatchMode: 1, IsHumanControllingUs: 0, StartBugReporterOnCrash: 0, Is64bit: 1, IsPro: 0

 COMMAND LINE ARGUMENTS:
C:\Program Files\Unity 2021.1.0f1\Editor\Unity.exe
-adb2
-batchMode
-noUpm
-name
AssetImportWorker0
-projectPath
C:/Users/月夜OUO/Desktop/2023ITP4716MG3/2023ITP4716MG3/RE-Lv2
-logFile
Logs/AssetImportWorker0.log
-srvPort
60545
Successfully changed project path to: C:/Users/月夜OUO/Desktop/2023ITP4716MG3/2023ITP4716MG3/RE-Lv2
C:/Users/月夜OUO/Desktop/2023ITP4716MG3/2023ITP4716MG3/RE-Lv2
Using Asset Import Pipeline V2.
Refreshing native plugins compatible for Editor in 45.06 ms, found 1 plugins.
Preloading 0 native plugins for Editor in 0.00 ms.
Initialize engine version: 2021.1.0f1 (61a549675243)
[Subsystems] Discovering subsystems at path C:/Program Files/Unity 2021.1.0f1/Editor/Data/Resources/UnitySubsystems
[Subsystems] Discovering subsystems at path C:/Users/月夜OUO/Desktop/2023ITP4716MG3/2023ITP4716MG3/RE-Lv2/Assets
GfxDevice: creating device client; threaded=0; jobified=0
Direct3D:
    Version:  Direct3D 11.0 [level 11.1]
    Renderer: NVIDIA GeForce RTX 3060 Ti (ID=0x2489)
    Vendor:   NVIDIA
    VRAM:     8038 MB
    Driver:   31.0.15.3141
Initialize mono
Mono path[0] = 'C:/Program Files/Unity 2021.1.0f1/Editor/Data/Managed'
Mono path[1] = 'C:/Program Files/Unity 2021.1.0f1/Editor/Data/MonoBleedingEdge/lib/mono/unityjit'
Mono config path = 'C:/Program Files/Unity 2021.1.0f1/Editor/Data/MonoBleedingEdge/etc'
Using monoOptions --debugger-agent=transport=dt_socket,embedding=1,server=y,suspend=n,address=127.0.0.1:56652
Begin MonoManager ReloadAssembly
Registering precompiled unity dll's ...
Register platform support module: C:/Program Files/Unity 2021.1.0f1/Editor/Data/PlaybackEngines/WindowsStandaloneSupport/UnityEditor.WindowsStandalone.Extensions.dll
Registered in 0.001149 seconds.
Native extension for WindowsStandalone target not found
Refreshing native plugins compatible for Editor in 47.52 ms, found 1 plugins.
Preloading 0 native plugins for Editor in 0.00 ms.
Mono: successfully reloaded assembly
- Completed reload, in  0.686 seconds
Platform modules already initialized, skipping
Registering precompiled user dll's ...
Registered in 0.001866 seconds.
Begin MonoManager ReloadAssembly
Native extension for WindowsStandalone target not found
Refreshing native plugins compatible for Editor in 0.30 ms, found 1 plugins.
Preloading 0 native plugins for Editor in 0.00 ms.
Mono: successfully reloaded assembly
- Completed reload, in  0.590 seconds
Platform modules already initialized, skipping
========================================================================
Worker process is ready to serve import requests
Launched and connected shader compiler UnityShaderCompiler.exe after 0.03 seconds
Refreshing native plugins compatible for Editor in 0.41 ms, found 1 plugins.
Preloading 0 native plugins for Editor in 0.00 ms.
Unloading 2664 Unused Serialized files (Serialized files now loaded: 0)
System memory in use before: 98.0 MB.
System memory in use after: 98.2 MB.

Unloading 15 unused Assets to reduce memory usage. Loaded Objects now: 3115.
Total: 1.752700 ms (FindLiveObjects: 0.261800 ms CreateObjectMapping: 0.106000 ms MarkObjects: 1.326900 ms  DeleteObjects: 0.057300 ms)

========================================================================
Received Import Request.
  path: Assets/Brown_floor.jpg
  artifactKey: Guid(0aa42d2c941daee4eb929b6823a59e86) Importer(815301076,1909f56bfc062723c751e8b465ee728b)
Start importing Assets/Brown_floor.jpg using Guid(0aa42d2c941daee4eb929b6823a59e86) Importer(815301076,1909f56bfc062723c751e8b465ee728b)  -> (artifact id: '45787b7b72e523e603ece7156074a70e') in 0.076508 seconds 
========================================================================
Received Import Request.
  Time since last request: 0.169603 seconds.
  path: Assets/texture
  artifactKey: Guid(c23807c3a017e5548a846d1efe1c1ab3) Importer(815301076,1909f56bfc062723c751e8b465ee728b)
Start importing Assets/texture using Guid(c23807c3a017e5548a846d1efe1c1ab3) Importer(815301076,1909f56bfc062723c751e8b465ee728b)  -> (artifact id: 'cfb5ad393788895f897f69638d66e252') in 0.005985 seconds 
========================================================================
Received Import Request.
  Time since last request: 57.384235 seconds.
  path: Assets/material
  artifactKey: Guid(8b9d65101f1d48b43bf042a2b1769dce) Importer(815301076,1909f56bfc062723c751e8b465ee728b)
Start importing Assets/material using Guid(8b9d65101f1d48b43bf042a2b1769dce) Importer(815301076,1909f56bfc062723c751e8b465ee728b)  -> (artifact id: '85bf3eb6825de1b2ad96340e7c473a4f') in 0.006079 seconds 
========================================================================
Received Import Request.
  Time since last request: 530.401059 seconds.
  path: Assets/texture/Concrete.jpg
  artifactKey: Guid(d65883644e7862a4380d87ccba4a189a) Importer(815301076,1909f56bfc062723c751e8b465ee728b)
Start importing Assets/texture/Concrete.jpg using Guid(d65883644e7862a4380d87ccba4a189a) Importer(815301076,1909f56bfc062723c751e8b465ee728b)  -> (artifact id: '11d35472c97ae5f9a2a7a1656c40aa4e') in 0.012771 seconds 
========================================================================
Received Import Request.
  Time since last request: 849.726317 seconds.
  path: Assets/Materials
  artifactKey: Guid(8bf271ee8f8bc804dae145479fc68125) Importer(815301076,1909f56bfc062723c751e8b465ee728b)
Start importing Assets/Materials using Guid(8bf271ee8f8bc804dae145479fc68125) Importer(815301076,1909f56bfc062723c751e8b465ee728b)  -> (artifact id: 'bd568d498aca22892b7e74bb5c2815a7') in 0.004904 seconds 
AssetImportWorkerClient::OnTransportError - code=2 error=End of file
