Using pre-set license
Built from '2021.1/release' branch; Version is '2021.1.0f1 (61a549675243) revision 6399305'; Using compiler version '192528614'; Build Type 'Release'
OS: 'Windows 10 Pro; OS build 19045.2846; Version 2009; 64bit' Language: 'zh' Physical Memory: 16243 MB
BatchMode: 1, IsHumanControllingUs: 0, StartBugReporterOnCrash: 0, Is64bit: 1, IsPro: 0

 COMMAND LINE ARGUMENTS:
E:\Unity\Editor\2021.1.0f1\Editor\Unity.exe
-adb2
-batchMode
-noUpm
-name
AssetImportWorker0
-projectPath
E:/Wildrunner(Pj)/2023ITP4716MG3/Terrain(Lv.1)
-logFile
Logs/AssetImportWorker0.log
-srvPort
54806
Successfully changed project path to: E:/Wildrunner(Pj)/2023ITP4716MG3/Terrain(Lv.1)
E:/Wildrunner(Pj)/2023ITP4716MG3/Terrain(Lv.1)
Using Asset Import Pipeline V2.
Refreshing native plugins compatible for Editor in 55.59 ms, found 1 plugins.
Preloading 0 native plugins for Editor in 0.00 ms.
Initialize engine version: 2021.1.0f1 (61a549675243)
[Subsystems] Discovering subsystems at path E:/Unity/Editor/2021.1.0f1/Editor/Data/Resources/UnitySubsystems
[Subsystems] Discovering subsystems at path E:/Wildrunner(Pj)/2023ITP4716MG3/Terrain(Lv.1)/Assets
GfxDevice: creating device client; threaded=0; jobified=0
Direct3D:
    Version:  Direct3D 11.0 [level 11.1]
    Renderer: NVIDIA GeForce RTX 3060 (ID=0x2504)
    Vendor:   NVIDIA
    VRAM:     12129 MB
    Driver:   31.0.15.3168
Initialize mono
Mono path[0] = 'E:/Unity/Editor/2021.1.0f1/Editor/Data/Managed'
Mono path[1] = 'E:/Unity/Editor/2021.1.0f1/Editor/Data/MonoBleedingEdge/lib/mono/unityjit'
Mono config path = 'E:/Unity/Editor/2021.1.0f1/Editor/Data/MonoBleedingEdge/etc'
Using monoOptions --debugger-agent=transport=dt_socket,embedding=1,server=y,suspend=n,address=127.0.0.1:56892
Begin MonoManager ReloadAssembly
Registering precompiled unity dll's ...
Register platform support module: E:/Unity/Editor/2021.1.0f1/Editor/Data/PlaybackEngines/WebGLSupport/UnityEditor.WebGL.Extensions.dll
Register platform support module: E:/Unity/Editor/2021.1.0f1/Editor/Data/PlaybackEngines/MacStandaloneSupport/UnityEditor.OSXStandalone.Extensions.dll
Register platform support module: E:/Unity/Editor/2021.1.0f1/Editor/Data/PlaybackEngines/WindowsStandaloneSupport/UnityEditor.WindowsStandalone.Extensions.dll
Register platform support module: E:/Unity/Editor/2021.1.0f1/Editor/Data/PlaybackEngines/LinuxStandaloneSupport/UnityEditor.LinuxStandalone.Extensions.dll
Register platform support module: E:/Unity/Editor/2021.1.0f1/Editor/Data/PlaybackEngines/LuminSupport/UnityEditor.Lumin.Extensions.dll
Registered in 0.001113 seconds.
Native extension for Lumin target not found
Native extension for LinuxStandalone target not found
Native extension for WindowsStandalone target not found
Native extension for OSXStandalone target not found
Native extension for WebGL target not found
Refreshing native plugins compatible for Editor in 62.47 ms, found 1 plugins.
Preloading 0 native plugins for Editor in 0.00 ms.
Mono: successfully reloaded assembly
- Completed reload, in  1.086 seconds
Platform modules already initialized, skipping
Registering precompiled user dll's ...
Registered in 0.001396 seconds.
Begin MonoManager ReloadAssembly
Native extension for Lumin target not found
Native extension for LinuxStandalone target not found
Native extension for WindowsStandalone target not found
Native extension for OSXStandalone target not found
Native extension for WebGL target not found
Refreshing native plugins compatible for Editor in 0.39 ms, found 1 plugins.
Preloading 0 native plugins for Editor in 0.00 ms.
Mono: successfully reloaded assembly
- Completed reload, in  0.684 seconds
Platform modules already initialized, skipping
========================================================================
Worker process is ready to serve import requests
Launched and connected shader compiler UnityShaderCompiler.exe after 0.03 seconds
Refreshing native plugins compatible for Editor in 0.38 ms, found 1 plugins.
Preloading 0 native plugins for Editor in 0.00 ms.
Unloading 2815 Unused Serialized files (Serialized files now loaded: 0)
System memory in use before: 134.2 MB.
System memory in use after: 134.0 MB.

Unloading 17 unused Assets to reduce memory usage. Loaded Objects now: 3299.
Total: 2.064500 ms (FindLiveObjects: 0.306700 ms CreateObjectMapping: 0.124300 ms MarkObjects: 1.304500 ms  DeleteObjects: 0.328000 ms)

========================================================================
Received Import Request.
  path: Assets/Update Log(V0.0.12).txt
  artifactKey: Guid(f6ffee8aa46dc2c40b67f701d6199206) Importer(815301076,1909f56bfc062723c751e8b465ee728b)
Start importing Assets/Update Log(V0.0.12).txt using Guid(f6ffee8aa46dc2c40b67f701d6199206) Importer(815301076,1909f56bfc062723c751e8b465ee728b)  -> (artifact id: '71f34b2f3f6f19355266404eff2ace0b') in 0.026646 seconds 
========================================================================
Received Import Request.
  Time since last request: 145.209216 seconds.
  path: Assets/Update Log(V0.0.12).txt
  artifactKey: Guid(f6ffee8aa46dc2c40b67f701d6199206) Importer(815301076,1909f56bfc062723c751e8b465ee728b)
Start importing Assets/Update Log(V0.0.12).txt using Guid(f6ffee8aa46dc2c40b67f701d6199206) Importer(815301076,1909f56bfc062723c751e8b465ee728b)  -> (artifact id: '857726afcfc47a37cb01ff047686a5f3') in 0.001988 seconds 
========================================================================
Received Import Request.
  Time since last request: 30.583077 seconds.
  path: Assets/Update Log(V0.0.13).txt
  artifactKey: Guid(f6ffee8aa46dc2c40b67f701d6199206) Importer(815301076,1909f56bfc062723c751e8b465ee728b)
Start importing Assets/Update Log(V0.0.13).txt using Guid(f6ffee8aa46dc2c40b67f701d6199206) Importer(815301076,1909f56bfc062723c751e8b465ee728b)  -> (artifact id: 'ac36d81ef939b2aab70b32a3355e7020') in 0.004727 seconds 
========================================================================
Received Prepare
Refreshing native plugins compatible for Editor in 1.12 ms, found 1 plugins.
Preloading 0 native plugins for Editor in 0.00 ms.
Unloading 10 Unused Serialized files (Serialized files now loaded: 0)
System memory in use before: 77.4 MB.
System memory in use after: 77.2 MB.

Unloading 10 unused Assets to reduce memory usage. Loaded Objects now: 3299.
Total: 2.379600 ms (FindLiveObjects: 0.144400 ms CreateObjectMapping: 0.058100 ms MarkObjects: 1.935100 ms  DeleteObjects: 0.240800 ms)

========================================================================
Received Prepare
Refreshing native plugins compatible for Editor in 1.00 ms, found 1 plugins.
Preloading 0 native plugins for Editor in 0.00 ms.
Unloading 10 Unused Serialized files (Serialized files now loaded: 0)
System memory in use before: 77.4 MB.
System memory in use after: 77.2 MB.

Unloading 10 unused Assets to reduce memory usage. Loaded Objects now: 3299.
Total: 1.770600 ms (FindLiveObjects: 0.153900 ms CreateObjectMapping: 0.063200 ms MarkObjects: 1.307900 ms  DeleteObjects: 0.244400 ms)

AssetImportWorkerClient::OnTransportError - code=2 error=End of file
