Using pre-set license
Built from '2021.1/release' branch; Version is '2021.1.0f1 (61a549675243) revision 6399305'; Using compiler version '192528614'; Build Type 'Release'
OS: 'Windows 10 Pro; OS build 19045.2846; Version 2009; 64bit' Language: 'zh' Physical Memory: 16197 MB
BatchMode: 1, IsHumanControllingUs: 0, StartBugReporterOnCrash: 0, Is64bit: 1, IsPro: 0

 COMMAND LINE ARGUMENTS:
C:\Program Files\Unity 2021.1.0f1\Editor\Unity.exe
-adb2
-batchMode
-noUpm
-name
AssetImportWorker0
-projectPath
C:/Users/月夜OUO/Desktop/Gmae Project/level2(building)
-logFile
Logs/AssetImportWorker0.log
-srvPort
50812
Successfully changed project path to: C:/Users/月夜OUO/Desktop/Gmae Project/level2(building)
C:/Users/月夜OUO/Desktop/Gmae Project/level2(building)
Using Asset Import Pipeline V2.
Refreshing native plugins compatible for Editor in 49.39 ms, found 1 plugins.
Preloading 0 native plugins for Editor in 0.00 ms.
Initialize engine version: 2021.1.0f1 (61a549675243)
[Subsystems] Discovering subsystems at path C:/Program Files/Unity 2021.1.0f1/Editor/Data/Resources/UnitySubsystems
[Subsystems] Discovering subsystems at path C:/Users/月夜OUO/Desktop/Gmae Project/level2(building)/Assets
GfxDevice: creating device client; threaded=0; jobified=0
Direct3D:
    Version:  Direct3D 11.0 [level 11.1]
    Renderer: NVIDIA GeForce RTX 3060 Ti (ID=0x2489)
    Vendor:   NVIDIA
    VRAM:     8038 MB
    Driver:   31.0.15.3141
Initialize mono
Mono path[0] = 'C:/Program Files/Unity 2021.1.0f1/Editor/Data/Managed'
Mono path[1] = 'C:/Program Files/Unity 2021.1.0f1/Editor/Data/MonoBleedingEdge/lib/mono/unityjit'
Mono config path = 'C:/Program Files/Unity 2021.1.0f1/Editor/Data/MonoBleedingEdge/etc'
Using monoOptions --debugger-agent=transport=dt_socket,embedding=1,server=y,suspend=n,address=127.0.0.1:56368
Begin MonoManager ReloadAssembly
Registering precompiled unity dll's ...
Register platform support module: C:/Program Files/Unity 2021.1.0f1/Editor/Data/PlaybackEngines/WindowsStandaloneSupport/UnityEditor.WindowsStandalone.Extensions.dll
Registered in 0.001359 seconds.
Native extension for WindowsStandalone target not found
Refreshing native plugins compatible for Editor in 51.19 ms, found 1 plugins.
Preloading 0 native plugins for Editor in 0.00 ms.
Mono: successfully reloaded assembly
- Completed reload, in  0.698 seconds
Platform modules already initialized, skipping
Registering precompiled user dll's ...
Registered in 0.001938 seconds.
Begin MonoManager ReloadAssembly
Native extension for WindowsStandalone target not found
Refreshing native plugins compatible for Editor in 0.33 ms, found 1 plugins.
Preloading 0 native plugins for Editor in 0.00 ms.
Mono: successfully reloaded assembly
- Completed reload, in  0.594 seconds
Platform modules already initialized, skipping
========================================================================
Worker process is ready to serve import requests
Launched and connected shader compiler UnityShaderCompiler.exe after 0.03 seconds
Refreshing native plugins compatible for Editor in 0.51 ms, found 1 plugins.
Preloading 0 native plugins for Editor in 0.00 ms.
Unloading 2786 Unused Serialized files (Serialized files now loaded: 0)
System memory in use before: 108.8 MB.
System memory in use after: 108.6 MB.

Unloading 17 unused Assets to reduce memory usage. Loaded Objects now: 3241.
Total: 1.506400 ms (FindLiveObjects: 0.159600 ms CreateObjectMapping: 0.092800 ms MarkObjects: 1.089000 ms  DeleteObjects: 0.164200 ms)

========================================================================
Received Import Request.
  path: Assets/Scenes
  artifactKey: Guid(5737545e679fb5244ad0177945438b83) Importer(815301076,1909f56bfc062723c751e8b465ee728b)
Start importing Assets/Scenes using Guid(5737545e679fb5244ad0177945438b83) Importer(815301076,1909f56bfc062723c751e8b465ee728b)  -> (artifact id: '5e68529b26f5ffcce22df94b4eb836eb') in 0.007786 seconds 
AssetImportWorkerClient::OnTransportError - code=2 error=End of file
