Using pre-set license
Built from '2021.1/release' branch; Version is '2021.1.0f1 (61a549675243) revision 6399305'; Using compiler version '192528614'; Build Type 'Release'
OS: 'Windows 10 Pro; OS build 19045.2846; Version 2009; 64bit' Language: 'zh' Physical Memory: 16197 MB
BatchMode: 1, IsHumanControllingUs: 0, StartBugReporterOnCrash: 0, Is64bit: 1, IsPro: 0

 COMMAND LINE ARGUMENTS:
C:\Program Files\Unity 2021.1.0f1\Editor\Unity.exe
-adb2
-batchMode
-noUpm
-name
AssetImportWorker0
-projectPath
C:/Users/月夜OUO/Desktop/level2(building)
-logFile
Logs/AssetImportWorker0.log
-srvPort
57929
Successfully changed project path to: C:/Users/月夜OUO/Desktop/level2(building)
C:/Users/月夜OUO/Desktop/level2(building)
Using Asset Import Pipeline V2.
Refreshing native plugins compatible for Editor in 49.70 ms, found 1 plugins.
Preloading 0 native plugins for Editor in 0.00 ms.
Initialize engine version: 2021.1.0f1 (61a549675243)
[Subsystems] Discovering subsystems at path C:/Program Files/Unity 2021.1.0f1/Editor/Data/Resources/UnitySubsystems
[Subsystems] Discovering subsystems at path C:/Users/月夜OUO/Desktop/level2(building)/Assets
GfxDevice: creating device client; threaded=0; jobified=0
Direct3D:
    Version:  Direct3D 11.0 [level 11.1]
    Renderer: NVIDIA GeForce RTX 3060 Ti (ID=0x2489)
    Vendor:   NVIDIA
    VRAM:     8038 MB
    Driver:   31.0.15.3141
Initialize mono
Mono path[0] = 'C:/Program Files/Unity 2021.1.0f1/Editor/Data/Managed'
Mono path[1] = 'C:/Program Files/Unity 2021.1.0f1/Editor/Data/MonoBleedingEdge/lib/mono/unityjit'
Mono config path = 'C:/Program Files/Unity 2021.1.0f1/Editor/Data/MonoBleedingEdge/etc'
Using monoOptions --debugger-agent=transport=dt_socket,embedding=1,server=y,suspend=n,address=127.0.0.1:56536
Begin MonoManager ReloadAssembly
Registering precompiled unity dll's ...
Register platform support module: C:/Program Files/Unity 2021.1.0f1/Editor/Data/PlaybackEngines/WindowsStandaloneSupport/UnityEditor.WindowsStandalone.Extensions.dll
Registered in 0.001145 seconds.
Native extension for WindowsStandalone target not found
Refreshing native plugins compatible for Editor in 51.59 ms, found 1 plugins.
Preloading 0 native plugins for Editor in 0.00 ms.
Mono: successfully reloaded assembly
- Completed reload, in  0.696 seconds
Platform modules already initialized, skipping
Registering precompiled user dll's ...
Registered in 0.001986 seconds.
Begin MonoManager ReloadAssembly
Native extension for WindowsStandalone target not found
Refreshing native plugins compatible for Editor in 0.34 ms, found 1 plugins.
Preloading 0 native plugins for Editor in 0.00 ms.
Mono: successfully reloaded assembly
- Completed reload, in  0.574 seconds
Platform modules already initialized, skipping
========================================================================
Worker process is ready to serve import requests
Launched and connected shader compiler UnityShaderCompiler.exe after 0.03 seconds
Refreshing native plugins compatible for Editor in 0.33 ms, found 1 plugins.
Preloading 0 native plugins for Editor in 0.00 ms.
Unloading 2785 Unused Serialized files (Serialized files now loaded: 0)
System memory in use before: 108.8 MB.
System memory in use after: 108.6 MB.

Unloading 17 unused Assets to reduce memory usage. Loaded Objects now: 3240.
Total: 2.126600 ms (FindLiveObjects: 0.191300 ms CreateObjectMapping: 0.089000 ms MarkObjects: 1.631100 ms  DeleteObjects: 0.214200 ms)

========================================================================
Received Import Request.
  path: Assets/building/11-1.obj
  artifactKey: Guid(fed968081f1120d4aa734a675cdb6990) Importer(815301076,1909f56bfc062723c751e8b465ee728b)
Start importing Assets/building/11-1.obj using Guid(fed968081f1120d4aa734a675cdb6990) Importer(815301076,1909f56bfc062723c751e8b465ee728b)  -> (artifact id: 'b824595b30a879e77fc06b3462332519') in 0.137173 seconds 
========================================================================
Received Import Request.
  Time since last request: 473.732219 seconds.
  path: Assets/building/12.obj
  artifactKey: Guid(754466547a77bf944bfea489dd3f13f9) Importer(815301076,1909f56bfc062723c751e8b465ee728b)
Start importing Assets/building/12.obj using Guid(754466547a77bf944bfea489dd3f13f9) Importer(815301076,1909f56bfc062723c751e8b465ee728b)  -> (artifact id: '72e9a5fe956b548c61ebb7d08f0f4d01') in 0.057527 seconds 
========================================================================
Received Prepare
Registering precompiled user dll's ...
Registered in 0.001803 seconds.
Begin MonoManager ReloadAssembly
Native extension for WindowsStandalone target not found
Refreshing native plugins compatible for Editor in 0.33 ms, found 1 plugins.
Preloading 0 native plugins for Editor in 0.00 ms.
Mono: successfully reloaded assembly
- Completed reload, in  0.549 seconds
Platform modules already initialized, skipping
Refreshing native plugins compatible for Editor in 0.38 ms, found 1 plugins.
Preloading 0 native plugins for Editor in 0.00 ms.
Unloading 2762 Unused Serialized files (Serialized files now loaded: 0)
System memory in use before: 111.3 MB.
System memory in use after: 111.2 MB.

Unloading 12 unused Assets to reduce memory usage. Loaded Objects now: 3286.
Total: 1.566200 ms (FindLiveObjects: 0.155200 ms CreateObjectMapping: 0.060100 ms MarkObjects: 1.223600 ms  DeleteObjects: 0.126300 ms)

========================================================================
Received Import Request.
  Time since last request: 119.115306 seconds.
  path: Assets/Sprict
  artifactKey: Guid(5a0560b6470ce834ea1a23fe62cf2192) Importer(815301076,1909f56bfc062723c751e8b465ee728b)
Start importing Assets/Sprict using Guid(5a0560b6470ce834ea1a23fe62cf2192) Importer(815301076,1909f56bfc062723c751e8b465ee728b)  -> (artifact id: '675843d2077e232da119ec27527fca7b') in 0.007395 seconds 
========================================================================
Received Import Request.
  Time since last request: 19.307989 seconds.
  path: Assets/Sprict/again.cs
  artifactKey: Guid(41a18d3011d3b3c4bb1e0f394ac8d183) Importer(815301076,1909f56bfc062723c751e8b465ee728b)
Start importing Assets/Sprict/again.cs using Guid(41a18d3011d3b3c4bb1e0f394ac8d183) Importer(815301076,1909f56bfc062723c751e8b465ee728b)  -> (artifact id: 'f2483ec0fa53b4b6a8f77fef6854ecf2') in 0.011118 seconds 
========================================================================
Received Prepare
Registering precompiled user dll's ...
Registered in 0.001866 seconds.
Begin MonoManager ReloadAssembly
Native extension for WindowsStandalone target not found
Refreshing native plugins compatible for Editor in 0.35 ms, found 1 plugins.
Preloading 0 native plugins for Editor in 0.00 ms.
Mono: successfully reloaded assembly
- Completed reload, in  0.550 seconds
Platform modules already initialized, skipping
Refreshing native plugins compatible for Editor in 0.53 ms, found 1 plugins.
Preloading 0 native plugins for Editor in 0.00 ms.
Unloading 2763 Unused Serialized files (Serialized files now loaded: 0)
System memory in use before: 111.4 MB.
System memory in use after: 111.3 MB.

Unloading 12 unused Assets to reduce memory usage. Loaded Objects now: 3290.
Total: 2.826100 ms (FindLiveObjects: 0.194800 ms CreateObjectMapping: 0.078900 ms MarkObjects: 2.350000 ms  DeleteObjects: 0.201000 ms)

========================================================================
Received Prepare
Registering precompiled user dll's ...
Registered in 0.002670 seconds.
Begin MonoManager ReloadAssembly
Native extension for WindowsStandalone target not found
Refreshing native plugins compatible for Editor in 0.33 ms, found 1 plugins.
Preloading 0 native plugins for Editor in 0.00 ms.
Mono: successfully reloaded assembly
- Completed reload, in  0.541 seconds
Platform modules already initialized, skipping
Refreshing native plugins compatible for Editor in 0.50 ms, found 1 plugins.
Preloading 0 native plugins for Editor in 0.00 ms.
Unloading 2763 Unused Serialized files (Serialized files now loaded: 0)
System memory in use before: 111.5 MB.
System memory in use after: 111.3 MB.

Unloading 12 unused Assets to reduce memory usage. Loaded Objects now: 3293.
Total: 2.015300 ms (FindLiveObjects: 0.159000 ms CreateObjectMapping: 0.089700 ms MarkObjects: 1.548300 ms  DeleteObjects: 0.217000 ms)

========================================================================
Received Import Request.
  Time since last request: 228.460483 seconds.
  path: Assets/Sprict/again.cs
  artifactKey: Guid(41a18d3011d3b3c4bb1e0f394ac8d183) Importer(815301076,1909f56bfc062723c751e8b465ee728b)
Start importing Assets/Sprict/again.cs using Guid(41a18d3011d3b3c4bb1e0f394ac8d183) Importer(815301076,1909f56bfc062723c751e8b465ee728b)  -> (artifact id: '9f6adbe150908427fbcb3f28cbdbb6b5') in 0.003998 seconds 
========================================================================
Received Prepare
Registering precompiled user dll's ...
Registered in 0.001767 seconds.
Begin MonoManager ReloadAssembly
Native extension for WindowsStandalone target not found
Refreshing native plugins compatible for Editor in 0.33 ms, found 1 plugins.
Preloading 0 native plugins for Editor in 0.00 ms.
Mono: successfully reloaded assembly
- Completed reload, in  0.541 seconds
Platform modules already initialized, skipping
Refreshing native plugins compatible for Editor in 0.49 ms, found 1 plugins.
Preloading 0 native plugins for Editor in 0.00 ms.
Unloading 2763 Unused Serialized files (Serialized files now loaded: 0)
System memory in use before: 111.4 MB.
System memory in use after: 111.3 MB.

Unloading 12 unused Assets to reduce memory usage. Loaded Objects now: 3296.
Total: 2.186900 ms (FindLiveObjects: 0.202600 ms CreateObjectMapping: 0.089300 ms MarkObjects: 1.669600 ms  DeleteObjects: 0.224700 ms)

========================================================================
Received Prepare
Registering precompiled user dll's ...
Registered in 0.001724 seconds.
Begin MonoManager ReloadAssembly
Native extension for WindowsStandalone target not found
Refreshing native plugins compatible for Editor in 0.35 ms, found 1 plugins.
Preloading 0 native plugins for Editor in 0.00 ms.
Mono: successfully reloaded assembly
- Completed reload, in  0.545 seconds
Platform modules already initialized, skipping
Refreshing native plugins compatible for Editor in 0.68 ms, found 1 plugins.
Preloading 0 native plugins for Editor in 0.00 ms.
Unloading 2763 Unused Serialized files (Serialized files now loaded: 0)
System memory in use before: 111.5 MB.
System memory in use after: 111.3 MB.

Unloading 12 unused Assets to reduce memory usage. Loaded Objects now: 3299.
Total: 2.402400 ms (FindLiveObjects: 0.405400 ms CreateObjectMapping: 0.092000 ms MarkObjects: 1.683800 ms  DeleteObjects: 0.219800 ms)

========================================================================
Received Import Request.
  Time since last request: 252.127138 seconds.
  path: ProjectSettings/TagManager.asset
  artifactKey: Guid(00000000000000003000000000000000) Importer(815301076,1909f56bfc062723c751e8b465ee728b)
Start importing ProjectSettings/TagManager.asset using Guid(00000000000000003000000000000000) Importer(815301076,1909f56bfc062723c751e8b465ee728b)  -> (artifact id: 'b5a07691cfed3d667b3bb63b8b71d3a3') in 0.018978 seconds 
========================================================================
Received Prepare
Registering precompiled user dll's ...
Registered in 0.001761 seconds.
Begin MonoManager ReloadAssembly
Native extension for WindowsStandalone target not found
Refreshing native plugins compatible for Editor in 0.33 ms, found 1 plugins.
Preloading 0 native plugins for Editor in 0.00 ms.
Mono: successfully reloaded assembly
- Completed reload, in  0.542 seconds
Platform modules already initialized, skipping
Refreshing native plugins compatible for Editor in 0.50 ms, found 1 plugins.
Preloading 0 native plugins for Editor in 0.00 ms.
Unloading 2763 Unused Serialized files (Serialized files now loaded: 0)
System memory in use before: 111.5 MB.
System memory in use after: 111.4 MB.

Unloading 13 unused Assets to reduce memory usage. Loaded Objects now: 3302.
Total: 1.992700 ms (FindLiveObjects: 0.212300 ms CreateObjectMapping: 0.101000 ms MarkObjects: 1.510300 ms  DeleteObjects: 0.168200 ms)

========================================================================
Received Import Request.
  Time since last request: 84.773050 seconds.
  path: Assets/Sprict/again.cs
  artifactKey: Guid(41a18d3011d3b3c4bb1e0f394ac8d183) Importer(815301076,1909f56bfc062723c751e8b465ee728b)
Start importing Assets/Sprict/again.cs using Guid(41a18d3011d3b3c4bb1e0f394ac8d183) Importer(815301076,1909f56bfc062723c751e8b465ee728b)  -> (artifact id: '5d134cbb9f81e1db8d72e45629eaf955') in 0.003621 seconds 
========================================================================
Received Prepare
Registering precompiled user dll's ...
Registered in 0.001868 seconds.
Begin MonoManager ReloadAssembly
Native extension for WindowsStandalone target not found
Refreshing native plugins compatible for Editor in 0.33 ms, found 1 plugins.
Preloading 0 native plugins for Editor in 0.00 ms.
Mono: successfully reloaded assembly
- Completed reload, in  0.541 seconds
Platform modules already initialized, skipping
Refreshing native plugins compatible for Editor in 0.48 ms, found 1 plugins.
Preloading 0 native plugins for Editor in 0.00 ms.
Unloading 2763 Unused Serialized files (Serialized files now loaded: 0)
System memory in use before: 111.5 MB.
System memory in use after: 111.4 MB.

Unloading 12 unused Assets to reduce memory usage. Loaded Objects now: 3305.
Total: 1.708400 ms (FindLiveObjects: 0.196300 ms CreateObjectMapping: 0.125600 ms MarkObjects: 1.208600 ms  DeleteObjects: 0.177000 ms)

========================================================================
Received Import Request.
  Time since last request: 31.119944 seconds.
  path: Assets/Sprict/again.cs
  artifactKey: Guid(41a18d3011d3b3c4bb1e0f394ac8d183) Importer(815301076,1909f56bfc062723c751e8b465ee728b)
Start importing Assets/Sprict/again.cs using Guid(41a18d3011d3b3c4bb1e0f394ac8d183) Importer(815301076,1909f56bfc062723c751e8b465ee728b)  -> (artifact id: '5315fae63a3bd5f5d574b874cd883ce1') in 0.004049 seconds 
========================================================================
Received Prepare
Registering precompiled user dll's ...
Registered in 0.001860 seconds.
Begin MonoManager ReloadAssembly
Native extension for WindowsStandalone target not found
Refreshing native plugins compatible for Editor in 0.36 ms, found 1 plugins.
Preloading 0 native plugins for Editor in 0.00 ms.
Mono: successfully reloaded assembly
- Completed reload, in  0.544 seconds
Platform modules already initialized, skipping
Refreshing native plugins compatible for Editor in 0.57 ms, found 1 plugins.
Preloading 0 native plugins for Editor in 0.00 ms.
Unloading 2763 Unused Serialized files (Serialized files now loaded: 0)
System memory in use before: 111.5 MB.
System memory in use after: 111.4 MB.

Unloading 12 unused Assets to reduce memory usage. Loaded Objects now: 3308.
Total: 2.437400 ms (FindLiveObjects: 0.323300 ms CreateObjectMapping: 0.171100 ms MarkObjects: 1.731500 ms  DeleteObjects: 0.209300 ms)

========================================================================
Received Prepare
Registering precompiled user dll's ...
Registered in 0.001733 seconds.
Begin MonoManager ReloadAssembly
Native extension for WindowsStandalone target not found
Refreshing native plugins compatible for Editor in 0.47 ms, found 1 plugins.
Preloading 0 native plugins for Editor in 0.00 ms.
Mono: successfully reloaded assembly
- Completed reload, in  0.571 seconds
Platform modules already initialized, skipping
Refreshing native plugins compatible for Editor in 0.54 ms, found 1 plugins.
Preloading 0 native plugins for Editor in 0.00 ms.
Unloading 2763 Unused Serialized files (Serialized files now loaded: 0)
System memory in use before: 111.5 MB.
System memory in use after: 111.4 MB.

Unloading 12 unused Assets to reduce memory usage. Loaded Objects now: 3311.
Total: 2.308600 ms (FindLiveObjects: 0.170700 ms CreateObjectMapping: 0.063300 ms MarkObjects: 1.847600 ms  DeleteObjects: 0.225800 ms)

========================================================================
Received Import Request.
  Time since last request: 82.375437 seconds.
  path: Assets/Sprict/again.cs
  artifactKey: Guid(41a18d3011d3b3c4bb1e0f394ac8d183) Importer(815301076,1909f56bfc062723c751e8b465ee728b)
Start importing Assets/Sprict/again.cs using Guid(41a18d3011d3b3c4bb1e0f394ac8d183) Importer(815301076,1909f56bfc062723c751e8b465ee728b)  -> (artifact id: 'd32ce77ee8edda32c35eaec597b0520f') in 0.003969 seconds 
========================================================================
Received Prepare
Registering precompiled user dll's ...
Registered in 0.001796 seconds.
Begin MonoManager ReloadAssembly
Native extension for WindowsStandalone target not found
Refreshing native plugins compatible for Editor in 0.49 ms, found 1 plugins.
Preloading 0 native plugins for Editor in 0.00 ms.
Mono: successfully reloaded assembly
- Completed reload, in  0.588 seconds
Platform modules already initialized, skipping
Refreshing native plugins compatible for Editor in 0.33 ms, found 1 plugins.
Preloading 0 native plugins for Editor in 0.00 ms.
Unloading 2763 Unused Serialized files (Serialized files now loaded: 0)
System memory in use before: 111.5 MB.
System memory in use after: 111.4 MB.

Unloading 12 unused Assets to reduce memory usage. Loaded Objects now: 3314.
Total: 1.754400 ms (FindLiveObjects: 0.143700 ms CreateObjectMapping: 0.056700 ms MarkObjects: 1.350700 ms  DeleteObjects: 0.202300 ms)

AssetImportWorkerClient::OnTransportError - code=2 error=End of file
