Using pre-set license
Built from '2021.1/release' branch; Version is '2021.1.0f1 (61a549675243) revision 6399305'; Using compiler version '192528614'; Build Type 'Release'
OS: 'Windows 10 Home; OS build 22621.1413; Version 2009; 64bit' Language: 'zh' Physical Memory: 15791 MB
BatchMode: 1, IsHumanControllingUs: 0, StartBugReporterOnCrash: 0, Is64bit: 1, IsPro: 0

 COMMAND LINE ARGUMENTS:
C:\Program Files\Unity 2021.1.0f1\Editor\Unity.exe
-adb2
-batchMode
-noUpm
-name
AssetImportWorker0
-projectPath
C:/Users/0052s/OneDrive/Documents/GitHub/WildRunner/WildRunnerUI/WildRunnerUI
-logFile
Logs/AssetImportWorker0.log
-srvPort
57382
Successfully changed project path to: C:/Users/0052s/OneDrive/Documents/GitHub/WildRunner/WildRunnerUI/WildRunnerUI
C:/Users/0052s/OneDrive/Documents/GitHub/WildRunner/WildRunnerUI/WildRunnerUI
Using Asset Import Pipeline V2.
Refreshing native plugins compatible for Editor in 84.50 ms, found 6 plugins.
Preloading 1 native plugins for Editor in 15.34 ms.
Initialize engine version: 2021.1.0f1 (61a549675243)
[Subsystems] Discovering subsystems at path C:/Program Files/Unity 2021.1.0f1/Editor/Data/Resources/UnitySubsystems
[Subsystems] Discovering subsystems at path C:/Users/0052s/OneDrive/Documents/GitHub/WildRunner/WildRunnerUI/WildRunnerUI/Assets
GfxDevice: creating device client; threaded=0; jobified=0
Direct3D:
    Version:  Direct3D 11.0 [level 11.1]
    Renderer: NVIDIA GeForce GTX 1650 Ti (ID=0x1f95)
    Vendor:   NVIDIA
    VRAM:     3962 MB
    Driver:   31.0.15.1640
Initialize mono
Mono path[0] = 'C:/Program Files/Unity 2021.1.0f1/Editor/Data/Managed'
Mono path[1] = 'C:/Program Files/Unity 2021.1.0f1/Editor/Data/MonoBleedingEdge/lib/mono/unityjit'
Mono config path = 'C:/Program Files/Unity 2021.1.0f1/Editor/Data/MonoBleedingEdge/etc'
Using monoOptions --debugger-agent=transport=dt_socket,embedding=1,server=y,suspend=n,address=127.0.0.1:56000
Begin MonoManager ReloadAssembly
Registering precompiled unity dll's ...
Register platform support module: C:/Program Files/Unity 2021.1.0f1/Editor/Data/PlaybackEngines/WindowsStandaloneSupport/UnityEditor.WindowsStandalone.Extensions.dll
Registered in 0.004057 seconds.
Native extension for WindowsStandalone target not found
Refreshing native plugins compatible for Editor in 47.54 ms, found 6 plugins.
Preloading 1 native plugins for Editor in 0.28 ms.
Mono: successfully reloaded assembly
- Completed reload, in  3.953 seconds
Platform modules already initialized, skipping
Registering precompiled user dll's ...
Registered in 0.018910 seconds.
Begin MonoManager ReloadAssembly
Native extension for WindowsStandalone target not found
Refreshing native plugins compatible for Editor in 0.58 ms, found 6 plugins.
Preloading 1 native plugins for Editor in 0.22 ms.
Mono: successfully reloaded assembly
- Completed reload, in  1.029 seconds
Platform modules already initialized, skipping
========================================================================
Worker process is ready to serve import requests
Launched and connected shader compiler UnityShaderCompiler.exe after 0.11 seconds
Refreshing native plugins compatible for Editor in 0.61 ms, found 6 plugins.
Preloading 1 native plugins for Editor in 0.36 ms.
Unloading 1458 Unused Serialized files (Serialized files now loaded: 0)
System memory in use before: 71.1 MB.
System memory in use after: 71.2 MB.

Unloading 11 unused Assets to reduce memory usage. Loaded Objects now: 1918.
Total: 3.685200 ms (FindLiveObjects: 0.743000 ms CreateObjectMapping: 0.105300 ms MarkObjects: 2.764000 ms  DeleteObjects: 0.071000 ms)

========================================================================
Received Import Request.
  path: Assets/Animations/Scene1/CreditsIdle.anim
  artifactKey: Guid(cde0232021eda244080c12adf3da5376) Importer(815301076,1909f56bfc062723c751e8b465ee728b)
Start importing Assets/Animations/Scene1/CreditsIdle.anim using Guid(cde0232021eda244080c12adf3da5376) Importer(815301076,1909f56bfc062723c751e8b465ee728b)  -> (artifact id: 'ef15a335470b274e00abe41c79f2d6fb') in 0.058817 seconds 
========================================================================
Received Import Request.
  Time since last request: 0.000536 seconds.
  path: Assets/Animations/Dedicated/Dialog.controller
  artifactKey: Guid(f8cfff49fda79cb458f13e110f044700) Importer(815301076,1909f56bfc062723c751e8b465ee728b)
Start importing Assets/Animations/Dedicated/Dialog.controller using Guid(f8cfff49fda79cb458f13e110f044700) Importer(815301076,1909f56bfc062723c751e8b465ee728b)  -> (artifact id: 'ada44369f15f25414fa8e87f86e328a3') in 0.016452 seconds 
========================================================================
Received Prepare
Refreshing native plugins compatible for Editor in 5.86 ms, found 6 plugins.
Preloading 1 native plugins for Editor in 0.26 ms.
Unloading 4 Unused Serialized files (Serialized files now loaded: 0)
System memory in use before: 40.8 MB.
System memory in use after: 40.9 MB.

Unloading 3 unused Assets to reduce memory usage. Loaded Objects now: 1918.
Total: 3.149000 ms (FindLiveObjects: 0.421300 ms CreateObjectMapping: 0.041900 ms MarkObjects: 2.662500 ms  DeleteObjects: 0.020500 ms)

========================================================================
Received Prepare
Registering precompiled user dll's ...
Registered in 0.029472 seconds.
Begin MonoManager ReloadAssembly
Native extension for WindowsStandalone target not found
Refreshing native plugins compatible for Editor in 0.81 ms, found 6 plugins.
Preloading 1 native plugins for Editor in 0.16 ms.
Mono: successfully reloaded assembly
- Completed reload, in  1.059 seconds
Platform modules already initialized, skipping
Refreshing native plugins compatible for Editor in 0.92 ms, found 6 plugins.
Preloading 1 native plugins for Editor in 0.30 ms.
Unloading 1421 Unused Serialized files (Serialized files now loaded: 0)
System memory in use before: 69.5 MB.
System memory in use after: 69.6 MB.

Unloading 6 unused Assets to reduce memory usage. Loaded Objects now: 1922.
Total: 2.402800 ms (FindLiveObjects: 0.272000 ms CreateObjectMapping: 0.067600 ms MarkObjects: 2.027300 ms  DeleteObjects: 0.032200 ms)

========================================================================
Received Prepare
Registering precompiled user dll's ...
Registered in 0.044521 seconds.
Begin MonoManager ReloadAssembly
Native extension for WindowsStandalone target not found
Refreshing native plugins compatible for Editor in 0.64 ms, found 6 plugins.
Preloading 1 native plugins for Editor in 0.18 ms.
Mono: successfully reloaded assembly
- Completed reload, in  1.079 seconds
Platform modules already initialized, skipping
Refreshing native plugins compatible for Editor in 0.83 ms, found 6 plugins.
Preloading 1 native plugins for Editor in 0.26 ms.
Unloading 1421 Unused Serialized files (Serialized files now loaded: 0)
System memory in use before: 69.5 MB.
System memory in use after: 69.6 MB.

Unloading 6 unused Assets to reduce memory usage. Loaded Objects now: 1926.
Total: 3.937700 ms (FindLiveObjects: 0.214200 ms CreateObjectMapping: 0.039100 ms MarkObjects: 3.658800 ms  DeleteObjects: 0.023000 ms)

========================================================================
Received Import Request.
  Time since last request: 1145.480587 seconds.
  path: Assets/Sprites/PS5 Button Icons and Controls/Buttons Full Solid/White
  artifactKey: Guid(9c199fc37063f9543b8bda79bf428c29) Importer(815301076,1909f56bfc062723c751e8b465ee728b)
Start importing Assets/Sprites/PS5 Button Icons and Controls/Buttons Full Solid/White using Guid(9c199fc37063f9543b8bda79bf428c29) Importer(815301076,1909f56bfc062723c751e8b465ee728b)  -> (artifact id: 'ed48b0d1952c6e1d08c24cc8c69ff724') in 0.013516 seconds 
========================================================================
Received Prepare
Registering precompiled user dll's ...
Registered in 0.031266 seconds.
Begin MonoManager ReloadAssembly
Native extension for WindowsStandalone target not found
Refreshing native plugins compatible for Editor in 1.14 ms, found 6 plugins.
Preloading 1 native plugins for Editor in 0.34 ms.
Mono: successfully reloaded assembly
- Completed reload, in  1.307 seconds
Platform modules already initialized, skipping
Refreshing native plugins compatible for Editor in 0.69 ms, found 6 plugins.
Preloading 1 native plugins for Editor in 0.27 ms.
Unloading 1421 Unused Serialized files (Serialized files now loaded: 0)
System memory in use before: 69.5 MB.
System memory in use after: 69.6 MB.

Unloading 6 unused Assets to reduce memory usage. Loaded Objects now: 1930.
Total: 3.047300 ms (FindLiveObjects: 0.267500 ms CreateObjectMapping: 0.063000 ms MarkObjects: 2.698600 ms  DeleteObjects: 0.016500 ms)

========================================================================
Received Import Request.
  Time since last request: 74.187986 seconds.
  path: Assets/Sprites/PS5 Button Icons and Controls/Buttons Full Solid/White/512w/Circle.png
  artifactKey: Guid(55a2f2b67a38bba4f91180e3e80c5dad) Importer(815301076,1909f56bfc062723c751e8b465ee728b)
Start importing Assets/Sprites/PS5 Button Icons and Controls/Buttons Full Solid/White/512w/Circle.png using Guid(55a2f2b67a38bba4f91180e3e80c5dad) Importer(815301076,1909f56bfc062723c751e8b465ee728b)  -> (artifact id: '265da7245f9c665b859c50d6bc7aeeb0') in 0.164319 seconds 
========================================================================
Received Import Request.
  Time since last request: 121.965181 seconds.
  path: Assets/Sprites/PS5 Button Icons and Controls/Buttons Full Solid/White/512w/Left Stick Click.png
  artifactKey: Guid(acd46fcd9c7dd124ba7c9813a5a3b35e) Importer(815301076,1909f56bfc062723c751e8b465ee728b)
Start importing Assets/Sprites/PS5 Button Icons and Controls/Buttons Full Solid/White/512w/Left Stick Click.png using Guid(acd46fcd9c7dd124ba7c9813a5a3b35e) Importer(815301076,1909f56bfc062723c751e8b465ee728b)  -> (artifact id: '08c071eaab5c8019038681632a96c5b0') in 0.020503 seconds 
========================================================================
Received Import Request.
  Time since last request: 0.343926 seconds.
  path: Assets/Sprites/PS5 Button Icons and Controls/Buttons Full Solid/White/512w/Left Stick Down.png
  artifactKey: Guid(a52ea67f8f71e424b8a5386e8bce5580) Importer(815301076,1909f56bfc062723c751e8b465ee728b)
Start importing Assets/Sprites/PS5 Button Icons and Controls/Buttons Full Solid/White/512w/Left Stick Down.png using Guid(a52ea67f8f71e424b8a5386e8bce5580) Importer(815301076,1909f56bfc062723c751e8b465ee728b)  -> (artifact id: 'bed45b44784079b1f5112057eeac926c') in 0.022134 seconds 
========================================================================
Received Prepare
Registering precompiled user dll's ...
Registered in 0.013485 seconds.
Begin MonoManager ReloadAssembly
Native extension for WindowsStandalone target not found
Refreshing native plugins compatible for Editor in 0.56 ms, found 6 plugins.
Preloading 1 native plugins for Editor in 0.20 ms.
Mono: successfully reloaded assembly
- Completed reload, in  0.880 seconds
Platform modules already initialized, skipping
Refreshing native plugins compatible for Editor in 0.52 ms, found 6 plugins.
Preloading 1 native plugins for Editor in 0.22 ms.
Unloading 1424 Unused Serialized files (Serialized files now loaded: 0)
System memory in use before: 75.4 MB.
System memory in use after: 75.5 MB.

Unloading 6 unused Assets to reduce memory usage. Loaded Objects now: 1985.
Total: 1.868300 ms (FindLiveObjects: 0.167600 ms CreateObjectMapping: 0.037900 ms MarkObjects: 1.640200 ms  DeleteObjects: 0.021200 ms)

========================================================================
Received Import Request.
  Time since last request: 657.985537 seconds.
  path: Assets/Sprites/PS5 Button Icons and Controls/Buttons Full Solid/White/512w/Right Stick Click.png
  artifactKey: Guid(619660e4b99bf7343aee0bb779085f62) Importer(815301076,1909f56bfc062723c751e8b465ee728b)
Start importing Assets/Sprites/PS5 Button Icons and Controls/Buttons Full Solid/White/512w/Right Stick Click.png using Guid(619660e4b99bf7343aee0bb779085f62) Importer(815301076,1909f56bfc062723c751e8b465ee728b)  -> (artifact id: 'df64bf66b21a4f6b90c61dd5b3f78860') in 0.095946 seconds 
========================================================================
Received Import Request.
  Time since last request: 0.660026 seconds.
  path: Assets/Sprites/PS5 Button Icons and Controls/Buttons Full Solid/White/512w/Right Stick Down.png
  artifactKey: Guid(1ff51ea55b07767478a15fa46581238b) Importer(815301076,1909f56bfc062723c751e8b465ee728b)
Start importing Assets/Sprites/PS5 Button Icons and Controls/Buttons Full Solid/White/512w/Right Stick Down.png using Guid(1ff51ea55b07767478a15fa46581238b) Importer(815301076,1909f56bfc062723c751e8b465ee728b)  -> (artifact id: 'e75e1242102a190b8b148b52bcf306f4') in 0.020928 seconds 
========================================================================
Received Import Request.
  Time since last request: 2.788543 seconds.
  path: Assets/Sprites/PS5 Button Icons and Controls/Buttons Full Solid/White/512w/Right Stick Left-Right.png
  artifactKey: Guid(e4063e2e38aa7e34cad774c2be928a33) Importer(815301076,1909f56bfc062723c751e8b465ee728b)
Start importing Assets/Sprites/PS5 Button Icons and Controls/Buttons Full Solid/White/512w/Right Stick Left-Right.png using Guid(e4063e2e38aa7e34cad774c2be928a33) Importer(815301076,1909f56bfc062723c751e8b465ee728b)  -> (artifact id: 'ad5643de298eddc0c5db4894f8119c62') in 0.020295 seconds 
========================================================================
Received Import Request.
  Time since last request: 1.841073 seconds.
  path: Assets/Sprites/PS5 Button Icons and Controls/Buttons Full Solid/White/512w/Right Stick.png
  artifactKey: Guid(282542855d2c2c44d83f768f916ff6a3) Importer(815301076,1909f56bfc062723c751e8b465ee728b)
Start importing Assets/Sprites/PS5 Button Icons and Controls/Buttons Full Solid/White/512w/Right Stick.png using Guid(282542855d2c2c44d83f768f916ff6a3) Importer(815301076,1909f56bfc062723c751e8b465ee728b)  -> (artifact id: 'e1d8990e52bb5a6bd26c7dff47774a69') in 0.021444 seconds 
========================================================================
Received Import Request.
  Time since last request: 0.696330 seconds.
  path: Assets/Sprites/PS5 Button Icons and Controls/Buttons Full Solid/White/512w/Right Stick Up.png
  artifactKey: Guid(abb110d2ec6a85142aba23e243e7aa5a) Importer(815301076,1909f56bfc062723c751e8b465ee728b)
Start importing Assets/Sprites/PS5 Button Icons and Controls/Buttons Full Solid/White/512w/Right Stick Up.png using Guid(abb110d2ec6a85142aba23e243e7aa5a) Importer(815301076,1909f56bfc062723c751e8b465ee728b)  -> (artifact id: 'ad6f518f2314e13f22d5ed03c3809873') in 0.021947 seconds 
========================================================================
Received Import Request.
  Time since last request: 2.080922 seconds.
  path: Assets/Sprites/PS5 Button Icons and Controls/Buttons Full Solid/White/512w/Left Stick Up-Down.png
  artifactKey: Guid(02aa66323474a084eb927afc396eee9f) Importer(815301076,1909f56bfc062723c751e8b465ee728b)
Start importing Assets/Sprites/PS5 Button Icons and Controls/Buttons Full Solid/White/512w/Left Stick Up-Down.png using Guid(02aa66323474a084eb927afc396eee9f) Importer(815301076,1909f56bfc062723c751e8b465ee728b)  -> (artifact id: '4d50b4c5179a41ddd58a56724ef7ba28') in 0.018443 seconds 
========================================================================
Received Import Request.
  Time since last request: 0.586819 seconds.
  path: Assets/Sprites/PS5 Button Icons and Controls/Buttons Full Solid/White/512w/Left Stick.png
  artifactKey: Guid(c6d794dec85743b42ac13c227dd47714) Importer(815301076,1909f56bfc062723c751e8b465ee728b)
Start importing Assets/Sprites/PS5 Button Icons and Controls/Buttons Full Solid/White/512w/Left Stick.png using Guid(c6d794dec85743b42ac13c227dd47714) Importer(815301076,1909f56bfc062723c751e8b465ee728b)  -> (artifact id: '22d4ba8d6fb898a353df5af43ef6bf55') in 0.020599 seconds 
========================================================================
Received Import Request.
  Time since last request: 1.703243 seconds.
  path: Assets/Sprites/PS5 Button Icons and Controls/Buttons Full Solid/White/512w/L2.png
  artifactKey: Guid(8f7fd761e7014ea4fa640d1fe0853b70) Importer(815301076,1909f56bfc062723c751e8b465ee728b)
Start importing Assets/Sprites/PS5 Button Icons and Controls/Buttons Full Solid/White/512w/L2.png using Guid(8f7fd761e7014ea4fa640d1fe0853b70) Importer(815301076,1909f56bfc062723c751e8b465ee728b)  -> (artifact id: '1e1db53c68f1e1994eec496eeb6d2f7b') in 0.022590 seconds 
========================================================================
Received Import Request.
  Time since last request: 0.678212 seconds.
  path: Assets/Sprites/PS5 Button Icons and Controls/Buttons Full Solid/White/512w/L1.png
  artifactKey: Guid(583bee12c66a7fb47907c84db005b43f) Importer(815301076,1909f56bfc062723c751e8b465ee728b)
Start importing Assets/Sprites/PS5 Button Icons and Controls/Buttons Full Solid/White/512w/L1.png using Guid(583bee12c66a7fb47907c84db005b43f) Importer(815301076,1909f56bfc062723c751e8b465ee728b)  -> (artifact id: '30ad7a4999fd37066180300e5685f5b3') in 0.019564 seconds 
========================================================================
Received Import Request.
  Time since last request: 2.842152 seconds.
  path: Assets/Sprites/PS5 Button Icons and Controls/Buttons Full Solid/White/512w/D-Pad Up.png
  artifactKey: Guid(2b68dce254089204fb9d957a733a3584) Importer(815301076,1909f56bfc062723c751e8b465ee728b)
Start importing Assets/Sprites/PS5 Button Icons and Controls/Buttons Full Solid/White/512w/D-Pad Up.png using Guid(2b68dce254089204fb9d957a733a3584) Importer(815301076,1909f56bfc062723c751e8b465ee728b)  -> (artifact id: '5ef594a4f274f3bc15937e51b0ba00be') in 0.021928 seconds 
========================================================================
Received Import Request.
  Time since last request: 0.757663 seconds.
  path: Assets/Sprites/PS5 Button Icons and Controls/Buttons Full Solid/White/512w/D-Pad.png
  artifactKey: Guid(7c96a9e5880496949bffc1a6014178ba) Importer(815301076,1909f56bfc062723c751e8b465ee728b)
Start importing Assets/Sprites/PS5 Button Icons and Controls/Buttons Full Solid/White/512w/D-Pad.png using Guid(7c96a9e5880496949bffc1a6014178ba) Importer(815301076,1909f56bfc062723c751e8b465ee728b)  -> (artifact id: 'b68512d21a97bdf3630bc5598e0390c3') in 0.020656 seconds 
========================================================================
Received Import Request.
  Time since last request: 1.559406 seconds.
  path: Assets/Sprites/PS5 Button Icons and Controls/Buttons Full Solid/White/512w/D-Pad Right.png
  artifactKey: Guid(83cc1d27446d11b4c817247364e36d30) Importer(815301076,1909f56bfc062723c751e8b465ee728b)
Start importing Assets/Sprites/PS5 Button Icons and Controls/Buttons Full Solid/White/512w/D-Pad Right.png using Guid(83cc1d27446d11b4c817247364e36d30) Importer(815301076,1909f56bfc062723c751e8b465ee728b)  -> (artifact id: '9c79978ad0b24b7c93cba32d5bb344c0') in 0.021868 seconds 
========================================================================
Received Import Request.
  Time since last request: 0.476598 seconds.
  path: Assets/Sprites/PS5 Button Icons and Controls/Buttons Full Solid/White/512w/D-Pad Left.png
  artifactKey: Guid(da2b9fcd5de3dda4faeb6cc8cc08a356) Importer(815301076,1909f56bfc062723c751e8b465ee728b)
Start importing Assets/Sprites/PS5 Button Icons and Controls/Buttons Full Solid/White/512w/D-Pad Left.png using Guid(da2b9fcd5de3dda4faeb6cc8cc08a356) Importer(815301076,1909f56bfc062723c751e8b465ee728b)  -> (artifact id: '139fa3d466af2d0ea46f5eeaeb8ff2ef') in 0.023034 seconds 
========================================================================
Received Import Request.
  Time since last request: 0.524285 seconds.
  path: Assets/Sprites/PS5 Button Icons and Controls/Buttons Full Solid/White/512w/D-Pad Down.png
  artifactKey: Guid(34ba6597bd8dbb0449c25b922cc0d363) Importer(815301076,1909f56bfc062723c751e8b465ee728b)
Start importing Assets/Sprites/PS5 Button Icons and Controls/Buttons Full Solid/White/512w/D-Pad Down.png using Guid(34ba6597bd8dbb0449c25b922cc0d363) Importer(815301076,1909f56bfc062723c751e8b465ee728b)  -> (artifact id: 'd9672a9e76f73333a8b0af065fc41bbc') in 0.021433 seconds 
AssetImportWorkerClient::OnTransportError - code=2 error=End of file
