Using pre-set license
Built from '2021.1/release' branch; Version is '2021.1.0f1 (61a549675243) revision 6399305'; Using compiler version '192528614'; Build Type 'Release'
OS: 'Windows 10 Home; OS build 22621.1702; Version 2009; 64bit' Language: 'en' Physical Memory: 15791 MB
BatchMode: 1, IsHumanControllingUs: 0, StartBugReporterOnCrash: 0, Is64bit: 1, IsPro: 0

 COMMAND LINE ARGUMENTS:
C:\Program Files\Unity 2021.1.0f1\Editor\Unity.exe
-adb2
-batchMode
-noUpm
-name
AssetImportWorker0
-projectPath
C:/Users/0052s/OneDrive/Documents/GitHub/WildRunner/SampleLevel
-logFile
Logs/AssetImportWorker0.log
-srvPort
56853
Successfully changed project path to: C:/Users/0052s/OneDrive/Documents/GitHub/WildRunner/SampleLevel
C:/Users/0052s/OneDrive/Documents/GitHub/WildRunner/SampleLevel
Using Asset Import Pipeline V2.
Refreshing native plugins compatible for Editor in 103.07 ms, found 1 plugins.
Preloading 0 native plugins for Editor in 0.00 ms.
Initialize engine version: 2021.1.0f1 (61a549675243)
[Subsystems] Discovering subsystems at path C:/Program Files/Unity 2021.1.0f1/Editor/Data/Resources/UnitySubsystems
[Subsystems] Discovering subsystems at path C:/Users/0052s/OneDrive/Documents/GitHub/WildRunner/SampleLevel/Assets
GfxDevice: creating device client; threaded=0; jobified=0
Direct3D:
    Version:  Direct3D 11.0 [level 11.1]
    Renderer: NVIDIA GeForce GTX 1650 Ti (ID=0x1f95)
    Vendor:   NVIDIA
    VRAM:     3962 MB
    Driver:   31.0.15.1640
Initialize mono
Mono path[0] = 'C:/Program Files/Unity 2021.1.0f1/Editor/Data/Managed'
Mono path[1] = 'C:/Program Files/Unity 2021.1.0f1/Editor/Data/MonoBleedingEdge/lib/mono/unityjit'
Mono config path = 'C:/Program Files/Unity 2021.1.0f1/Editor/Data/MonoBleedingEdge/etc'
Using monoOptions --debugger-agent=transport=dt_socket,embedding=1,server=y,suspend=n,address=127.0.0.1:56632
Begin MonoManager ReloadAssembly
Registering precompiled unity dll's ...
Register platform support module: C:/Program Files/Unity 2021.1.0f1/Editor/Data/PlaybackEngines/WindowsStandaloneSupport/UnityEditor.WindowsStandalone.Extensions.dll
Registered in 0.002888 seconds.
Native extension for WindowsStandalone target not found
Refreshing native plugins compatible for Editor in 102.60 ms, found 1 plugins.
Preloading 0 native plugins for Editor in 0.00 ms.
Mono: successfully reloaded assembly
- Completed reload, in  1.794 seconds
Platform modules already initialized, skipping
Registering precompiled user dll's ...
Registered in 0.014065 seconds.
Begin MonoManager ReloadAssembly
Native extension for WindowsStandalone target not found
Refreshing native plugins compatible for Editor in 104.03 ms, found 1 plugins.
Preloading 0 native plugins for Editor in 0.00 ms.
Mono: successfully reloaded assembly
- Completed reload, in  2.008 seconds
Platform modules already initialized, skipping
========================================================================
Worker process is ready to serve import requests
Launched and connected shader compiler UnityShaderCompiler.exe after 0.07 seconds
Refreshing native plugins compatible for Editor in 0.76 ms, found 1 plugins.
Preloading 0 native plugins for Editor in 0.00 ms.
Unloading 3772 Unused Serialized files (Serialized files now loaded: 0)
System memory in use before: 154.1 MB.
System memory in use after: 153.9 MB.

Unloading 26 unused Assets to reduce memory usage. Loaded Objects now: 4223.
Total: 3.514700 ms (FindLiveObjects: 0.474200 ms CreateObjectMapping: 0.125200 ms MarkObjects: 2.679500 ms  DeleteObjects: 0.234600 ms)

========================================================================
Received Import Request.
  path: Packages/com.unity.inputsystem
  artifactKey: Guid(77f6a1a5fdaf4eb381a13f21eadbbce0) Importer(815301076,1909f56bfc062723c751e8b465ee728b)
Start importing Packages/com.unity.inputsystem using Guid(77f6a1a5fdaf4eb381a13f21eadbbce0) Importer(815301076,1909f56bfc062723c751e8b465ee728b)  -> (artifact id: '7ec53bc353abf36ecf1bdf8f41ba367f') in 0.011824 seconds 
========================================================================
Received Prepare
Registering precompiled user dll's ...
Registered in 0.013256 seconds.
Begin MonoManager ReloadAssembly
Native extension for WindowsStandalone target not found
Refreshing native plugins compatible for Editor in 0.85 ms, found 1 plugins.
Preloading 0 native plugins for Editor in 0.00 ms.
Mono: successfully reloaded assembly
- Completed reload, in  1.224 seconds
Platform modules already initialized, skipping
Refreshing native plugins compatible for Editor in 0.96 ms, found 1 plugins.
Preloading 0 native plugins for Editor in 0.00 ms.
Unloading 3737 Unused Serialized files (Serialized files now loaded: 0)
System memory in use before: 151.8 MB.
System memory in use after: 151.7 MB.

Unloading 19 unused Assets to reduce memory usage. Loaded Objects now: 4226.
Total: 3.447100 ms (FindLiveObjects: 0.325200 ms CreateObjectMapping: 0.106100 ms MarkObjects: 2.778200 ms  DeleteObjects: 0.236100 ms)

========================================================================
Received Prepare
Registering precompiled user dll's ...
Registered in 0.018970 seconds.
Begin MonoManager ReloadAssembly
Native extension for WindowsStandalone target not found
Refreshing native plugins compatible for Editor in 0.97 ms, found 1 plugins.
Preloading 0 native plugins for Editor in 0.00 ms.
Mono: successfully reloaded assembly
- Completed reload, in  1.358 seconds
Platform modules already initialized, skipping
Refreshing native plugins compatible for Editor in 1.17 ms, found 1 plugins.
Preloading 0 native plugins for Editor in 0.00 ms.
Unloading 3737 Unused Serialized files (Serialized files now loaded: 0)
System memory in use before: 151.9 MB.
System memory in use after: 151.8 MB.

Unloading 19 unused Assets to reduce memory usage. Loaded Objects now: 4229.
Total: 5.426100 ms (FindLiveObjects: 0.696100 ms CreateObjectMapping: 0.371400 ms MarkObjects: 4.131800 ms  DeleteObjects: 0.224600 ms)

========================================================================
Received Prepare
Registering precompiled user dll's ...
Registered in 0.017375 seconds.
Begin MonoManager ReloadAssembly
Native extension for WindowsStandalone target not found
Refreshing native plugins compatible for Editor in 0.79 ms, found 1 plugins.
Preloading 0 native plugins for Editor in 0.00 ms.
Mono: successfully reloaded assembly
- Completed reload, in  1.200 seconds
Platform modules already initialized, skipping
Refreshing native plugins compatible for Editor in 0.80 ms, found 1 plugins.
Preloading 0 native plugins for Editor in 0.00 ms.
Unloading 3737 Unused Serialized files (Serialized files now loaded: 0)
System memory in use before: 151.9 MB.
System memory in use after: 151.9 MB.

Unloading 19 unused Assets to reduce memory usage. Loaded Objects now: 4232.
Total: 3.977300 ms (FindLiveObjects: 0.404100 ms CreateObjectMapping: 0.129000 ms MarkObjects: 3.230500 ms  DeleteObjects: 0.211800 ms)

========================================================================
Received Import Request.
  Time since last request: 1238.982150 seconds.
  path: Assets/Builds
  artifactKey: Guid(56493ff77db7c7a46b685c0f7dd566e8) Importer(815301076,1909f56bfc062723c751e8b465ee728b)
Start importing Assets/Builds using Guid(56493ff77db7c7a46b685c0f7dd566e8) Importer(815301076,1909f56bfc062723c751e8b465ee728b)  -> (artifact id: 'd28b5196b940ae658265516add89a1da') in 0.015218 seconds 
========================================================================
Received Prepare
Registering precompiled user dll's ...
Registered in 0.019730 seconds.
Begin MonoManager ReloadAssembly
Native extension for WindowsStandalone target not found
Refreshing native plugins compatible for Editor in 0.94 ms, found 1 plugins.
Preloading 0 native plugins for Editor in 0.00 ms.
Mono: successfully reloaded assembly
- Completed reload, in  1.247 seconds
Platform modules already initialized, skipping
Refreshing native plugins compatible for Editor in 0.85 ms, found 1 plugins.
Preloading 0 native plugins for Editor in 0.00 ms.
Unloading 3737 Unused Serialized files (Serialized files now loaded: 0)
System memory in use before: 152.0 MB.
System memory in use after: 151.9 MB.

Unloading 19 unused Assets to reduce memory usage. Loaded Objects now: 4235.
Total: 4.105100 ms (FindLiveObjects: 0.748900 ms CreateObjectMapping: 0.352700 ms MarkObjects: 2.754900 ms  DeleteObjects: 0.247300 ms)

========================================================================
Received Prepare
Registering precompiled user dll's ...
Registered in 0.013228 seconds.
Begin MonoManager ReloadAssembly
Native extension for WindowsStandalone target not found
Refreshing native plugins compatible for Editor in 1.01 ms, found 1 plugins.
Preloading 0 native plugins for Editor in 0.00 ms.
Mono: successfully reloaded assembly
- Completed reload, in  1.247 seconds
Platform modules already initialized, skipping
Refreshing native plugins compatible for Editor in 0.77 ms, found 1 plugins.
Preloading 0 native plugins for Editor in 0.00 ms.
Unloading 3737 Unused Serialized files (Serialized files now loaded: 0)
System memory in use before: 152.0 MB.
System memory in use after: 151.9 MB.

Unloading 19 unused Assets to reduce memory usage. Loaded Objects now: 4238.
Total: 4.079100 ms (FindLiveObjects: 0.452400 ms CreateObjectMapping: 0.293400 ms MarkObjects: 3.083900 ms  DeleteObjects: 0.246800 ms)

========================================================================
Received Prepare
Registering precompiled user dll's ...
Registered in 0.014639 seconds.
Begin MonoManager ReloadAssembly
Native extension for WindowsStandalone target not found
Refreshing native plugins compatible for Editor in 0.94 ms, found 1 plugins.
Preloading 0 native plugins for Editor in 0.00 ms.
Mono: successfully reloaded assembly
- Completed reload, in  1.238 seconds
Platform modules already initialized, skipping
Refreshing native plugins compatible for Editor in 0.83 ms, found 1 plugins.
Preloading 0 native plugins for Editor in 0.00 ms.
Unloading 3737 Unused Serialized files (Serialized files now loaded: 0)
System memory in use before: 152.0 MB.
System memory in use after: 151.9 MB.

Unloading 19 unused Assets to reduce memory usage. Loaded Objects now: 4241.
Total: 3.226500 ms (FindLiveObjects: 0.317600 ms CreateObjectMapping: 0.119600 ms MarkObjects: 2.545700 ms  DeleteObjects: 0.242000 ms)

========================================================================
Received Prepare
Registering precompiled user dll's ...
Registered in 0.013951 seconds.
Begin MonoManager ReloadAssembly
Native extension for WindowsStandalone target not found
Refreshing native plugins compatible for Editor in 1.11 ms, found 1 plugins.
Preloading 0 native plugins for Editor in 0.00 ms.
Mono: successfully reloaded assembly
- Completed reload, in  1.268 seconds
Platform modules already initialized, skipping
Refreshing native plugins compatible for Editor in 0.85 ms, found 1 plugins.
Preloading 0 native plugins for Editor in 0.00 ms.
Unloading 3737 Unused Serialized files (Serialized files now loaded: 0)
System memory in use before: 152.1 MB.
System memory in use after: 151.9 MB.

Unloading 19 unused Assets to reduce memory usage. Loaded Objects now: 4244.
Total: 6.670300 ms (FindLiveObjects: 0.789700 ms CreateObjectMapping: 0.367700 ms MarkObjects: 5.084300 ms  DeleteObjects: 0.426200 ms)

========================================================================
Received Prepare
Registering precompiled user dll's ...
Registered in 0.013058 seconds.
Begin MonoManager ReloadAssembly
Native extension for WindowsStandalone target not found
Refreshing native plugins compatible for Editor in 1.22 ms, found 1 plugins.
Preloading 0 native plugins for Editor in 0.00 ms.
Mono: successfully reloaded assembly
- Completed reload, in  1.202 seconds
Platform modules already initialized, skipping
Refreshing native plugins compatible for Editor in 0.95 ms, found 1 plugins.
Preloading 0 native plugins for Editor in 0.00 ms.
Unloading 3737 Unused Serialized files (Serialized files now loaded: 0)
System memory in use before: 152.1 MB.
System memory in use after: 151.9 MB.

Unloading 19 unused Assets to reduce memory usage. Loaded Objects now: 4247.
Total: 4.232500 ms (FindLiveObjects: 0.416800 ms CreateObjectMapping: 0.211400 ms MarkObjects: 3.336700 ms  DeleteObjects: 0.266300 ms)

========================================================================
Received Prepare
Registering precompiled user dll's ...
Registered in 0.015612 seconds.
Begin MonoManager ReloadAssembly
Native extension for WindowsStandalone target not found
Refreshing native plugins compatible for Editor in 1.40 ms, found 1 plugins.
Preloading 0 native plugins for Editor in 0.00 ms.
Mono: successfully reloaded assembly
- Completed reload, in  1.241 seconds
Platform modules already initialized, skipping
Refreshing native plugins compatible for Editor in 0.84 ms, found 1 plugins.
Preloading 0 native plugins for Editor in 0.00 ms.
Unloading 3737 Unused Serialized files (Serialized files now loaded: 0)
System memory in use before: 152.1 MB.
System memory in use after: 151.9 MB.

Unloading 19 unused Assets to reduce memory usage. Loaded Objects now: 4250.
Total: 3.716000 ms (FindLiveObjects: 0.431600 ms CreateObjectMapping: 0.216000 ms MarkObjects: 2.782200 ms  DeleteObjects: 0.284400 ms)

========================================================================
Received Prepare
Registering precompiled user dll's ...
Registered in 0.018750 seconds.
Begin MonoManager ReloadAssembly
Native extension for WindowsStandalone target not found
Refreshing native plugins compatible for Editor in 1.36 ms, found 1 plugins.
Preloading 0 native plugins for Editor in 0.00 ms.
Mono: successfully reloaded assembly
- Completed reload, in  1.380 seconds
Platform modules already initialized, skipping
Refreshing native plugins compatible for Editor in 1.01 ms, found 1 plugins.
Preloading 0 native plugins for Editor in 0.00 ms.
Unloading 3737 Unused Serialized files (Serialized files now loaded: 0)
System memory in use before: 152.1 MB.
System memory in use after: 151.9 MB.

Unloading 19 unused Assets to reduce memory usage. Loaded Objects now: 4253.
Total: 4.109000 ms (FindLiveObjects: 0.510400 ms CreateObjectMapping: 0.214400 ms MarkObjects: 3.076900 ms  DeleteObjects: 0.305800 ms)

========================================================================
Received Prepare
Registering precompiled user dll's ...
Registered in 0.014357 seconds.
Begin MonoManager ReloadAssembly
Native extension for WindowsStandalone target not found
Refreshing native plugins compatible for Editor in 0.80 ms, found 1 plugins.
Preloading 0 native plugins for Editor in 0.00 ms.
Mono: successfully reloaded assembly
- Completed reload, in  1.306 seconds
Platform modules already initialized, skipping
Refreshing native plugins compatible for Editor in 0.80 ms, found 1 plugins.
Preloading 0 native plugins for Editor in 0.00 ms.
Unloading 3737 Unused Serialized files (Serialized files now loaded: 0)
System memory in use before: 152.1 MB.
System memory in use after: 151.9 MB.

Unloading 19 unused Assets to reduce memory usage. Loaded Objects now: 4256.
Total: 3.854400 ms (FindLiveObjects: 0.396400 ms CreateObjectMapping: 0.196800 ms MarkObjects: 2.958300 ms  DeleteObjects: 0.300600 ms)

========================================================================
Received Prepare
Registering precompiled user dll's ...
Registered in 0.016468 seconds.
Begin MonoManager ReloadAssembly
Native extension for WindowsStandalone target not found
Refreshing native plugins compatible for Editor in 1.38 ms, found 1 plugins.
Preloading 0 native plugins for Editor in 0.00 ms.
Mono: successfully reloaded assembly
- Completed reload, in  1.339 seconds
Platform modules already initialized, skipping
Refreshing native plugins compatible for Editor in 0.86 ms, found 1 plugins.
Preloading 0 native plugins for Editor in 0.00 ms.
Unloading 3737 Unused Serialized files (Serialized files now loaded: 0)
System memory in use before: 152.1 MB.
System memory in use after: 152.0 MB.

Unloading 19 unused Assets to reduce memory usage. Loaded Objects now: 4259.
Total: 4.671000 ms (FindLiveObjects: 0.533300 ms CreateObjectMapping: 0.171100 ms MarkObjects: 3.615700 ms  DeleteObjects: 0.348200 ms)

========================================================================
Received Import Request.
  Time since last request: 2682.231986 seconds.
  path: Assets/ControllerInfo
  artifactKey: Guid(07ebd41e802508941ba7d89544665317) Importer(815301076,1909f56bfc062723c751e8b465ee728b)
Start importing Assets/ControllerInfo using Guid(07ebd41e802508941ba7d89544665317) Importer(815301076,1909f56bfc062723c751e8b465ee728b)  -> (artifact id: '5611343d69ae2ec5035e20dd3cedb42e') in 0.018548 seconds 
========================================================================
Received Import Request.
  Time since last request: 2.007277 seconds.
  path: Assets/ControllerInfo/ControllerMChanger.cs
  artifactKey: Guid(c31a15a13b880884380ee329d6c27e4d) Importer(815301076,1909f56bfc062723c751e8b465ee728b)
Start importing Assets/ControllerInfo/ControllerMChanger.cs using Guid(c31a15a13b880884380ee329d6c27e4d) Importer(815301076,1909f56bfc062723c751e8b465ee728b)  -> (artifact id: '2f1a806bfabaf05e54ae906013c30481') in 0.051258 seconds 
========================================================================
Received Import Request.
  Time since last request: 0.612625 seconds.
  path: Assets/ControllerInfo/SharedInfo.cs
  artifactKey: Guid(ce5caab367a569441a129d29e3b89c37) Importer(815301076,1909f56bfc062723c751e8b465ee728b)
Start importing Assets/ControllerInfo/SharedInfo.cs using Guid(ce5caab367a569441a129d29e3b89c37) Importer(815301076,1909f56bfc062723c751e8b465ee728b)  -> (artifact id: '0b32a149dccc079b099fbbe7080c5dc9') in 0.008068 seconds 
========================================================================
Received Prepare
Registering precompiled user dll's ...
Registered in 0.013476 seconds.
Begin MonoManager ReloadAssembly
Native extension for WindowsStandalone target not found
Refreshing native plugins compatible for Editor in 0.93 ms, found 1 plugins.
Preloading 0 native plugins for Editor in 0.00 ms.
Mono: successfully reloaded assembly
- Completed reload, in  1.212 seconds
Platform modules already initialized, skipping
Refreshing native plugins compatible for Editor in 1.72 ms, found 1 plugins.
Preloading 0 native plugins for Editor in 0.00 ms.
Unloading 3737 Unused Serialized files (Serialized files now loaded: 0)
System memory in use before: 152.1 MB.
System memory in use after: 152.0 MB.

Unloading 19 unused Assets to reduce memory usage. Loaded Objects now: 4262.
Total: 9.646700 ms (FindLiveObjects: 1.504300 ms CreateObjectMapping: 0.453900 ms MarkObjects: 6.962800 ms  DeleteObjects: 0.722800 ms)

========================================================================
Received Prepare
Registering precompiled user dll's ...
Registered in 0.039031 seconds.
Begin MonoManager ReloadAssembly
Native extension for WindowsStandalone target not found
Refreshing native plugins compatible for Editor in 0.88 ms, found 1 plugins.
Preloading 0 native plugins for Editor in 0.00 ms.
Mono: successfully reloaded assembly
- Completed reload, in  1.437 seconds
Platform modules already initialized, skipping
Refreshing native plugins compatible for Editor in 1.04 ms, found 1 plugins.
Preloading 0 native plugins for Editor in 0.00 ms.
Unloading 3737 Unused Serialized files (Serialized files now loaded: 0)
System memory in use before: 152.1 MB.
System memory in use after: 152.0 MB.

Unloading 19 unused Assets to reduce memory usage. Loaded Objects now: 4265.
Total: 4.341100 ms (FindLiveObjects: 0.539900 ms CreateObjectMapping: 0.238000 ms MarkObjects: 3.219400 ms  DeleteObjects: 0.342300 ms)

AssetImportWorkerClient::OnTransportError - code=2 error=End of file
