Using pre-set license
Built from '2021.1/release' branch; Version is '2021.1.0f1 (61a549675243) revision 6399305'; Using compiler version '192528614'; Build Type 'Release'
OS: 'Windows 10 Home; OS build 22621.1702; Version 2009; 64bit' Language: 'en' Physical Memory: 15791 MB
BatchMode: 1, IsHumanControllingUs: 0, StartBugReporterOnCrash: 0, Is64bit: 1, IsPro: 0

 COMMAND LINE ARGUMENTS:
C:\Program Files\Unity 2021.1.0f1\Editor\Unity.exe
-adb2
-batchMode
-noUpm
-name
AssetImportWorker0
-projectPath
C:/Users/0052s/OneDrive/Documents/GitHub/WildRunner/SampleLevel
-logFile
Logs/AssetImportWorker0.log
-srvPort
52297
Successfully changed project path to: C:/Users/0052s/OneDrive/Documents/GitHub/WildRunner/SampleLevel
C:/Users/0052s/OneDrive/Documents/GitHub/WildRunner/SampleLevel
Using Asset Import Pipeline V2.
Refreshing native plugins compatible for Editor in 106.81 ms, found 1 plugins.
Preloading 0 native plugins for Editor in 0.00 ms.
Initialize engine version: 2021.1.0f1 (61a549675243)
[Subsystems] Discovering subsystems at path C:/Program Files/Unity 2021.1.0f1/Editor/Data/Resources/UnitySubsystems
[Subsystems] Discovering subsystems at path C:/Users/0052s/OneDrive/Documents/GitHub/WildRunner/SampleLevel/Assets
GfxDevice: creating device client; threaded=0; jobified=0
Direct3D:
    Version:  Direct3D 11.0 [level 11.1]
    Renderer: NVIDIA GeForce GTX 1650 Ti (ID=0x1f95)
    Vendor:   NVIDIA
    VRAM:     3962 MB
    Driver:   31.0.15.1640
Initialize mono
Mono path[0] = 'C:/Program Files/Unity 2021.1.0f1/Editor/Data/Managed'
Mono path[1] = 'C:/Program Files/Unity 2021.1.0f1/Editor/Data/MonoBleedingEdge/lib/mono/unityjit'
Mono config path = 'C:/Program Files/Unity 2021.1.0f1/Editor/Data/MonoBleedingEdge/etc'
Using monoOptions --debugger-agent=transport=dt_socket,embedding=1,server=y,suspend=n,address=127.0.0.1:56804
Begin MonoManager ReloadAssembly
Registering precompiled unity dll's ...
Register platform support module: C:/Program Files/Unity 2021.1.0f1/Editor/Data/PlaybackEngines/WindowsStandaloneSupport/UnityEditor.WindowsStandalone.Extensions.dll
Registered in 0.003031 seconds.
Native extension for WindowsStandalone target not found
Refreshing native plugins compatible for Editor in 102.34 ms, found 1 plugins.
Preloading 0 native plugins for Editor in 0.00 ms.
Mono: successfully reloaded assembly
- Completed reload, in  1.814 seconds
Platform modules already initialized, skipping
Registering precompiled user dll's ...
Registered in 0.012285 seconds.
Begin MonoManager ReloadAssembly
Native extension for WindowsStandalone target not found
Refreshing native plugins compatible for Editor in 97.61 ms, found 1 plugins.
Preloading 0 native plugins for Editor in 0.00 ms.
Mono: successfully reloaded assembly
- Completed reload, in  1.983 seconds
Platform modules already initialized, skipping
========================================================================
Worker process is ready to serve import requests
Launched and connected shader compiler UnityShaderCompiler.exe after 0.08 seconds
Refreshing native plugins compatible for Editor in 0.75 ms, found 1 plugins.
Preloading 0 native plugins for Editor in 0.00 ms.
Unloading 3728 Unused Serialized files (Serialized files now loaded: 0)
System memory in use before: 152.6 MB.
System memory in use after: 152.4 MB.

Unloading 26 unused Assets to reduce memory usage. Loaded Objects now: 4179.
Total: 3.582000 ms (FindLiveObjects: 0.460900 ms CreateObjectMapping: 0.180100 ms MarkObjects: 2.707800 ms  DeleteObjects: 0.231500 ms)

========================================================================
Received Import Request.
  path: Assets/InputSystem.inputsettings.asset
  artifactKey: Guid(8508423d211cc5843a88978d55a82a72) Importer(815301076,1909f56bfc062723c751e8b465ee728b)
Start importing Assets/InputSystem.inputsettings.asset using Guid(8508423d211cc5843a88978d55a82a72) Importer(815301076,1909f56bfc062723c751e8b465ee728b)  -> (artifact id: 'ad43640111733822928e004f71686a25') in 0.042983 seconds 
========================================================================
Received Import Request.
  Time since last request: 0.000539 seconds.
  path: Assets/Scripts/Primary
  artifactKey: Guid(9ffbbf08000e6d642a93016e9cc2f20a) Importer(815301076,1909f56bfc062723c751e8b465ee728b)
Start importing Assets/Scripts/Primary using Guid(9ffbbf08000e6d642a93016e9cc2f20a) Importer(815301076,1909f56bfc062723c751e8b465ee728b)  -> (artifact id: '4d54c7b82c0d2f02ee7f46513f824ebc') in 0.005411 seconds 
========================================================================
Received Prepare
Registering precompiled user dll's ...
Registered in 0.014365 seconds.
Begin MonoManager ReloadAssembly
Native extension for WindowsStandalone target not found
Refreshing native plugins compatible for Editor in 1.19 ms, found 1 plugins.
Preloading 0 native plugins for Editor in 0.00 ms.
Mono: successfully reloaded assembly
- Completed reload, in  1.241 seconds
Platform modules already initialized, skipping
Refreshing native plugins compatible for Editor in 1.27 ms, found 1 plugins.
Preloading 0 native plugins for Editor in 0.00 ms.
Unloading 3693 Unused Serialized files (Serialized files now loaded: 0)
System memory in use before: 150.6 MB.
System memory in use after: 150.5 MB.

Unloading 19 unused Assets to reduce memory usage. Loaded Objects now: 4182.
Total: 4.201200 ms (FindLiveObjects: 0.505100 ms CreateObjectMapping: 0.246200 ms MarkObjects: 3.191400 ms  DeleteObjects: 0.256800 ms)

========================================================================
Received Prepare
Registering precompiled user dll's ...
Registered in 0.014018 seconds.
Begin MonoManager ReloadAssembly
Native extension for WindowsStandalone target not found
Refreshing native plugins compatible for Editor in 2.13 ms, found 1 plugins.
Preloading 0 native plugins for Editor in 0.00 ms.
Mono: successfully reloaded assembly
- Completed reload, in  1.296 seconds
Platform modules already initialized, skipping
Refreshing native plugins compatible for Editor in 0.93 ms, found 1 plugins.
Preloading 0 native plugins for Editor in 0.00 ms.
Unloading 3697 Unused Serialized files (Serialized files now loaded: 0)
System memory in use before: 150.8 MB.
System memory in use after: 150.7 MB.

Unloading 19 unused Assets to reduce memory usage. Loaded Objects now: 4189.
Total: 4.145300 ms (FindLiveObjects: 0.427600 ms CreateObjectMapping: 0.169100 ms MarkObjects: 3.253000 ms  DeleteObjects: 0.293700 ms)

========================================================================
Received Prepare
Registering precompiled user dll's ...
Registered in 0.019261 seconds.
Begin MonoManager ReloadAssembly
Native extension for WindowsStandalone target not found
Refreshing native plugins compatible for Editor in 1.47 ms, found 1 plugins.
Preloading 0 native plugins for Editor in 0.00 ms.
Mono: successfully reloaded assembly
- Completed reload, in  1.293 seconds
Platform modules already initialized, skipping
Refreshing native plugins compatible for Editor in 0.98 ms, found 1 plugins.
Preloading 0 native plugins for Editor in 0.00 ms.
Unloading 3698 Unused Serialized files (Serialized files now loaded: 0)
System memory in use before: 150.9 MB.
System memory in use after: 150.7 MB.

Unloading 19 unused Assets to reduce memory usage. Loaded Objects now: 4193.
Total: 4.667100 ms (FindLiveObjects: 0.486200 ms CreateObjectMapping: 0.263400 ms MarkObjects: 3.620500 ms  DeleteObjects: 0.295700 ms)

========================================================================
Received Prepare
Registering precompiled user dll's ...
Registered in 0.016678 seconds.
Begin MonoManager ReloadAssembly
Native extension for WindowsStandalone target not found
Refreshing native plugins compatible for Editor in 1.08 ms, found 1 plugins.
Preloading 0 native plugins for Editor in 0.00 ms.
Mono: successfully reloaded assembly
- Completed reload, in  1.287 seconds
Platform modules already initialized, skipping
Refreshing native plugins compatible for Editor in 1.01 ms, found 1 plugins.
Preloading 0 native plugins for Editor in 0.00 ms.
Unloading 3703 Unused Serialized files (Serialized files now loaded: 0)
System memory in use before: 151.0 MB.
System memory in use after: 150.9 MB.

Unloading 19 unused Assets to reduce memory usage. Loaded Objects now: 4202.
Total: 4.460600 ms (FindLiveObjects: 0.414500 ms CreateObjectMapping: 0.197700 ms MarkObjects: 3.544900 ms  DeleteObjects: 0.301700 ms)

========================================================================
Received Prepare
Registering precompiled user dll's ...
Registered in 0.016982 seconds.
Begin MonoManager ReloadAssembly
Native extension for WindowsStandalone target not found
Refreshing native plugins compatible for Editor in 1.05 ms, found 1 plugins.
Preloading 0 native plugins for Editor in 0.00 ms.
Mono: successfully reloaded assembly
- Completed reload, in  1.330 seconds
Platform modules already initialized, skipping
Refreshing native plugins compatible for Editor in 0.81 ms, found 1 plugins.
Preloading 0 native plugins for Editor in 0.00 ms.
Unloading 3703 Unused Serialized files (Serialized files now loaded: 0)
System memory in use before: 151.0 MB.
System memory in use after: 150.9 MB.

Unloading 19 unused Assets to reduce memory usage. Loaded Objects now: 4205.
Total: 4.425900 ms (FindLiveObjects: 0.556900 ms CreateObjectMapping: 0.350200 ms MarkObjects: 3.295100 ms  DeleteObjects: 0.221800 ms)

========================================================================
Received Prepare
Registering precompiled user dll's ...
Registered in 0.015734 seconds.
Begin MonoManager ReloadAssembly
Native extension for WindowsStandalone target not found
Refreshing native plugins compatible for Editor in 0.83 ms, found 1 plugins.
Preloading 0 native plugins for Editor in 0.00 ms.
Mono: successfully reloaded assembly
- Completed reload, in  1.324 seconds
Platform modules already initialized, skipping
Refreshing native plugins compatible for Editor in 1.17 ms, found 1 plugins.
Preloading 0 native plugins for Editor in 0.00 ms.
Unloading 3711 Unused Serialized files (Serialized files now loaded: 0)
System memory in use before: 151.2 MB.
System memory in use after: 151.1 MB.

Unloading 20 unused Assets to reduce memory usage. Loaded Objects now: 4217.
Total: 4.362700 ms (FindLiveObjects: 0.572000 ms CreateObjectMapping: 0.289800 ms MarkObjects: 3.248000 ms  DeleteObjects: 0.250900 ms)

========================================================================
Received Prepare
Registering precompiled user dll's ...
Registered in 0.015700 seconds.
Begin MonoManager ReloadAssembly
Native extension for WindowsStandalone target not found
Refreshing native plugins compatible for Editor in 0.91 ms, found 1 plugins.
Preloading 0 native plugins for Editor in 0.00 ms.
Mono: successfully reloaded assembly
- Completed reload, in  1.279 seconds
Platform modules already initialized, skipping
Refreshing native plugins compatible for Editor in 2.11 ms, found 1 plugins.
Preloading 0 native plugins for Editor in 0.00 ms.
Unloading 3712 Unused Serialized files (Serialized files now loaded: 0)
System memory in use before: 151.3 MB.
System memory in use after: 151.2 MB.

Unloading 19 unused Assets to reduce memory usage. Loaded Objects now: 4222.
Total: 5.841800 ms (FindLiveObjects: 0.940600 ms CreateObjectMapping: 0.353800 ms MarkObjects: 4.153200 ms  DeleteObjects: 0.391000 ms)

========================================================================
Received Prepare
Registering precompiled user dll's ...
Registered in 0.018296 seconds.
Begin MonoManager ReloadAssembly
Native extension for WindowsStandalone target not found
Refreshing native plugins compatible for Editor in 0.88 ms, found 1 plugins.
Preloading 0 native plugins for Editor in 0.00 ms.
Mono: successfully reloaded assembly
- Completed reload, in  1.250 seconds
Platform modules already initialized, skipping
Refreshing native plugins compatible for Editor in 0.99 ms, found 1 plugins.
Preloading 0 native plugins for Editor in 0.00 ms.
Unloading 3717 Unused Serialized files (Serialized files now loaded: 0)
System memory in use before: 151.4 MB.
System memory in use after: 151.3 MB.

Unloading 19 unused Assets to reduce memory usage. Loaded Objects now: 4230.
Total: 4.640000 ms (FindLiveObjects: 0.433600 ms CreateObjectMapping: 0.218400 ms MarkObjects: 3.635300 ms  DeleteObjects: 0.350900 ms)

========================================================================
Received Prepare
Registering precompiled user dll's ...
Registered in 0.016382 seconds.
Begin MonoManager ReloadAssembly
Native extension for WindowsStandalone target not found
Refreshing native plugins compatible for Editor in 1.37 ms, found 1 plugins.
Preloading 0 native plugins for Editor in 0.00 ms.
Mono: successfully reloaded assembly
- Completed reload, in  1.276 seconds
Platform modules already initialized, skipping
Refreshing native plugins compatible for Editor in 1.07 ms, found 1 plugins.
Preloading 0 native plugins for Editor in 0.00 ms.
Unloading 3724 Unused Serialized files (Serialized files now loaded: 0)
System memory in use before: 151.7 MB.
System memory in use after: 151.6 MB.

Unloading 19 unused Assets to reduce memory usage. Loaded Objects now: 4241.
Total: 3.393400 ms (FindLiveObjects: 0.436000 ms CreateObjectMapping: 0.100400 ms MarkObjects: 2.598500 ms  DeleteObjects: 0.256900 ms)

========================================================================
Received Import Request.
  Time since last request: 403.287282 seconds.
  path: Packages/com.nullkal.unisense
  artifactKey: Guid(b29788b2529d5336e5a30a1171845d3d) Importer(815301076,1909f56bfc062723c751e8b465ee728b)
Start importing Packages/com.nullkal.unisense using Guid(b29788b2529d5336e5a30a1171845d3d) Importer(815301076,1909f56bfc062723c751e8b465ee728b)  -> (artifact id: '0f15b8a15793ce28847bac316a312751') in 0.014386 seconds 
========================================================================
Received Import Request.
  Time since last request: 9.308781 seconds.
  path: Packages/com.nullkal.unisense/UniSense/UniSense.asmdef
  artifactKey: Guid(33cc0f0e39feb364ebdd0d6cedf3fd3e) Importer(815301076,1909f56bfc062723c751e8b465ee728b)
Start importing Packages/com.nullkal.unisense/UniSense/UniSense.asmdef using Guid(33cc0f0e39feb364ebdd0d6cedf3fd3e) Importer(815301076,1909f56bfc062723c751e8b465ee728b)  -> (artifact id: '76cfdd6a50eb7fd50b17ea3b13d99e7a') in 0.011177 seconds 
========================================================================
Received Import Request.
  Time since last request: 7.709239 seconds.
  path: Packages/com.nullkal.unisense/LICENSE.md
  artifactKey: Guid(887f545f75444da48a9a194802cba77a) Importer(815301076,1909f56bfc062723c751e8b465ee728b)
Start importing Packages/com.nullkal.unisense/LICENSE.md using Guid(887f545f75444da48a9a194802cba77a) Importer(815301076,1909f56bfc062723c751e8b465ee728b)  -> (artifact id: '041fadd95e34fff88faa6a66eeabf388') in 0.030589 seconds 
========================================================================
Received Import Request.
  Time since last request: 1.267620 seconds.
  path: Packages/com.nullkal.unisense/README.md
  artifactKey: Guid(302aa81ccb0c12847a0c4d0ab74cead6) Importer(815301076,1909f56bfc062723c751e8b465ee728b)
Start importing Packages/com.nullkal.unisense/README.md using Guid(302aa81ccb0c12847a0c4d0ab74cead6) Importer(815301076,1909f56bfc062723c751e8b465ee728b)  -> (artifact id: '10e875d558cdb815458ea7cd32b0939c') in 0.008970 seconds 
========================================================================
Received Import Request.
  Time since last request: 18.422040 seconds.
  path: Packages/com.nullkal.unisense/package.json
  artifactKey: Guid(da8a6a39f76ea1d468b8851de65445ea) Importer(815301076,1909f56bfc062723c751e8b465ee728b)
Start importing Packages/com.nullkal.unisense/package.json using Guid(da8a6a39f76ea1d468b8851de65445ea) Importer(815301076,1909f56bfc062723c751e8b465ee728b)  -> (artifact id: 'ecb0627f6b6943e530f639255183977c') in 0.020401 seconds 
========================================================================
Received Import Request.
  Time since last request: 98.704622 seconds.
  path: Packages/com.nullkal.unisense/CHANGELOG.md
  artifactKey: Guid(8a413c55ff015464292015faf4309034) Importer(815301076,1909f56bfc062723c751e8b465ee728b)
Start importing Packages/com.nullkal.unisense/CHANGELOG.md using Guid(8a413c55ff015464292015faf4309034) Importer(815301076,1909f56bfc062723c751e8b465ee728b)  -> (artifact id: '18171985c575ac90a489103eb25f3c88') in 0.010437 seconds 
========================================================================
Received Import Request.
  Time since last request: 1.502313 seconds.
  path: Packages/com.nullkal.unisense/UniSense/DualSenseDefine.cs
  artifactKey: Guid(ba0f6d665e6797248b0fc4fe7799c13a) Importer(815301076,1909f56bfc062723c751e8b465ee728b)
Start importing Packages/com.nullkal.unisense/UniSense/DualSenseDefine.cs using Guid(ba0f6d665e6797248b0fc4fe7799c13a) Importer(815301076,1909f56bfc062723c751e8b465ee728b)  -> (artifact id: 'c8302ffe65379766379a75c4715b2a95') in 0.022702 seconds 
========================================================================
Received Import Request.
  Time since last request: 0.325683 seconds.
  path: Packages/com.nullkal.unisense/UniSense/DualSenseGamepadHID.cs
  artifactKey: Guid(844dfcfad6a8fd84dbe4e6e3c5c0636b) Importer(815301076,1909f56bfc062723c751e8b465ee728b)
Start importing Packages/com.nullkal.unisense/UniSense/DualSenseGamepadHID.cs using Guid(844dfcfad6a8fd84dbe4e6e3c5c0636b) Importer(815301076,1909f56bfc062723c751e8b465ee728b)  -> (artifact id: '36042780d745af8810491312df68883e') in 0.007284 seconds 
========================================================================
Received Import Request.
  Time since last request: 0.944202 seconds.
  path: Packages/com.nullkal.unisense/UniSense/LowLevel/DualSenseHIDOutputReport.cs
  artifactKey: Guid(8477e2d7fe30a6542af1e59074f9fd01) Importer(815301076,1909f56bfc062723c751e8b465ee728b)
Start importing Packages/com.nullkal.unisense/UniSense/LowLevel/DualSenseHIDOutputReport.cs using Guid(8477e2d7fe30a6542af1e59074f9fd01) Importer(815301076,1909f56bfc062723c751e8b465ee728b)  -> (artifact id: 'fe53d745ca8895b0089f18d55cd24fb5') in 0.008761 seconds 
========================================================================
Received Import Request.
  Time since last request: 0.255956 seconds.
  path: Packages/com.nullkal.unisense/UniSense/LowLevel/DualSenseHIDInputReport.cs
  artifactKey: Guid(52085b06b11299c469053b854a8dd451) Importer(815301076,1909f56bfc062723c751e8b465ee728b)
Start importing Packages/com.nullkal.unisense/UniSense/LowLevel/DualSenseHIDInputReport.cs using Guid(52085b06b11299c469053b854a8dd451) Importer(815301076,1909f56bfc062723c751e8b465ee728b)  -> (artifact id: '754f294e284430c20e1eafaa75a17336') in 0.008639 seconds 
========================================================================
Received Import Request.
  Time since last request: 27.558895 seconds.
  path: Assets/Samples/Input System/1.0.2/Visualizers
  artifactKey: Guid(3442526866a9b7545824a9e85eb31a6a) Importer(815301076,1909f56bfc062723c751e8b465ee728b)
Start importing Assets/Samples/Input System/1.0.2/Visualizers using Guid(3442526866a9b7545824a9e85eb31a6a) Importer(815301076,1909f56bfc062723c751e8b465ee728b)  -> (artifact id: '6f9771ac1c7471980ea1d937e3282102') in 0.011312 seconds 
========================================================================
Received Import Request.
  Time since last request: 1.296086 seconds.
  path: Assets/Scenes
  artifactKey: Guid(58a261b336d37dd46aa36e88ea2d20f3) Importer(815301076,1909f56bfc062723c751e8b465ee728b)
Start importing Assets/Scenes using Guid(58a261b336d37dd46aa36e88ea2d20f3) Importer(815301076,1909f56bfc062723c751e8b465ee728b)  -> (artifact id: 'd044216590e043d7b135403e222ee4a8') in 0.009326 seconds 
========================================================================
Received Prepare
Registering precompiled user dll's ...
Registered in 0.013586 seconds.
Begin MonoManager ReloadAssembly
Native extension for WindowsStandalone target not found
Refreshing native plugins compatible for Editor in 0.94 ms, found 1 plugins.
Preloading 0 native plugins for Editor in 0.00 ms.
Mono: successfully reloaded assembly
- Completed reload, in  1.234 seconds
Platform modules already initialized, skipping
Refreshing native plugins compatible for Editor in 1.02 ms, found 1 plugins.
Preloading 0 native plugins for Editor in 0.00 ms.
Unloading 3728 Unused Serialized files (Serialized files now loaded: 0)
System memory in use before: 151.8 MB.
System memory in use after: 151.8 MB.

Unloading 19 unused Assets to reduce memory usage. Loaded Objects now: 4248.
Total: 4.390000 ms (FindLiveObjects: 0.458400 ms CreateObjectMapping: 0.142700 ms MarkObjects: 3.479500 ms  DeleteObjects: 0.307500 ms)

========================================================================
Received Import Request.
  Time since last request: 8.954149 seconds.
  path: Assets/Samples/Input System/1.0.2/Visualizers/GamepadVisualizer.unity
  artifactKey: Guid(60155d44a3f544d08a44a9fa0b5e2c4e) Importer(815301076,1909f56bfc062723c751e8b465ee728b)
Start importing Assets/Samples/Input System/1.0.2/Visualizers/GamepadVisualizer.unity using Guid(60155d44a3f544d08a44a9fa0b5e2c4e) Importer(815301076,1909f56bfc062723c751e8b465ee728b)  -> (artifact id: '81a8e7d40dd537ecafa1e23093567c40') in 0.019293 seconds 
========================================================================
Received Import Request.
  Time since last request: 63.305421 seconds.
  path: Assets/Samples/Input System/1.0.2/Visualizers/MouseVisualizer.unity
  artifactKey: Guid(fef3f56dbc5ed42a08528b798af41a4e) Importer(815301076,1909f56bfc062723c751e8b465ee728b)
Start importing Assets/Samples/Input System/1.0.2/Visualizers/MouseVisualizer.unity using Guid(fef3f56dbc5ed42a08528b798af41a4e) Importer(815301076,1909f56bfc062723c751e8b465ee728b)  -> (artifact id: '27fe4ad382b00c82e030e6cce9c13e25') in 0.008394 seconds 
========================================================================
Received Import Request.
  Time since last request: 1.149967 seconds.
  path: Assets/Samples/Input System/1.0.2/Visualizers/GamepadVis.prefab
  artifactKey: Guid(b8429651427a640919754290f3704312) Importer(815301076,1909f56bfc062723c751e8b465ee728b)
Start importing Assets/Samples/Input System/1.0.2/Visualizers/GamepadVis.prefab using Guid(b8429651427a640919754290f3704312) Importer(815301076,1909f56bfc062723c751e8b465ee728b)  -> (artifact id: '79f7217569a4b9923fbdb44fa33746d0') in 0.025614 seconds 
========================================================================
Received Import Request.
  Time since last request: 15.130784 seconds.
  path: Assets/Samples/Input System/1.0.2/Visualizers/SimpleControls.inputactions
  artifactKey: Guid(dc782cd8f65d34f0a9c0e85380a5b684) Importer(815301076,1909f56bfc062723c751e8b465ee728b)
Start importing Assets/Samples/Input System/1.0.2/Visualizers/SimpleControls.inputactions using Guid(dc782cd8f65d34f0a9c0e85380a5b684) Importer(815301076,1909f56bfc062723c751e8b465ee728b)  -> (artifact id: 'b97ee9a4aa0b437c1b60ea409bb75c89') in 0.017543 seconds 
========================================================================
Received Import Request.
  Time since last request: 25.141521 seconds.
  path: Assets/Samples/Input System
  artifactKey: Guid(e6510e4651989f844bb3442813fddbc4) Importer(815301076,1909f56bfc062723c751e8b465ee728b)
Start importing Assets/Samples/Input System using Guid(e6510e4651989f844bb3442813fddbc4) Importer(815301076,1909f56bfc062723c751e8b465ee728b)  -> (artifact id: 'fa1a549148283f50d95c5862a2890c07') in 0.008860 seconds 
========================================================================
Received Import Request.
  Time since last request: 4.515436 seconds.
  path: Assets/Samples/Input System/1.0.2
  artifactKey: Guid(8377a209e4cfd8c4b97b11a9905e0d6e) Importer(815301076,1909f56bfc062723c751e8b465ee728b)
Start importing Assets/Samples/Input System/1.0.2 using Guid(8377a209e4cfd8c4b97b11a9905e0d6e) Importer(815301076,1909f56bfc062723c751e8b465ee728b)  -> (artifact id: 'f0707ee633884d56b57b8afeb47b4ff6') in 0.009213 seconds 
========================================================================
Received Import Request.
  Time since last request: 2.860020 seconds.
  path: Assets/Samples/Input System/1.0.2/Visualizers/PenVisualizer.unity
  artifactKey: Guid(e35258e8d9ecf4a17b799d42b5ace6f3) Importer(815301076,1909f56bfc062723c751e8b465ee728b)
Start importing Assets/Samples/Input System/1.0.2/Visualizers/PenVisualizer.unity using Guid(e35258e8d9ecf4a17b799d42b5ace6f3) Importer(815301076,1909f56bfc062723c751e8b465ee728b)  -> (artifact id: 'bfc964a3e8a217b21a1271ab97699554') in 0.008612 seconds 
========================================================================
Received Import Request.
  Time since last request: 1.338498 seconds.
  path: Assets/Samples/Input System/1.0.2/Visualizers/SimpleControlsVisualizer.unity
  artifactKey: Guid(14281ec1c6daa42bc97c543e027b5839) Importer(815301076,1909f56bfc062723c751e8b465ee728b)
Start importing Assets/Samples/Input System/1.0.2/Visualizers/SimpleControlsVisualizer.unity using Guid(14281ec1c6daa42bc97c543e027b5839) Importer(815301076,1909f56bfc062723c751e8b465ee728b)  -> (artifact id: 'ba3745e5e5a261dd6c486b45e699e783') in 0.008802 seconds 
========================================================================
Received Import Request.
  Time since last request: 0.609246 seconds.
  path: Assets/Samples/Input System/1.0.2/Visualizers/SimpleControlsVis.prefab
  artifactKey: Guid(cd3e0c715b35445fbb238f50ba9c9332) Importer(815301076,1909f56bfc062723c751e8b465ee728b)
Start importing Assets/Samples/Input System/1.0.2/Visualizers/SimpleControlsVis.prefab using Guid(cd3e0c715b35445fbb238f50ba9c9332) Importer(815301076,1909f56bfc062723c751e8b465ee728b)  -> (artifact id: 'cfffc04ea5f39c005660f45378002eae') in 0.011712 seconds 
========================================================================
Received Prepare
Registering precompiled user dll's ...
Registered in 0.016238 seconds.
Begin MonoManager ReloadAssembly
Native extension for WindowsStandalone target not found
Refreshing native plugins compatible for Editor in 0.82 ms, found 1 plugins.
Preloading 0 native plugins for Editor in 0.00 ms.
Mono: successfully reloaded assembly
- Completed reload, in  1.124 seconds
Platform modules already initialized, skipping
Refreshing native plugins compatible for Editor in 0.83 ms, found 1 plugins.
Preloading 0 native plugins for Editor in 0.00 ms.
Unloading 3728 Unused Serialized files (Serialized files now loaded: 0)
System memory in use before: 151.9 MB.
System memory in use after: 151.8 MB.

Unloading 19 unused Assets to reduce memory usage. Loaded Objects now: 4251.
Total: 3.727300 ms (FindLiveObjects: 0.463200 ms CreateObjectMapping: 0.263200 ms MarkObjects: 2.751100 ms  DeleteObjects: 0.248200 ms)

========================================================================
Received Import Request.
  Time since last request: 57.209501 seconds.
  path: Assets/Samples/Input System/1.0.2/Visualizers/SimpleControls.inputactions
  artifactKey: Guid(dc782cd8f65d34f0a9c0e85380a5b684) Importer(815301076,1909f56bfc062723c751e8b465ee728b)
Start importing Assets/Samples/Input System/1.0.2/Visualizers/SimpleControls.inputactions using Guid(dc782cd8f65d34f0a9c0e85380a5b684) Importer(815301076,1909f56bfc062723c751e8b465ee728b)  -> (artifact id: 'b68b2ac12b79f5dcad18321d24acbc29') in 0.024008 seconds 
========================================================================
Received Import Request.
  Time since last request: 15.967299 seconds.
  path: Assets/Samples/Input System/1.0.2/Visualizers/SimpleControls.inputactions
  artifactKey: Guid(dc782cd8f65d34f0a9c0e85380a5b684) Importer(815301076,1909f56bfc062723c751e8b465ee728b)
Start importing Assets/Samples/Input System/1.0.2/Visualizers/SimpleControls.inputactions using Guid(dc782cd8f65d34f0a9c0e85380a5b684) Importer(815301076,1909f56bfc062723c751e8b465ee728b)  -> (artifact id: '4e08c8559ba14e25f6bbfa7eb11f16d1') in 0.008891 seconds 
========================================================================
Received Import Request.
  Time since last request: 3.284136 seconds.
  path: Assets/Samples/Input System/1.0.2/Visualizers/SimpleControls.inputactions
  artifactKey: Guid(dc782cd8f65d34f0a9c0e85380a5b684) Importer(815301076,1909f56bfc062723c751e8b465ee728b)
Start importing Assets/Samples/Input System/1.0.2/Visualizers/SimpleControls.inputactions using Guid(dc782cd8f65d34f0a9c0e85380a5b684) Importer(815301076,1909f56bfc062723c751e8b465ee728b)  -> (artifact id: 'ced687d5a88e57e51bb4348b5f317064') in 0.008560 seconds 
========================================================================
Received Import Request.
  Time since last request: 12.750488 seconds.
  path: Assets/Samples/Input System/1.0.2/Visualizers/SimpleControls.inputactions
  artifactKey: Guid(dc782cd8f65d34f0a9c0e85380a5b684) Importer(815301076,1909f56bfc062723c751e8b465ee728b)
Start importing Assets/Samples/Input System/1.0.2/Visualizers/SimpleControls.inputactions using Guid(dc782cd8f65d34f0a9c0e85380a5b684) Importer(815301076,1909f56bfc062723c751e8b465ee728b)  -> (artifact id: '06afc84799f58149befe5e99ac9cb89a') in 0.008962 seconds 
========================================================================
Received Import Request.
  Time since last request: 17.304966 seconds.
  path: Assets/Samples/Input System/1.0.2/Visualizers/SimpleControls.inputactions
  artifactKey: Guid(dc782cd8f65d34f0a9c0e85380a5b684) Importer(815301076,1909f56bfc062723c751e8b465ee728b)
Start importing Assets/Samples/Input System/1.0.2/Visualizers/SimpleControls.inputactions using Guid(dc782cd8f65d34f0a9c0e85380a5b684) Importer(815301076,1909f56bfc062723c751e8b465ee728b)  -> (artifact id: '820f10fc4b5dc6c8c56c279d25d14860') in 0.009234 seconds 
========================================================================
Received Import Request.
  Time since last request: 14.278590 seconds.
  path: Assets/Samples/Input System/1.0.2/Visualizers/SimpleControls.inputactions
  artifactKey: Guid(dc782cd8f65d34f0a9c0e85380a5b684) Importer(815301076,1909f56bfc062723c751e8b465ee728b)
Start importing Assets/Samples/Input System/1.0.2/Visualizers/SimpleControls.inputactions using Guid(dc782cd8f65d34f0a9c0e85380a5b684) Importer(815301076,1909f56bfc062723c751e8b465ee728b)  -> (artifact id: '0cc3911184bac0201fb58fa41e417b96') in 0.010864 seconds 
========================================================================
Received Import Request.
  Time since last request: 11.392101 seconds.
  path: Assets/Samples/Input System/1.0.2/Visualizers/SimpleControls.inputactions
  artifactKey: Guid(dc782cd8f65d34f0a9c0e85380a5b684) Importer(815301076,1909f56bfc062723c751e8b465ee728b)
Start importing Assets/Samples/Input System/1.0.2/Visualizers/SimpleControls.inputactions using Guid(dc782cd8f65d34f0a9c0e85380a5b684) Importer(815301076,1909f56bfc062723c751e8b465ee728b)  -> (artifact id: '23337e7fdd883a460b08135d36378a8c') in 0.010079 seconds 
========================================================================
Received Import Request.
  Time since last request: 4.957051 seconds.
  path: Assets/Samples/Input System/1.0.2/Visualizers/SimpleControls.inputactions
  artifactKey: Guid(dc782cd8f65d34f0a9c0e85380a5b684) Importer(815301076,1909f56bfc062723c751e8b465ee728b)
Start importing Assets/Samples/Input System/1.0.2/Visualizers/SimpleControls.inputactions using Guid(dc782cd8f65d34f0a9c0e85380a5b684) Importer(815301076,1909f56bfc062723c751e8b465ee728b)  -> (artifact id: '61dc5f0415d8819d23a8ebcc4ed807de') in 0.009889 seconds 
========================================================================
Received Import Request.
  Time since last request: 2.710987 seconds.
  path: Assets/Samples/Input System/1.0.2/Visualizers/SimpleControls.inputactions
  artifactKey: Guid(dc782cd8f65d34f0a9c0e85380a5b684) Importer(815301076,1909f56bfc062723c751e8b465ee728b)
Start importing Assets/Samples/Input System/1.0.2/Visualizers/SimpleControls.inputactions using Guid(dc782cd8f65d34f0a9c0e85380a5b684) Importer(815301076,1909f56bfc062723c751e8b465ee728b)  -> (artifact id: 'bba67b69c9cf5e7859f7850526735a75') in 0.009030 seconds 
========================================================================
Received Import Request.
  Time since last request: 2.275293 seconds.
  path: Assets/Samples/Input System/1.0.2/Visualizers/SimpleControls.inputactions
  artifactKey: Guid(dc782cd8f65d34f0a9c0e85380a5b684) Importer(815301076,1909f56bfc062723c751e8b465ee728b)
Start importing Assets/Samples/Input System/1.0.2/Visualizers/SimpleControls.inputactions using Guid(dc782cd8f65d34f0a9c0e85380a5b684) Importer(815301076,1909f56bfc062723c751e8b465ee728b)  -> (artifact id: 'f2bb87acbc02b87d2a9b249e13d56b48') in 0.007856 seconds 
========================================================================
Received Prepare
Registering precompiled user dll's ...
Registered in 0.013970 seconds.
Begin MonoManager ReloadAssembly
Native extension for WindowsStandalone target not found
Refreshing native plugins compatible for Editor in 1.82 ms, found 1 plugins.
Preloading 0 native plugins for Editor in 0.00 ms.
Mono: successfully reloaded assembly
- Completed reload, in  1.238 seconds
Platform modules already initialized, skipping
Refreshing native plugins compatible for Editor in 0.90 ms, found 1 plugins.
Preloading 0 native plugins for Editor in 0.00 ms.
Unloading 3728 Unused Serialized files (Serialized files now loaded: 0)
System memory in use before: 152.0 MB.
System memory in use after: 151.8 MB.

Unloading 19 unused Assets to reduce memory usage. Loaded Objects now: 4254.
Total: 4.404400 ms (FindLiveObjects: 0.431900 ms CreateObjectMapping: 0.148600 ms MarkObjects: 3.552600 ms  DeleteObjects: 0.269500 ms)

========================================================================
Received Import Request.
  Time since last request: 69.233823 seconds.
  path: Assets/Samples/Input System/1.0.2/Visualizers/SimpleControls.inputactions
  artifactKey: Guid(dc782cd8f65d34f0a9c0e85380a5b684) Importer(815301076,1909f56bfc062723c751e8b465ee728b)
Start importing Assets/Samples/Input System/1.0.2/Visualizers/SimpleControls.inputactions using Guid(dc782cd8f65d34f0a9c0e85380a5b684) Importer(815301076,1909f56bfc062723c751e8b465ee728b)  -> (artifact id: '9f153d3bea29f9ca1d9f16bbd6c26da1') in 0.024081 seconds 
========================================================================
Received Prepare
Registering precompiled user dll's ...
Registered in 0.016541 seconds.
Begin MonoManager ReloadAssembly
Native extension for WindowsStandalone target not found
Refreshing native plugins compatible for Editor in 1.05 ms, found 1 plugins.
Preloading 0 native plugins for Editor in 0.00 ms.
Mono: successfully reloaded assembly
- Completed reload, in  1.351 seconds
Platform modules already initialized, skipping
Refreshing native plugins compatible for Editor in 0.91 ms, found 1 plugins.
Preloading 0 native plugins for Editor in 0.00 ms.
Unloading 3728 Unused Serialized files (Serialized files now loaded: 0)
System memory in use before: 151.9 MB.
System memory in use after: 151.8 MB.

Unloading 19 unused Assets to reduce memory usage. Loaded Objects now: 4257.
Total: 3.607800 ms (FindLiveObjects: 0.605700 ms CreateObjectMapping: 0.273900 ms MarkObjects: 2.494500 ms  DeleteObjects: 0.230900 ms)

========================================================================
Received Import Request.
  Time since last request: 24.377717 seconds.
  path: Assets/Samples/Input System/1.0.2/Visualizers/SimpleControls.inputactions
  artifactKey: Guid(dc782cd8f65d34f0a9c0e85380a5b684) Importer(815301076,1909f56bfc062723c751e8b465ee728b)
Start importing Assets/Samples/Input System/1.0.2/Visualizers/SimpleControls.inputactions using Guid(dc782cd8f65d34f0a9c0e85380a5b684) Importer(815301076,1909f56bfc062723c751e8b465ee728b)  -> (artifact id: '5285664e589f595dac03c7234a8b26cc') in 0.024239 seconds 
========================================================================
Received Import Request.
  Time since last request: 8.683224 seconds.
  path: Assets/Samples/Input System/1.0.2/Visualizers/SimpleControls.inputactions
  artifactKey: Guid(dc782cd8f65d34f0a9c0e85380a5b684) Importer(815301076,1909f56bfc062723c751e8b465ee728b)
Start importing Assets/Samples/Input System/1.0.2/Visualizers/SimpleControls.inputactions using Guid(dc782cd8f65d34f0a9c0e85380a5b684) Importer(815301076,1909f56bfc062723c751e8b465ee728b)  -> (artifact id: '89b1e0c58a898d8e74250b3c67eaf54d') in 0.012416 seconds 
========================================================================
Received Import Request.
  Time since last request: 3.429074 seconds.
  path: Assets/Samples/Input System/1.0.2/Visualizers/SimpleControls.inputactions
  artifactKey: Guid(dc782cd8f65d34f0a9c0e85380a5b684) Importer(815301076,1909f56bfc062723c751e8b465ee728b)
Start importing Assets/Samples/Input System/1.0.2/Visualizers/SimpleControls.inputactions using Guid(dc782cd8f65d34f0a9c0e85380a5b684) Importer(815301076,1909f56bfc062723c751e8b465ee728b)  -> (artifact id: 'cde57191530c97e1c1211398ad2ab094') in 0.009768 seconds 
========================================================================
Received Import Request.
  Time since last request: 11.222723 seconds.
  path: Assets/Samples/Input System/1.0.2/Visualizers/SimpleControls.inputactions
  artifactKey: Guid(dc782cd8f65d34f0a9c0e85380a5b684) Importer(815301076,1909f56bfc062723c751e8b465ee728b)
Start importing Assets/Samples/Input System/1.0.2/Visualizers/SimpleControls.inputactions using Guid(dc782cd8f65d34f0a9c0e85380a5b684) Importer(815301076,1909f56bfc062723c751e8b465ee728b)  -> (artifact id: '2bf0d226e96f4b8478cec95941855c44') in 0.009895 seconds 
========================================================================
Received Prepare
Registering precompiled user dll's ...
Registered in 0.016216 seconds.
Begin MonoManager ReloadAssembly
Native extension for WindowsStandalone target not found
Refreshing native plugins compatible for Editor in 0.95 ms, found 1 plugins.
Preloading 0 native plugins for Editor in 0.00 ms.
Mono: successfully reloaded assembly
- Completed reload, in  1.176 seconds
Platform modules already initialized, skipping
Refreshing native plugins compatible for Editor in 0.89 ms, found 1 plugins.
Preloading 0 native plugins for Editor in 0.00 ms.
Unloading 3728 Unused Serialized files (Serialized files now loaded: 0)
System memory in use before: 152.0 MB.
System memory in use after: 151.8 MB.

Unloading 19 unused Assets to reduce memory usage. Loaded Objects now: 4260.
Total: 4.527300 ms (FindLiveObjects: 0.808600 ms CreateObjectMapping: 0.310200 ms MarkObjects: 3.130800 ms  DeleteObjects: 0.276000 ms)

========================================================================
Received Import Request.
  Time since last request: 20.696255 seconds.
  path: Assets/Samples/Input System/1.0.2/Visualizers/SimpleControls.inputactions
  artifactKey: Guid(dc782cd8f65d34f0a9c0e85380a5b684) Importer(815301076,1909f56bfc062723c751e8b465ee728b)
Start importing Assets/Samples/Input System/1.0.2/Visualizers/SimpleControls.inputactions using Guid(dc782cd8f65d34f0a9c0e85380a5b684) Importer(815301076,1909f56bfc062723c751e8b465ee728b)  -> (artifact id: '43d8c649748f5dd07a4477328ddc23d7') in 0.022857 seconds 
========================================================================
Received Prepare
Registering precompiled user dll's ...
Registered in 0.017162 seconds.
Begin MonoManager ReloadAssembly
Native extension for WindowsStandalone target not found
Refreshing native plugins compatible for Editor in 1.16 ms, found 1 plugins.
Preloading 0 native plugins for Editor in 0.00 ms.
Mono: successfully reloaded assembly
- Completed reload, in  1.190 seconds
Platform modules already initialized, skipping
Refreshing native plugins compatible for Editor in 0.86 ms, found 1 plugins.
Preloading 0 native plugins for Editor in 0.00 ms.
Unloading 3728 Unused Serialized files (Serialized files now loaded: 0)
System memory in use before: 151.9 MB.
System memory in use after: 151.8 MB.

Unloading 19 unused Assets to reduce memory usage. Loaded Objects now: 4263.
Total: 3.768200 ms (FindLiveObjects: 0.367300 ms CreateObjectMapping: 0.173900 ms MarkObjects: 2.994600 ms  DeleteObjects: 0.230800 ms)

========================================================================
Received Import Request.
  Time since last request: 22.254307 seconds.
  path: Assets/Samples/Input System/1.0.2/Visualizers/SimpleControls.inputactions
  artifactKey: Guid(dc782cd8f65d34f0a9c0e85380a5b684) Importer(815301076,1909f56bfc062723c751e8b465ee728b)
Start importing Assets/Samples/Input System/1.0.2/Visualizers/SimpleControls.inputactions using Guid(dc782cd8f65d34f0a9c0e85380a5b684) Importer(815301076,1909f56bfc062723c751e8b465ee728b)  -> (artifact id: 'c6007f5c0df8df2d6cd9bcb159c94061') in 0.024288 seconds 
========================================================================
Received Prepare
Registering precompiled user dll's ...
Registered in 0.015631 seconds.
Begin MonoManager ReloadAssembly
Native extension for WindowsStandalone target not found
Refreshing native plugins compatible for Editor in 0.88 ms, found 1 plugins.
Preloading 0 native plugins for Editor in 0.00 ms.
Mono: successfully reloaded assembly
- Completed reload, in  1.257 seconds
Platform modules already initialized, skipping
Refreshing native plugins compatible for Editor in 0.91 ms, found 1 plugins.
Preloading 0 native plugins for Editor in 0.00 ms.
Unloading 3728 Unused Serialized files (Serialized files now loaded: 0)
System memory in use before: 151.9 MB.
System memory in use after: 151.9 MB.

Unloading 19 unused Assets to reduce memory usage. Loaded Objects now: 4266.
Total: 3.594700 ms (FindLiveObjects: 0.428700 ms CreateObjectMapping: 0.104100 ms MarkObjects: 2.766500 ms  DeleteObjects: 0.293500 ms)

========================================================================
Received Import Request.
  Time since last request: 23.489650 seconds.
  path: Assets/Samples/Input System/1.0.2/Visualizers/SimpleControls.inputactions
  artifactKey: Guid(dc782cd8f65d34f0a9c0e85380a5b684) Importer(815301076,1909f56bfc062723c751e8b465ee728b)
Start importing Assets/Samples/Input System/1.0.2/Visualizers/SimpleControls.inputactions using Guid(dc782cd8f65d34f0a9c0e85380a5b684) Importer(815301076,1909f56bfc062723c751e8b465ee728b)  -> (artifact id: '06248ce75bc69e7bd142baffb7ff1b3b') in 0.027755 seconds 
========================================================================
Received Prepare
Registering precompiled user dll's ...
Registered in 0.015156 seconds.
Begin MonoManager ReloadAssembly
Native extension for WindowsStandalone target not found
Refreshing native plugins compatible for Editor in 0.77 ms, found 1 plugins.
Preloading 0 native plugins for Editor in 0.00 ms.
Mono: successfully reloaded assembly
- Completed reload, in  1.143 seconds
Platform modules already initialized, skipping
Refreshing native plugins compatible for Editor in 0.81 ms, found 1 plugins.
Preloading 0 native plugins for Editor in 0.00 ms.
Unloading 3728 Unused Serialized files (Serialized files now loaded: 0)
System memory in use before: 152.0 MB.
System memory in use after: 151.9 MB.

Unloading 19 unused Assets to reduce memory usage. Loaded Objects now: 4269.
Total: 3.437600 ms (FindLiveObjects: 0.361200 ms CreateObjectMapping: 0.104000 ms MarkObjects: 2.717200 ms  DeleteObjects: 0.253000 ms)

========================================================================
Received Import Request.
  Time since last request: 34.383717 seconds.
  path: Assets/Samples/Input System/1.0.2/Visualizers/SimpleControls.inputactions
  artifactKey: Guid(dc782cd8f65d34f0a9c0e85380a5b684) Importer(815301076,1909f56bfc062723c751e8b465ee728b)
Start importing Assets/Samples/Input System/1.0.2/Visualizers/SimpleControls.inputactions using Guid(dc782cd8f65d34f0a9c0e85380a5b684) Importer(815301076,1909f56bfc062723c751e8b465ee728b)  -> (artifact id: '070f325fb121af90194382155569f30b') in 0.026586 seconds 
========================================================================
Received Import Request.
  Time since last request: 3.300280 seconds.
  path: Assets/Samples/Input System/1.0.2/Visualizers/SimpleControls.inputactions
  artifactKey: Guid(dc782cd8f65d34f0a9c0e85380a5b684) Importer(815301076,1909f56bfc062723c751e8b465ee728b)
Start importing Assets/Samples/Input System/1.0.2/Visualizers/SimpleControls.inputactions using Guid(dc782cd8f65d34f0a9c0e85380a5b684) Importer(815301076,1909f56bfc062723c751e8b465ee728b)  -> (artifact id: '5374454d50b9cec013ac469943a5001b') in 0.009675 seconds 
========================================================================
Received Import Request.
  Time since last request: 6.637777 seconds.
  path: Assets/Samples/Input System/1.0.2/Visualizers/SimpleControls.inputactions
  artifactKey: Guid(dc782cd8f65d34f0a9c0e85380a5b684) Importer(815301076,1909f56bfc062723c751e8b465ee728b)
Start importing Assets/Samples/Input System/1.0.2/Visualizers/SimpleControls.inputactions using Guid(dc782cd8f65d34f0a9c0e85380a5b684) Importer(815301076,1909f56bfc062723c751e8b465ee728b)  -> (artifact id: 'b42d40e44bc8d3a626ef059c103883e5') in 0.009749 seconds 
========================================================================
Received Prepare
Registering precompiled user dll's ...
Registered in 0.021337 seconds.
Begin MonoManager ReloadAssembly
Native extension for WindowsStandalone target not found
Refreshing native plugins compatible for Editor in 1.16 ms, found 1 plugins.
Preloading 0 native plugins for Editor in 0.00 ms.
Mono: successfully reloaded assembly
- Completed reload, in  1.886 seconds
Platform modules already initialized, skipping
Refreshing native plugins compatible for Editor in 1.43 ms, found 1 plugins.
Preloading 0 native plugins for Editor in 0.00 ms.
Unloading 3728 Unused Serialized files (Serialized files now loaded: 0)
System memory in use before: 152.0 MB.
System memory in use after: 151.9 MB.

Unloading 19 unused Assets to reduce memory usage. Loaded Objects now: 4272.
Total: 6.877800 ms (FindLiveObjects: 0.815100 ms CreateObjectMapping: 0.295900 ms MarkObjects: 5.198400 ms  DeleteObjects: 0.564700 ms)

========================================================================
Received Import Request.
  Time since last request: 101.011722 seconds.
  path: Assets/Samples/Input System/1.0.2/Visualizers/SimpleControls.inputactions
  artifactKey: Guid(dc782cd8f65d34f0a9c0e85380a5b684) Importer(815301076,1909f56bfc062723c751e8b465ee728b)
Start importing Assets/Samples/Input System/1.0.2/Visualizers/SimpleControls.inputactions using Guid(dc782cd8f65d34f0a9c0e85380a5b684) Importer(815301076,1909f56bfc062723c751e8b465ee728b)  -> (artifact id: '926fdbc2da7c21ea47c1d3598091eb22') in 0.034460 seconds 
========================================================================
Received Import Request.
  Time since last request: 8.585632 seconds.
  path: Assets/Samples/Input System/1.0.2/Visualizers/SimpleControls.inputactions
  artifactKey: Guid(dc782cd8f65d34f0a9c0e85380a5b684) Importer(815301076,1909f56bfc062723c751e8b465ee728b)
Start importing Assets/Samples/Input System/1.0.2/Visualizers/SimpleControls.inputactions using Guid(dc782cd8f65d34f0a9c0e85380a5b684) Importer(815301076,1909f56bfc062723c751e8b465ee728b)  -> (artifact id: '186093ebf62054fa6f25fd1e30d9158c') in 0.011095 seconds 
========================================================================
Received Prepare
Registering precompiled user dll's ...
Registered in 0.019112 seconds.
Begin MonoManager ReloadAssembly
Native extension for WindowsStandalone target not found
Refreshing native plugins compatible for Editor in 1.14 ms, found 1 plugins.
Preloading 0 native plugins for Editor in 0.00 ms.
Mono: successfully reloaded assembly
- Completed reload, in  1.365 seconds
Platform modules already initialized, skipping
Refreshing native plugins compatible for Editor in 0.93 ms, found 1 plugins.
Preloading 0 native plugins for Editor in 0.00 ms.
Unloading 3728 Unused Serialized files (Serialized files now loaded: 0)
System memory in use before: 152.2 MB.
System memory in use after: 152.0 MB.

Unloading 19 unused Assets to reduce memory usage. Loaded Objects now: 4275.
Total: 4.086000 ms (FindLiveObjects: 0.407800 ms CreateObjectMapping: 0.218100 ms MarkObjects: 3.140700 ms  DeleteObjects: 0.317500 ms)

========================================================================
Received Prepare
Registering precompiled user dll's ...
Registered in 0.016412 seconds.
Begin MonoManager ReloadAssembly
Native extension for WindowsStandalone target not found
Refreshing native plugins compatible for Editor in 1.11 ms, found 1 plugins.
Preloading 0 native plugins for Editor in 0.00 ms.
Mono: successfully reloaded assembly
- Completed reload, in  1.246 seconds
Platform modules already initialized, skipping
Refreshing native plugins compatible for Editor in 1.26 ms, found 1 plugins.
Preloading 0 native plugins for Editor in 0.00 ms.
Unloading 3728 Unused Serialized files (Serialized files now loaded: 0)
System memory in use before: 152.1 MB.
System memory in use after: 152.0 MB.

Unloading 19 unused Assets to reduce memory usage. Loaded Objects now: 4278.
Total: 5.818000 ms (FindLiveObjects: 0.584800 ms CreateObjectMapping: 0.286200 ms MarkObjects: 4.511700 ms  DeleteObjects: 0.430500 ms)

========================================================================
Received Prepare
Registering precompiled user dll's ...
Registered in 0.013856 seconds.
Begin MonoManager ReloadAssembly
Native extension for WindowsStandalone target not found
Refreshing native plugins compatible for Editor in 0.76 ms, found 1 plugins.
Preloading 0 native plugins for Editor in 0.00 ms.
Mono: successfully reloaded assembly
- Completed reload, in  1.091 seconds
Platform modules already initialized, skipping
Refreshing native plugins compatible for Editor in 0.82 ms, found 1 plugins.
Preloading 0 native plugins for Editor in 0.00 ms.
Unloading 3728 Unused Serialized files (Serialized files now loaded: 0)
System memory in use before: 152.1 MB.
System memory in use after: 152.0 MB.

Unloading 19 unused Assets to reduce memory usage. Loaded Objects now: 4281.
Total: 4.732700 ms (FindLiveObjects: 0.503300 ms CreateObjectMapping: 0.333700 ms MarkObjects: 3.575800 ms  DeleteObjects: 0.318100 ms)

========================================================================
Received Import Request.
  Time since last request: 607.810583 seconds.
  path: Assets/Samples/Input System/1.0.2/Visualizers/GamepadVis.prefab
  artifactKey: Guid(b8429651427a640919754290f3704312) Importer(815301076,1909f56bfc062723c751e8b465ee728b)
Start importing Assets/Samples/Input System/1.0.2/Visualizers/GamepadVis.prefab using Guid(b8429651427a640919754290f3704312) Importer(815301076,1909f56bfc062723c751e8b465ee728b)  -> (artifact id: '9b8c7fddd18bff31699470a4d2e57a03') in 0.041142 seconds 
========================================================================
Received Import Request.
  Time since last request: 0.265555 seconds.
  path: Assets/Samples/Input System/1.0.2/Visualizers/GamepadVisualizer.unity
  artifactKey: Guid(60155d44a3f544d08a44a9fa0b5e2c4e) Importer(815301076,1909f56bfc062723c751e8b465ee728b)
Start importing Assets/Samples/Input System/1.0.2/Visualizers/GamepadVisualizer.unity using Guid(60155d44a3f544d08a44a9fa0b5e2c4e) Importer(815301076,1909f56bfc062723c751e8b465ee728b)  -> (artifact id: 'e6ddb21fb5e0c95bf444d593d44a6186') in 0.007962 seconds 
========================================================================
Received Import Request.
  Time since last request: 1.106218 seconds.
  path: Assets/Samples/Input System/1.0.2/Visualizers/MouseVis.prefab
  artifactKey: Guid(76c62aa07f01945d4b9afdb34d7a3396) Importer(815301076,1909f56bfc062723c751e8b465ee728b)
Start importing Assets/Samples/Input System/1.0.2/Visualizers/MouseVis.prefab using Guid(76c62aa07f01945d4b9afdb34d7a3396) Importer(815301076,1909f56bfc062723c751e8b465ee728b)  -> (artifact id: '7943a9c99447b39390c5fa8375728f54') in 0.009795 seconds 
========================================================================
Received Prepare
Registering precompiled user dll's ...
Registered in 0.020705 seconds.
Begin MonoManager ReloadAssembly
Native extension for WindowsStandalone target not found
Refreshing native plugins compatible for Editor in 0.99 ms, found 1 plugins.
Preloading 0 native plugins for Editor in 0.00 ms.
Mono: successfully reloaded assembly
- Completed reload, in  1.276 seconds
Platform modules already initialized, skipping
Refreshing native plugins compatible for Editor in 0.77 ms, found 1 plugins.
Preloading 0 native plugins for Editor in 0.00 ms.
Unloading 3737 Unused Serialized files (Serialized files now loaded: 0)
System memory in use before: 152.3 MB.
System memory in use after: 152.3 MB.

Unloading 19 unused Assets to reduce memory usage. Loaded Objects now: 4293.
Total: 3.483000 ms (FindLiveObjects: 0.392700 ms CreateObjectMapping: 0.117400 ms MarkObjects: 2.743100 ms  DeleteObjects: 0.228000 ms)

========================================================================
Received Import Request.
  Time since last request: 52.293205 seconds.
  path: Assets/Samples/Input System-UniSense/0.1.0/DualSense Main Sample
  artifactKey: Guid(c4d86b3c9cef6be46ac28e42369613a1) Importer(815301076,1909f56bfc062723c751e8b465ee728b)
Start importing Assets/Samples/Input System-UniSense/0.1.0/DualSense Main Sample using Guid(c4d86b3c9cef6be46ac28e42369613a1) Importer(815301076,1909f56bfc062723c751e8b465ee728b)  -> (artifact id: 'dcec986ad153a57e8d12a9e16f226adf') in 0.012133 seconds 
========================================================================
Received Prepare
Registering precompiled user dll's ...
Registered in 0.015052 seconds.
Begin MonoManager ReloadAssembly
Native extension for WindowsStandalone target not found
Refreshing native plugins compatible for Editor in 0.87 ms, found 1 plugins.
Preloading 0 native plugins for Editor in 0.00 ms.
Mono: successfully reloaded assembly
- Completed reload, in  1.208 seconds
Platform modules already initialized, skipping
Refreshing native plugins compatible for Editor in 0.80 ms, found 1 plugins.
Preloading 0 native plugins for Editor in 0.00 ms.
Unloading 3737 Unused Serialized files (Serialized files now loaded: 0)
System memory in use before: 152.4 MB.
System memory in use after: 152.4 MB.

Unloading 19 unused Assets to reduce memory usage. Loaded Objects now: 4296.
Total: 3.598300 ms (FindLiveObjects: 0.493300 ms CreateObjectMapping: 0.169500 ms MarkObjects: 2.702300 ms  DeleteObjects: 0.230800 ms)

========================================================================
Received Import Request.
  Time since last request: 8.769427 seconds.
  path: Assets/Samples/Input System-UniSense/0.1.0/DualSense Main Sample/Sprites
  artifactKey: Guid(7dad5e135b6d3984fbf86499a36910c0) Importer(815301076,1909f56bfc062723c751e8b465ee728b)
Start importing Assets/Samples/Input System-UniSense/0.1.0/DualSense Main Sample/Sprites using Guid(7dad5e135b6d3984fbf86499a36910c0) Importer(815301076,1909f56bfc062723c751e8b465ee728b)  -> (artifact id: '2bea00df7c212628c73995ad56dbbcd3') in 0.010418 seconds 
========================================================================
Received Import Request.
  Time since last request: 6.928142 seconds.
  path: Assets/Samples/Input System-UniSense/0.1.0/DualSense Main Sample/Scenes/MainSample.unity
  artifactKey: Guid(73f48848b4898784495f14decdbca052) Importer(815301076,1909f56bfc062723c751e8b465ee728b)
Start importing Assets/Samples/Input System-UniSense/0.1.0/DualSense Main Sample/Scenes/MainSample.unity using Guid(73f48848b4898784495f14decdbca052) Importer(815301076,1909f56bfc062723c751e8b465ee728b)  -> (artifact id: 'c7215ab9374c885311031c78127db244') in 0.016277 seconds 
========================================================================
Received Import Request.
  Time since last request: 35.378174 seconds.
  path: Assets/Samples/Input System-UniSense/0.1.0/DualSense Main Sample/Scripts/Inputs
  artifactKey: Guid(48e78b166b594e5458c11c3a4046df7c) Importer(815301076,1909f56bfc062723c751e8b465ee728b)
Start importing Assets/Samples/Input System-UniSense/0.1.0/DualSense Main Sample/Scripts/Inputs using Guid(48e78b166b594e5458c11c3a4046df7c) Importer(815301076,1909f56bfc062723c751e8b465ee728b)  -> (artifact id: '13ee4a3eb314502e3bcef8b20a75d8cc') in 0.009241 seconds 
========================================================================
Received Import Request.
  Time since last request: 1.660209 seconds.
  path: Assets/Samples/Input System-UniSense/0.1.0/DualSense Main Sample/Scripts/Animators/DualSenseAnimator.cs
  artifactKey: Guid(7b9d8623e5731e5419575b33a0d276b4) Importer(815301076,1909f56bfc062723c751e8b465ee728b)
Start importing Assets/Samples/Input System-UniSense/0.1.0/DualSense Main Sample/Scripts/Animators/DualSenseAnimator.cs using Guid(7b9d8623e5731e5419575b33a0d276b4) Importer(815301076,1909f56bfc062723c751e8b465ee728b)  -> (artifact id: 'c94a9e609b39887201b887e837eff302') in 0.010510 seconds 
========================================================================
Received Import Request.
  Time since last request: 1.702817 seconds.
  path: Assets/Samples/Input System-UniSense/0.1.0/DualSense Main Sample/Scripts/UI/EffectTypeDropdown.cs
  artifactKey: Guid(fb065b15879bfe14d95cc93cec5ed16b) Importer(815301076,1909f56bfc062723c751e8b465ee728b)
Start importing Assets/Samples/Input System-UniSense/0.1.0/DualSense Main Sample/Scripts/UI/EffectTypeDropdown.cs using Guid(fb065b15879bfe14d95cc93cec5ed16b) Importer(815301076,1909f56bfc062723c751e8b465ee728b)  -> (artifact id: 'c76280193d66242ddb976aed82a5ea6d') in 0.008183 seconds 
========================================================================
Received Import Request.
  Time since last request: 1.137794 seconds.
  path: Assets/Samples/Input System-UniSense/0.1.0/DualSense Main Sample/Scripts/UI/DemoUI.cs
  artifactKey: Guid(269bee78da39cd847b346f436348a530) Importer(815301076,1909f56bfc062723c751e8b465ee728b)
Start importing Assets/Samples/Input System-UniSense/0.1.0/DualSense Main Sample/Scripts/UI/DemoUI.cs using Guid(269bee78da39cd847b346f436348a530) Importer(815301076,1909f56bfc062723c751e8b465ee728b)  -> (artifact id: 'a9fbd86713a4ed1e2e192d421e7b135e') in 0.006866 seconds 
========================================================================
Received Import Request.
  Time since last request: 8.536754 seconds.
  path: Assets/Samples/Input System-UniSense/0.1.0/DualSense Main Sample/Scripts/UI
  artifactKey: Guid(6aead3212c440e8488adf0406271e203) Importer(815301076,1909f56bfc062723c751e8b465ee728b)
Start importing Assets/Samples/Input System-UniSense/0.1.0/DualSense Main Sample/Scripts/UI using Guid(6aead3212c440e8488adf0406271e203) Importer(815301076,1909f56bfc062723c751e8b465ee728b)  -> (artifact id: '154c97e8bfbcb206a7513bbb0f6ee66f') in 0.008025 seconds 
========================================================================
Received Import Request.
  Time since last request: 0.531444 seconds.
  path: Assets/Samples/Input System-UniSense/0.1.0/DualSense Main Sample/Scripts/Inputs/DualSenseTrigger.cs
  artifactKey: Guid(2b4164573ae0db643a150189cce007c7) Importer(815301076,1909f56bfc062723c751e8b465ee728b)
Start importing Assets/Samples/Input System-UniSense/0.1.0/DualSense Main Sample/Scripts/Inputs/DualSenseTrigger.cs using Guid(2b4164573ae0db643a150189cce007c7) Importer(815301076,1909f56bfc062723c751e8b465ee728b)  -> (artifact id: '04cadb2551a67a4307221b4ce1781950') in 0.007367 seconds 
========================================================================
Received Import Request.
  Time since last request: 4.627572 seconds.
  path: Assets/Samples/Input System-UniSense/0.1.0/DualSense Main Sample/Scripts/Inputs/DualSenseRumble.cs
  artifactKey: Guid(d8f0fbb2fc9dd0542ac8a5fe44b2c4ca) Importer(815301076,1909f56bfc062723c751e8b465ee728b)
Start importing Assets/Samples/Input System-UniSense/0.1.0/DualSense Main Sample/Scripts/Inputs/DualSenseRumble.cs using Guid(d8f0fbb2fc9dd0542ac8a5fe44b2c4ca) Importer(815301076,1909f56bfc062723c751e8b465ee728b)  -> (artifact id: 'c0b12eb94423fa74a32d4b013a761711') in 0.008650 seconds 
========================================================================
Received Prepare
Registering precompiled user dll's ...
Registered in 0.018826 seconds.
Begin MonoManager ReloadAssembly
Native extension for WindowsStandalone target not found
Refreshing native plugins compatible for Editor in 1.11 ms, found 1 plugins.
Preloading 0 native plugins for Editor in 0.00 ms.
Mono: successfully reloaded assembly
- Completed reload, in  1.314 seconds
Platform modules already initialized, skipping
Refreshing native plugins compatible for Editor in 1.09 ms, found 1 plugins.
Preloading 0 native plugins for Editor in 0.00 ms.
Unloading 3737 Unused Serialized files (Serialized files now loaded: 0)
System memory in use before: 152.5 MB.
System memory in use after: 152.4 MB.

Unloading 19 unused Assets to reduce memory usage. Loaded Objects now: 4299.
Total: 5.055900 ms (FindLiveObjects: 1.284900 ms CreateObjectMapping: 0.263400 ms MarkObjects: 3.207300 ms  DeleteObjects: 0.297400 ms)

========================================================================
Received Import Request.
  Time since last request: 27.563597 seconds.
  path: Assets/Samples/Input System-UniSense/0.1.0/DualSense Main Sample/Scripts/Inputs/AbstractDualSenseBehaviour.cs
  artifactKey: Guid(73db0f00738faa746a9a5a365a4c8f41) Importer(815301076,1909f56bfc062723c751e8b465ee728b)
Start importing Assets/Samples/Input System-UniSense/0.1.0/DualSense Main Sample/Scripts/Inputs/AbstractDualSenseBehaviour.cs using Guid(73db0f00738faa746a9a5a365a4c8f41) Importer(815301076,1909f56bfc062723c751e8b465ee728b)  -> (artifact id: 'db2e2ad48b31e789dadd095cef508609') in 0.013793 seconds 
========================================================================
Received Import Request.
  Time since last request: 0.574457 seconds.
  path: Assets/Samples/Input System-UniSense/0.1.0/DualSense Main Sample/Scripts/Inputs/DualSenseButtonInput.cs
  artifactKey: Guid(532375017b3835f4bb86c3ff340afa8c) Importer(815301076,1909f56bfc062723c751e8b465ee728b)
Start importing Assets/Samples/Input System-UniSense/0.1.0/DualSense Main Sample/Scripts/Inputs/DualSenseButtonInput.cs using Guid(532375017b3835f4bb86c3ff340afa8c) Importer(815301076,1909f56bfc062723c751e8b465ee728b)  -> (artifact id: 'a3331e983ae0871d9ea9051dd79287e8') in 0.007198 seconds 
========================================================================
Received Prepare
Registering precompiled user dll's ...
Registered in 0.020161 seconds.
Begin MonoManager ReloadAssembly
Native extension for WindowsStandalone target not found
Refreshing native plugins compatible for Editor in 0.79 ms, found 1 plugins.
Preloading 0 native plugins for Editor in 0.00 ms.
Mono: successfully reloaded assembly
- Completed reload, in  1.170 seconds
Platform modules already initialized, skipping
Refreshing native plugins compatible for Editor in 1.59 ms, found 1 plugins.
Preloading 0 native plugins for Editor in 0.00 ms.
Unloading 3737 Unused Serialized files (Serialized files now loaded: 0)
System memory in use before: 152.5 MB.
System memory in use after: 152.4 MB.

Unloading 19 unused Assets to reduce memory usage. Loaded Objects now: 4302.
Total: 3.866100 ms (FindLiveObjects: 0.415700 ms CreateObjectMapping: 0.124100 ms MarkObjects: 3.063700 ms  DeleteObjects: 0.260700 ms)

========================================================================
Received Import Request.
  Time since last request: 767.532330 seconds.
  path: Assets/Samples/Input System/1.0.2/Visualizers/VisualizationHelpers.cs
  artifactKey: Guid(ad5cfc4797aad4aa1b10dc648646ba5e) Importer(815301076,1909f56bfc062723c751e8b465ee728b)
Start importing Assets/Samples/Input System/1.0.2/Visualizers/VisualizationHelpers.cs using Guid(ad5cfc4797aad4aa1b10dc648646ba5e) Importer(815301076,1909f56bfc062723c751e8b465ee728b)  -> (artifact id: '948a9507a2c2a7e645e36f0c0f03a8a9') in 0.013198 seconds 
========================================================================
Received Import Request.
  Time since last request: 411.579941 seconds.
  path: Assets/Samples/Input System/1.0.2/Visualizers/InputVisualizer.cs
  artifactKey: Guid(55e8b429cfd654e2f89f16b18d99cf4b) Importer(815301076,1909f56bfc062723c751e8b465ee728b)
Start importing Assets/Samples/Input System/1.0.2/Visualizers/InputVisualizer.cs using Guid(55e8b429cfd654e2f89f16b18d99cf4b) Importer(815301076,1909f56bfc062723c751e8b465ee728b)  -> (artifact id: 'aa4c344069868db49ebba4fdb3f541ea') in 0.008067 seconds 
========================================================================
Received Prepare
Registering precompiled user dll's ...
Registered in 0.015406 seconds.
Begin MonoManager ReloadAssembly
Native extension for WindowsStandalone target not found
Refreshing native plugins compatible for Editor in 0.75 ms, found 1 plugins.
Preloading 0 native plugins for Editor in 0.00 ms.
Mono: successfully reloaded assembly
- Completed reload, in  1.162 seconds
Platform modules already initialized, skipping
Refreshing native plugins compatible for Editor in 0.91 ms, found 1 plugins.
Preloading 0 native plugins for Editor in 0.00 ms.
Unloading 3737 Unused Serialized files (Serialized files now loaded: 0)
System memory in use before: 152.5 MB.
System memory in use after: 152.4 MB.

Unloading 19 unused Assets to reduce memory usage. Loaded Objects now: 4305.
Total: 4.170000 ms (FindLiveObjects: 0.621500 ms CreateObjectMapping: 0.241900 ms MarkObjects: 3.052700 ms  DeleteObjects: 0.251500 ms)

========================================================================
Received Prepare
Registering precompiled user dll's ...
Registered in 0.014633 seconds.
Begin MonoManager ReloadAssembly
Native extension for WindowsStandalone target not found
Refreshing native plugins compatible for Editor in 1.56 ms, found 1 plugins.
Preloading 0 native plugins for Editor in 0.00 ms.
Mono: successfully reloaded assembly
- Completed reload, in  1.352 seconds
Platform modules already initialized, skipping
Refreshing native plugins compatible for Editor in 0.79 ms, found 1 plugins.
Preloading 0 native plugins for Editor in 0.00 ms.
Unloading 3737 Unused Serialized files (Serialized files now loaded: 0)
System memory in use before: 152.5 MB.
System memory in use after: 152.4 MB.

Unloading 19 unused Assets to reduce memory usage. Loaded Objects now: 4308.
Total: 4.204800 ms (FindLiveObjects: 0.548500 ms CreateObjectMapping: 0.302300 ms MarkObjects: 3.117100 ms  DeleteObjects: 0.235500 ms)

========================================================================
Received Import Request.
  Time since last request: 432.949879 seconds.
  path: Packages/com.nullkal.unisense/UniSense/DualSenseGamepadHID.cs
  artifactKey: Guid(844dfcfad6a8fd84dbe4e6e3c5c0636b) Importer(815301076,1909f56bfc062723c751e8b465ee728b)
Start importing Packages/com.nullkal.unisense/UniSense/DualSenseGamepadHID.cs using Guid(844dfcfad6a8fd84dbe4e6e3c5c0636b) Importer(815301076,1909f56bfc062723c751e8b465ee728b)  -> (artifact id: '68abeda5c3731a5a7c907a0880ab6539') in 0.010959 seconds 
========================================================================
Received Prepare
Registering precompiled user dll's ...
Registered in 0.017273 seconds.
Begin MonoManager ReloadAssembly
Native extension for WindowsStandalone target not found
Refreshing native plugins compatible for Editor in 1.44 ms, found 1 plugins.
Preloading 0 native plugins for Editor in 0.00 ms.
Mono: successfully reloaded assembly
- Completed reload, in  1.287 seconds
Platform modules already initialized, skipping
Refreshing native plugins compatible for Editor in 1.20 ms, found 1 plugins.
Preloading 0 native plugins for Editor in 0.00 ms.
Unloading 3737 Unused Serialized files (Serialized files now loaded: 0)
System memory in use before: 152.6 MB.
System memory in use after: 152.4 MB.

Unloading 19 unused Assets to reduce memory usage. Loaded Objects now: 4311.
Total: 4.081300 ms (FindLiveObjects: 0.707400 ms CreateObjectMapping: 0.325200 ms MarkObjects: 2.763900 ms  DeleteObjects: 0.283100 ms)

========================================================================
Received Prepare
Registering precompiled user dll's ...
Registered in 0.014353 seconds.
Begin MonoManager ReloadAssembly
Native extension for WindowsStandalone target not found
Refreshing native plugins compatible for Editor in 1.30 ms, found 1 plugins.
Preloading 0 native plugins for Editor in 0.00 ms.
Mono: successfully reloaded assembly
- Completed reload, in  1.383 seconds
Platform modules already initialized, skipping
Refreshing native plugins compatible for Editor in 0.89 ms, found 1 plugins.
Preloading 0 native plugins for Editor in 0.00 ms.
Unloading 3737 Unused Serialized files (Serialized files now loaded: 0)
System memory in use before: 152.5 MB.
System memory in use after: 152.4 MB.

Unloading 19 unused Assets to reduce memory usage. Loaded Objects now: 4314.
Total: 4.166400 ms (FindLiveObjects: 0.525900 ms CreateObjectMapping: 0.335000 ms MarkObjects: 3.049600 ms  DeleteObjects: 0.254500 ms)

========================================================================
Received Import Request.
  Time since last request: 379.954725 seconds.
  path: Packages/com.nullkal.unisense/UniSense/DualSenseGamepadHID.cs
  artifactKey: Guid(844dfcfad6a8fd84dbe4e6e3c5c0636b) Importer(815301076,1909f56bfc062723c751e8b465ee728b)
Start importing Packages/com.nullkal.unisense/UniSense/DualSenseGamepadHID.cs using Guid(844dfcfad6a8fd84dbe4e6e3c5c0636b) Importer(815301076,1909f56bfc062723c751e8b465ee728b)  -> (artifact id: 'de8c2fd336eac83a174695c7e53a5672') in 0.011395 seconds 
