Using pre-set license
Built from '2021.1/release' branch; Version is '2021.1.0f1 (61a549675243) revision 6399305'; Using compiler version '192528614'; Build Type 'Release'
OS: 'Windows 10 Enterprise; OS build 22621.1265; Version 2009; 64bit' Language: 'en' Physical Memory: 32483 MB
BatchMode: 1, IsHumanControllingUs: 0, StartBugReporterOnCrash: 0, Is64bit: 1, IsPro: 0

 COMMAND LINE ARGUMENTS:
C:\Program Files\Unity\Hub\Editor\2021.1.0f1\Editor\Unity.exe
-adb2
-batchMode
-noUpm
-name
AssetImportWorker0
-projectPath
C:/Users/cwitstudent/Desktop/WildRunnerUI
-logFile
Logs/AssetImportWorker0.log
-srvPort
50566
Successfully changed project path to: C:/Users/cwitstudent/Desktop/WildRunnerUI
C:/Users/cwitstudent/Desktop/WildRunnerUI
Using Asset Import Pipeline V2.
Refreshing native plugins compatible for Editor in 13.13 ms, found 0 plugins.
Preloading 0 native plugins for Editor in 0.00 ms.
Initialize engine version: 2021.1.0f1 (61a549675243)
[Subsystems] Discovering subsystems at path C:/Program Files/Unity/Hub/Editor/2021.1.0f1/Editor/Data/Resources/UnitySubsystems
[Subsystems] Discovering subsystems at path C:/Users/cwitstudent/Desktop/WildRunnerUI/Assets
GfxDevice: creating device client; threaded=0; jobified=0
Direct3D:
    Version:  Direct3D 11.0 [level 11.1]
    Renderer: NVIDIA GeForce GTX 1050 Ti (ID=0x1c82)
    Vendor:   NVIDIA
    VRAM:     4017 MB
    Driver:   31.0.15.2849
Initialize mono
Mono path[0] = 'C:/Program Files/Unity/Hub/Editor/2021.1.0f1/Editor/Data/Managed'
Mono path[1] = 'C:/Program Files/Unity/Hub/Editor/2021.1.0f1/Editor/Data/MonoBleedingEdge/lib/mono/unityjit'
Mono config path = 'C:/Program Files/Unity/Hub/Editor/2021.1.0f1/Editor/Data/MonoBleedingEdge/etc'
Using monoOptions --debugger-agent=transport=dt_socket,embedding=1,server=y,suspend=n,address=127.0.0.1:56456
Begin MonoManager ReloadAssembly
Registering precompiled unity dll's ...
Register platform support module: C:/Program Files/Unity/Hub/Editor/2021.1.0f1/Editor/Data/PlaybackEngines/WebGLSupport/UnityEditor.WebGL.Extensions.dll
Register platform support module: C:/Program Files/Unity/Hub/Editor/2021.1.0f1/Editor/Data/PlaybackEngines/WindowsStandaloneSupport/UnityEditor.WindowsStandalone.Extensions.dll
Registered in 0.000877 seconds.
Native extension for WindowsStandalone target not found
Native extension for WebGL target not found
Refreshing native plugins compatible for Editor in 13.50 ms, found 0 plugins.
Preloading 0 native plugins for Editor in 0.00 ms.
Mono: successfully reloaded assembly
- Completed reload, in  1.025 seconds
Platform modules already initialized, skipping
Registering precompiled user dll's ...
Registered in 0.000302 seconds.
Begin MonoManager ReloadAssembly
Native extension for WindowsStandalone target not found
Native extension for WebGL target not found
Refreshing native plugins compatible for Editor in 0.13 ms, found 0 plugins.
Preloading 0 native plugins for Editor in 0.00 ms.
Mono: successfully reloaded assembly
- Completed reload, in  0.421 seconds
Platform modules already initialized, skipping
========================================================================
Worker process is ready to serve import requests
Launched and connected shader compiler UnityShaderCompiler.exe after 0.03 seconds
Refreshing native plugins compatible for Editor in 0.16 ms, found 0 plugins.
Preloading 0 native plugins for Editor in 0.00 ms.
Unloading 1175 Unused Serialized files (Serialized files now loaded: 0)
System memory in use before: 61.2 MB.
System memory in use after: 61.3 MB.

Unloading 9 unused Assets to reduce memory usage. Loaded Objects now: 1635.
Total: 1.200600 ms (FindLiveObjects: 0.106700 ms CreateObjectMapping: 0.018500 ms MarkObjects: 1.019100 ms  DeleteObjects: 0.055600 ms)

========================================================================
Received Import Request.
  path: Assets/Scenes/MainMenu.unity
  artifactKey: Guid(9fc0d4010bbf28b4594072e72b8655ab) Importer(815301076,1909f56bfc062723c751e8b465ee728b)
Start importing Assets/Scenes/MainMenu.unity using Guid(9fc0d4010bbf28b4594072e72b8655ab) Importer(815301076,1909f56bfc062723c751e8b465ee728b)  -> (artifact id: '3a8f0b9dfc25ad61f1be1c5ddffdb68c') in 0.005611 seconds 
========================================================================
Received Import Request.
  Time since last request: 58.123035 seconds.
  path: Assets/TextMesh Pro/Shaders
  artifactKey: Guid(e9f693669af91aa45ad615fc681ed29f) Importer(815301076,1909f56bfc062723c751e8b465ee728b)
Start importing Assets/TextMesh Pro/Shaders using Guid(e9f693669af91aa45ad615fc681ed29f) Importer(815301076,1909f56bfc062723c751e8b465ee728b)  -> (artifact id: '34c795588dc6e637f1c1911411f7dd0c') in 0.001179 seconds 
========================================================================
Received Prepare
Refreshing native plugins compatible for Editor in 0.38 ms, found 0 plugins.
Preloading 0 native plugins for Editor in 0.00 ms.
Unloading 3 Unused Serialized files (Serialized files now loaded: 0)
System memory in use before: 37.0 MB.
System memory in use after: 37.1 MB.

Unloading 2 unused Assets to reduce memory usage. Loaded Objects now: 1635.
Total: 1.275800 ms (FindLiveObjects: 0.065300 ms CreateObjectMapping: 0.017200 ms MarkObjects: 1.185300 ms  DeleteObjects: 0.007400 ms)

========================================================================
Received Import Request.
  Time since last request: 788.072465 seconds.
  path: Assets/Animations/Scene1
  artifactKey: Guid(49f297aab865d194e8717cdccf9441e8) Importer(815301076,1909f56bfc062723c751e8b465ee728b)
Start importing Assets/Animations/Scene1 using Guid(49f297aab865d194e8717cdccf9441e8) Importer(815301076,1909f56bfc062723c751e8b465ee728b)  -> (artifact id: '7e4d32b7c0f07d236cd2f783bbeb6df0') in 0.001274 seconds 
========================================================================
Received Import Request.
  Time since last request: 1.458338 seconds.
  path: Assets/Animations/Settings.controller
  artifactKey: Guid(feff8c6c187ff6e419b11f1cb5ffd91a) Importer(815301076,1909f56bfc062723c751e8b465ee728b)
Start importing Assets/Animations/Settings.controller using Guid(feff8c6c187ff6e419b11f1cb5ffd91a) Importer(815301076,1909f56bfc062723c751e8b465ee728b)  -> (artifact id: '2d9ca4f1fac1d3bfce593502e48a46c3') in 0.027825 seconds 
========================================================================
Received Import Request.
  Time since last request: 10.138886 seconds.
  path: Assets/Animations/Scene2
  artifactKey: Guid(101b7558bdda94e4b878114656157256) Importer(815301076,1909f56bfc062723c751e8b465ee728b)
Start importing Assets/Animations/Scene2 using Guid(101b7558bdda94e4b878114656157256) Importer(815301076,1909f56bfc062723c751e8b465ee728b)  -> (artifact id: 'e802181bb97999e7ebb3b7e6612d020f') in 0.005273 seconds 
========================================================================
Received Import Request.
  Time since last request: 473.165545 seconds.
  path: Assets/Animations/Scene2/PlayButton.controller
  artifactKey: Guid(f17fc220dbbb7cf4090deda20a1be6f8) Importer(815301076,1909f56bfc062723c751e8b465ee728b)
Start importing Assets/Animations/Scene2/PlayButton.controller using Guid(f17fc220dbbb7cf4090deda20a1be6f8) Importer(815301076,1909f56bfc062723c751e8b465ee728b)  -> (artifact id: '4a0701f92c65ff037aa22b81d4ce8132') in 0.001157 seconds 
========================================================================
Received Prepare
Registering precompiled user dll's ...
Registered in 0.000300 seconds.
Begin MonoManager ReloadAssembly
Native extension for WindowsStandalone target not found
Native extension for WebGL target not found
Refreshing native plugins compatible for Editor in 0.14 ms, found 0 plugins.
Preloading 0 native plugins for Editor in 0.00 ms.
Mono: successfully reloaded assembly
- Completed reload, in  0.407 seconds
Platform modules already initialized, skipping
Refreshing native plugins compatible for Editor in 0.11 ms, found 0 plugins.
Preloading 0 native plugins for Editor in 0.00 ms.
Unloading 1157 Unused Serialized files (Serialized files now loaded: 0)
System memory in use before: 60.2 MB.
System memory in use after: 60.3 MB.

Unloading 4 unused Assets to reduce memory usage. Loaded Objects now: 1638.
Total: 1.483500 ms (FindLiveObjects: 0.097300 ms CreateObjectMapping: 0.026600 ms MarkObjects: 1.346400 ms  DeleteObjects: 0.012500 ms)

========================================================================
Received Import Request.
  Time since last request: 538.434215 seconds.
  path: Assets/Animations/Scene2/MenuButtons.controller
  artifactKey: Guid(f17fc220dbbb7cf4090deda20a1be6f8) Importer(815301076,1909f56bfc062723c751e8b465ee728b)
Start importing Assets/Animations/Scene2/MenuButtons.controller using Guid(f17fc220dbbb7cf4090deda20a1be6f8) Importer(815301076,1909f56bfc062723c751e8b465ee728b)  -> (artifact id: '813dc54d11821c27c28db0acc8a9c8da') in 0.006458 seconds 
========================================================================
Received Prepare
Registering precompiled user dll's ...
Registered in 0.000274 seconds.
Begin MonoManager ReloadAssembly
Native extension for WindowsStandalone target not found
Native extension for WebGL target not found
Refreshing native plugins compatible for Editor in 0.15 ms, found 0 plugins.
Preloading 0 native plugins for Editor in 0.00 ms.
Mono: successfully reloaded assembly
- Completed reload, in  0.398 seconds
Platform modules already initialized, skipping
Refreshing native plugins compatible for Editor in 0.10 ms, found 0 plugins.
Preloading 0 native plugins for Editor in 0.00 ms.
Unloading 1157 Unused Serialized files (Serialized files now loaded: 0)
System memory in use before: 60.2 MB.
System memory in use after: 60.3 MB.

Unloading 4 unused Assets to reduce memory usage. Loaded Objects now: 1641.
Total: 1.051500 ms (FindLiveObjects: 0.076900 ms CreateObjectMapping: 0.018500 ms MarkObjects: 0.947000 ms  DeleteObjects: 0.008100 ms)

========================================================================
Received Import Request.
  Time since last request: 113.795979 seconds.
  path: Assets/Scenes/Scene_2.1.unity
  artifactKey: Guid(e874b7b6b822d134fba0d504dc1f1ab9) Importer(815301076,1909f56bfc062723c751e8b465ee728b)
Start importing Assets/Scenes/Scene_2.1.unity using Guid(e874b7b6b822d134fba0d504dc1f1ab9) Importer(815301076,1909f56bfc062723c751e8b465ee728b)  -> (artifact id: '96a354fd4b72b0cc8395b8315e71a93a') in 0.005708 seconds 
========================================================================
Received Import Request.
  Time since last request: 34.274417 seconds.
  path: Assets/Animations/Scene2/MenuButtons.controller
  artifactKey: Guid(f17fc220dbbb7cf4090deda20a1be6f8) Importer(815301076,1909f56bfc062723c751e8b465ee728b)
Start importing Assets/Animations/Scene2/MenuButtons.controller using Guid(f17fc220dbbb7cf4090deda20a1be6f8) Importer(815301076,1909f56bfc062723c751e8b465ee728b)  -> (artifact id: 'fde19c9dcb9628c5c600839dbaff2d2e') in 0.003727 seconds 
========================================================================
Received Prepare
Registering precompiled user dll's ...
Registered in 0.000279 seconds.
Begin MonoManager ReloadAssembly
Native extension for WindowsStandalone target not found
Native extension for WebGL target not found
Refreshing native plugins compatible for Editor in 0.13 ms, found 0 plugins.
Preloading 0 native plugins for Editor in 0.00 ms.
Mono: successfully reloaded assembly
- Completed reload, in  0.399 seconds
Platform modules already initialized, skipping
Refreshing native plugins compatible for Editor in 0.10 ms, found 0 plugins.
Preloading 0 native plugins for Editor in 0.00 ms.
Unloading 1157 Unused Serialized files (Serialized files now loaded: 0)
System memory in use before: 60.2 MB.
System memory in use after: 60.3 MB.

Unloading 4 unused Assets to reduce memory usage. Loaded Objects now: 1644.
Total: 0.979600 ms (FindLiveObjects: 0.061400 ms CreateObjectMapping: 0.016800 ms MarkObjects: 0.892900 ms  DeleteObjects: 0.007800 ms)

========================================================================
Received Import Request.
  Time since last request: 389.627538 seconds.
  path: Assets/Animations/Scene2/RightBoarder.controller
  artifactKey: Guid(bb82fcaee0797ad468f4bea9b1e5a358) Importer(815301076,1909f56bfc062723c751e8b465ee728b)
Start importing Assets/Animations/Scene2/RightBoarder.controller using Guid(bb82fcaee0797ad468f4bea9b1e5a358) Importer(815301076,1909f56bfc062723c751e8b465ee728b)  -> (artifact id: '742be06c3651272849a7907fa44009ca') in 0.014401 seconds 
========================================================================
Received Import Request.
  Time since last request: 35.711556 seconds.
  path: Assets/Animations/Scene2/New Animation.anim
  artifactKey: Guid(4101956aa92b6a74ea0b37550045668e) Importer(815301076,1909f56bfc062723c751e8b465ee728b)
Start importing Assets/Animations/Scene2/New Animation.anim using Guid(4101956aa92b6a74ea0b37550045668e) Importer(815301076,1909f56bfc062723c751e8b465ee728b)  -> (artifact id: '1ddaf93666b76806afe6628ae75baadf') in 0.003098 seconds 
========================================================================
Received Import Request.
  Time since last request: 12.823704 seconds.
  path: Assets/Animations/Scene2/BorderExpand.anim
  artifactKey: Guid(4101956aa92b6a74ea0b37550045668e) Importer(815301076,1909f56bfc062723c751e8b465ee728b)
Start importing Assets/Animations/Scene2/BorderExpand.anim using Guid(4101956aa92b6a74ea0b37550045668e) Importer(815301076,1909f56bfc062723c751e8b465ee728b)  -> (artifact id: '02cdb44f29cd97411a1bf5815648c667') in 0.001133 seconds 
========================================================================
Received Prepare
Registering precompiled user dll's ...
Registered in 0.000249 seconds.
Begin MonoManager ReloadAssembly
Native extension for WindowsStandalone target not found
Native extension for WebGL target not found
Refreshing native plugins compatible for Editor in 0.14 ms, found 0 plugins.
Preloading 0 native plugins for Editor in 0.00 ms.
Mono: successfully reloaded assembly
- Completed reload, in  0.413 seconds
Platform modules already initialized, skipping
Refreshing native plugins compatible for Editor in 0.11 ms, found 0 plugins.
Preloading 0 native plugins for Editor in 0.00 ms.
Unloading 1157 Unused Serialized files (Serialized files now loaded: 0)
System memory in use before: 60.2 MB.
System memory in use after: 60.3 MB.

Unloading 4 unused Assets to reduce memory usage. Loaded Objects now: 1647.
Total: 1.016800 ms (FindLiveObjects: 0.066800 ms CreateObjectMapping: 0.019600 ms MarkObjects: 0.920100 ms  DeleteObjects: 0.009700 ms)

========================================================================
Received Import Request.
  Time since last request: 266.878059 seconds.
  path: Assets/Animations/Scene2/BorderIdle.anim
  artifactKey: Guid(84abce429d56f23438911c30f35d3411) Importer(815301076,1909f56bfc062723c751e8b465ee728b)
Start importing Assets/Animations/Scene2/BorderIdle.anim using Guid(84abce429d56f23438911c30f35d3411) Importer(815301076,1909f56bfc062723c751e8b465ee728b)  -> (artifact id: 'e8820ae21a05343a8a971e35f6e3d9ef') in 0.011651 seconds 
========================================================================
Received Import Request.
  Time since last request: 18.702199 seconds.
  path: Assets/Animations/Scene2/New Animation.anim
  artifactKey: Guid(23b3cf78a521abd40a36abe4a6327857) Importer(815301076,1909f56bfc062723c751e8b465ee728b)
Start importing Assets/Animations/Scene2/New Animation.anim using Guid(23b3cf78a521abd40a36abe4a6327857) Importer(815301076,1909f56bfc062723c751e8b465ee728b)  -> (artifact id: '90ee9ea1b17689c6d767fd5b5ae5f77c') in 0.008274 seconds 
========================================================================
Received Import Request.
  Time since last request: 27.976087 seconds.
  path: Assets/Animations/Scene2/BorderRetract.anim
  artifactKey: Guid(23b3cf78a521abd40a36abe4a6327857) Importer(815301076,1909f56bfc062723c751e8b465ee728b)
Start importing Assets/Animations/Scene2/BorderRetract.anim using Guid(23b3cf78a521abd40a36abe4a6327857) Importer(815301076,1909f56bfc062723c751e8b465ee728b)  -> (artifact id: '4d894d8d21217c8c5e917d39fa06b0ea') in 0.001162 seconds 
========================================================================
Received Prepare
Registering precompiled user dll's ...
Registered in 0.000309 seconds.
Begin MonoManager ReloadAssembly
Native extension for WindowsStandalone target not found
Native extension for WebGL target not found
Refreshing native plugins compatible for Editor in 0.14 ms, found 0 plugins.
Preloading 0 native plugins for Editor in 0.00 ms.
Mono: successfully reloaded assembly
- Completed reload, in  0.395 seconds
Platform modules already initialized, skipping
Refreshing native plugins compatible for Editor in 0.18 ms, found 0 plugins.
Preloading 0 native plugins for Editor in 0.00 ms.
Unloading 1157 Unused Serialized files (Serialized files now loaded: 0)
System memory in use before: 60.2 MB.
System memory in use after: 60.3 MB.

Unloading 4 unused Assets to reduce memory usage. Loaded Objects now: 1650.
Total: 0.959900 ms (FindLiveObjects: 0.067900 ms CreateObjectMapping: 0.017400 ms MarkObjects: 0.866600 ms  DeleteObjects: 0.007500 ms)

========================================================================
Received Import Request.
  Time since last request: 379.443015 seconds.
  path: Assets/Animations/Scene2/BorderExpand.anim
  artifactKey: Guid(4101956aa92b6a74ea0b37550045668e) Importer(815301076,1909f56bfc062723c751e8b465ee728b)
Start importing Assets/Animations/Scene2/BorderExpand.anim using Guid(4101956aa92b6a74ea0b37550045668e) Importer(815301076,1909f56bfc062723c751e8b465ee728b)  -> (artifact id: '9a23cee93d699b81e846c30e63ba56cb') in 0.007215 seconds 
========================================================================
Received Import Request.
  Time since last request: 10.781171 seconds.
  path: Assets/Animations/Scene2/Borders.controller
  artifactKey: Guid(71d0612fc8085bb44a8564e5c53dde66) Importer(815301076,1909f56bfc062723c751e8b465ee728b)
Start importing Assets/Animations/Scene2/Borders.controller using Guid(71d0612fc8085bb44a8564e5c53dde66) Importer(815301076,1909f56bfc062723c751e8b465ee728b)  -> (artifact id: 'a0d8b3233f74ed32b96e6aecf7b10aa1') in 0.002020 seconds 
========================================================================
Received Import Request.
  Time since last request: 84.198891 seconds.
  path: Assets/Animations/Scene2/BorderRetract.anim
  artifactKey: Guid(23b3cf78a521abd40a36abe4a6327857) Importer(815301076,1909f56bfc062723c751e8b465ee728b)
Start importing Assets/Animations/Scene2/BorderRetract.anim using Guid(23b3cf78a521abd40a36abe4a6327857) Importer(815301076,1909f56bfc062723c751e8b465ee728b)  -> (artifact id: 'acc8108fcd3d14ec2059375e7cc63837') in 0.001344 seconds 
========================================================================
Received Prepare
Registering precompiled user dll's ...
Registered in 0.000351 seconds.
Begin MonoManager ReloadAssembly
Native extension for WindowsStandalone target not found
Native extension for WebGL target not found
Refreshing native plugins compatible for Editor in 0.20 ms, found 0 plugins.
Preloading 0 native plugins for Editor in 0.00 ms.
Mono: successfully reloaded assembly
- Completed reload, in  0.709 seconds
Platform modules already initialized, skipping
Refreshing native plugins compatible for Editor in 0.21 ms, found 0 plugins.
Preloading 0 native plugins for Editor in 0.00 ms.
Unloading 1157 Unused Serialized files (Serialized files now loaded: 0)
System memory in use before: 60.2 MB.
System memory in use after: 60.3 MB.

Unloading 4 unused Assets to reduce memory usage. Loaded Objects now: 1653.
Total: 1.524700 ms (FindLiveObjects: 0.086600 ms CreateObjectMapping: 0.023800 ms MarkObjects: 1.397700 ms  DeleteObjects: 0.015600 ms)

========================================================================
Received Prepare
Registering precompiled user dll's ...
Registered in 0.000509 seconds.
Begin MonoManager ReloadAssembly
Native extension for WindowsStandalone target not found
Native extension for WebGL target not found
Refreshing native plugins compatible for Editor in 0.21 ms, found 0 plugins.
Preloading 0 native plugins for Editor in 0.00 ms.
Mono: successfully reloaded assembly
- Completed reload, in  0.722 seconds
Platform modules already initialized, skipping
Refreshing native plugins compatible for Editor in 0.23 ms, found 0 plugins.
Preloading 0 native plugins for Editor in 0.00 ms.
Unloading 1157 Unused Serialized files (Serialized files now loaded: 0)
System memory in use before: 60.2 MB.
System memory in use after: 60.3 MB.

Unloading 4 unused Assets to reduce memory usage. Loaded Objects now: 1656.
Total: 1.647800 ms (FindLiveObjects: 0.132900 ms CreateObjectMapping: 0.032400 ms MarkObjects: 1.467900 ms  DeleteObjects: 0.013600 ms)

========================================================================
Received Prepare
Registering precompiled user dll's ...
Registered in 0.000566 seconds.
Begin MonoManager ReloadAssembly
Native extension for WindowsStandalone target not found
Native extension for WebGL target not found
Refreshing native plugins compatible for Editor in 0.20 ms, found 0 plugins.
Preloading 0 native plugins for Editor in 0.00 ms.
Mono: successfully reloaded assembly
- Completed reload, in  0.732 seconds
Platform modules already initialized, skipping
Refreshing native plugins compatible for Editor in 0.19 ms, found 0 plugins.
Preloading 0 native plugins for Editor in 0.00 ms.
Unloading 1157 Unused Serialized files (Serialized files now loaded: 0)
System memory in use before: 60.3 MB.
System memory in use after: 60.4 MB.

Unloading 4 unused Assets to reduce memory usage. Loaded Objects now: 1659.
Total: 2.127100 ms (FindLiveObjects: 0.234500 ms CreateObjectMapping: 0.069200 ms MarkObjects: 1.810300 ms  DeleteObjects: 0.012000 ms)

========================================================================
Received Import Request.
  Time since last request: 1247.828876 seconds.
  path: Assets/Animations/Scene2/MenuButtons.controller
  artifactKey: Guid(f17fc220dbbb7cf4090deda20a1be6f8) Importer(815301076,1909f56bfc062723c751e8b465ee728b)
Start importing Assets/Animations/Scene2/MenuButtons.controller using Guid(f17fc220dbbb7cf4090deda20a1be6f8) Importer(815301076,1909f56bfc062723c751e8b465ee728b)  -> (artifact id: '333e55c675c1ac1ed361b961d78d84b3') in 0.016466 seconds 
========================================================================
Received Prepare
Registering precompiled user dll's ...
Registered in 0.000285 seconds.
Begin MonoManager ReloadAssembly
Native extension for WindowsStandalone target not found
Native extension for WebGL target not found
Refreshing native plugins compatible for Editor in 0.13 ms, found 0 plugins.
Preloading 0 native plugins for Editor in 0.00 ms.
Mono: successfully reloaded assembly
- Completed reload, in  0.416 seconds
Platform modules already initialized, skipping
Refreshing native plugins compatible for Editor in 0.11 ms, found 0 plugins.
Preloading 0 native plugins for Editor in 0.00 ms.
Unloading 1157 Unused Serialized files (Serialized files now loaded: 0)
System memory in use before: 60.3 MB.
System memory in use after: 60.4 MB.

Unloading 4 unused Assets to reduce memory usage. Loaded Objects now: 1662.
Total: 1.083300 ms (FindLiveObjects: 0.078200 ms CreateObjectMapping: 0.018800 ms MarkObjects: 0.975000 ms  DeleteObjects: 0.010400 ms)

========================================================================
Received Import Request.
  Time since last request: 28.205584 seconds.
  path: Assets/Animations/Scene2/Canvas.controller
  artifactKey: Guid(d9b3b16075d9b2b42bac209d41e0e701) Importer(815301076,1909f56bfc062723c751e8b465ee728b)
Start importing Assets/Animations/Scene2/Canvas.controller using Guid(d9b3b16075d9b2b42bac209d41e0e701) Importer(815301076,1909f56bfc062723c751e8b465ee728b)  -> (artifact id: '1764ed222e7dab576b7e12065a09b7d2') in 0.006894 seconds 
========================================================================
Received Prepare
Registering precompiled user dll's ...
Registered in 0.000303 seconds.
Begin MonoManager ReloadAssembly
Native extension for WindowsStandalone target not found
Native extension for WebGL target not found
Refreshing native plugins compatible for Editor in 0.13 ms, found 0 plugins.
Preloading 0 native plugins for Editor in 0.00 ms.
Mono: successfully reloaded assembly
- Completed reload, in  0.387 seconds
Platform modules already initialized, skipping
Refreshing native plugins compatible for Editor in 0.11 ms, found 0 plugins.
Preloading 0 native plugins for Editor in 0.00 ms.
Unloading 1157 Unused Serialized files (Serialized files now loaded: 0)
System memory in use before: 60.3 MB.
System memory in use after: 60.4 MB.

Unloading 4 unused Assets to reduce memory usage. Loaded Objects now: 1665.
Total: 1.020500 ms (FindLiveObjects: 0.059900 ms CreateObjectMapping: 0.018200 ms MarkObjects: 0.932300 ms  DeleteObjects: 0.009600 ms)

AssetImportWorkerClient::OnTransportError - code=2 error=End of file
