Using pre-set license
Built from '2021.1/release' branch; Version is '2021.1.0f1 (61a549675243) revision 6399305'; Using compiler version '192528614'; Build Type 'Release'
OS: 'Windows 10 Home; OS build 22621.1413; Version 2009; 64bit' Language: 'zh' Physical Memory: 15791 MB
BatchMode: 1, IsHumanControllingUs: 0, StartBugReporterOnCrash: 0, Is64bit: 1, IsPro: 0

 COMMAND LINE ARGUMENTS:
C:\Program Files\Unity 2021.1.0f1\Editor\Unity.exe
-adb2
-batchMode
-noUpm
-name
AssetImportWorker0
-projectPath
C:/Users/0052s/OneDrive/Desktop/WildRunnerUI
-logFile
Logs/AssetImportWorker0.log
-srvPort
60269
Successfully changed project path to: C:/Users/0052s/OneDrive/Desktop/WildRunnerUI
C:/Users/0052s/OneDrive/Desktop/WildRunnerUI
Using Asset Import Pipeline V2.
Refreshing native plugins compatible for Editor in 29.01 ms, found 0 plugins.
Preloading 0 native plugins for Editor in 0.00 ms.
Initialize engine version: 2021.1.0f1 (61a549675243)
[Subsystems] Discovering subsystems at path C:/Program Files/Unity 2021.1.0f1/Editor/Data/Resources/UnitySubsystems
[Subsystems] Discovering subsystems at path C:/Users/0052s/OneDrive/Desktop/WildRunnerUI/Assets
GfxDevice: creating device client; threaded=0; jobified=0
Direct3D:
    Version:  Direct3D 11.0 [level 11.1]
    Renderer: NVIDIA GeForce GTX 1650 Ti (ID=0x1f95)
    Vendor:   NVIDIA
    VRAM:     3962 MB
    Driver:   31.0.15.1640
Initialize mono
Mono path[0] = 'C:/Program Files/Unity 2021.1.0f1/Editor/Data/Managed'
Mono path[1] = 'C:/Program Files/Unity 2021.1.0f1/Editor/Data/MonoBleedingEdge/lib/mono/unityjit'
Mono config path = 'C:/Program Files/Unity 2021.1.0f1/Editor/Data/MonoBleedingEdge/etc'
Using monoOptions --debugger-agent=transport=dt_socket,embedding=1,server=y,suspend=n,address=127.0.0.1:56016
Begin MonoManager ReloadAssembly
Registering precompiled unity dll's ...
Register platform support module: C:/Program Files/Unity 2021.1.0f1/Editor/Data/PlaybackEngines/WindowsStandaloneSupport/UnityEditor.WindowsStandalone.Extensions.dll
Registered in 0.004762 seconds.
Native extension for WindowsStandalone target not found
Refreshing native plugins compatible for Editor in 28.99 ms, found 0 plugins.
Preloading 0 native plugins for Editor in 0.00 ms.
Mono: successfully reloaded assembly
- Completed reload, in  2.013 seconds
Platform modules already initialized, skipping
Registering precompiled user dll's ...
Registered in 0.003343 seconds.
Begin MonoManager ReloadAssembly
Native extension for WindowsStandalone target not found
Refreshing native plugins compatible for Editor in 0.50 ms, found 0 plugins.
Preloading 0 native plugins for Editor in 0.00 ms.
Mono: successfully reloaded assembly
- Completed reload, in  1.195 seconds
Platform modules already initialized, skipping
========================================================================
Worker process is ready to serve import requests
Launched and connected shader compiler UnityShaderCompiler.exe after 0.09 seconds
Refreshing native plugins compatible for Editor in 0.26 ms, found 0 plugins.
Preloading 0 native plugins for Editor in 0.00 ms.
Unloading 1176 Unused Serialized files (Serialized files now loaded: 0)
System memory in use before: 61.2 MB.
System memory in use after: 61.3 MB.

Unloading 9 unused Assets to reduce memory usage. Loaded Objects now: 1636.
Total: 2.613500 ms (FindLiveObjects: 0.274600 ms CreateObjectMapping: 0.043100 ms MarkObjects: 2.227600 ms  DeleteObjects: 0.067200 ms)

========================================================================
Received Import Request.
  path: Assets/Scenes/Scene_2.1.unity
  artifactKey: Guid(e874b7b6b822d134fba0d504dc1f1ab9) Importer(815301076,1909f56bfc062723c751e8b465ee728b)
Start importing Assets/Scenes/Scene_2.1.unity using Guid(e874b7b6b822d134fba0d504dc1f1ab9) Importer(815301076,1909f56bfc062723c751e8b465ee728b)  -> (artifact id: '3624ae956a0213a0fb16f87ac5bf9547') in 0.018577 seconds 
========================================================================
Received Prepare
Registering precompiled user dll's ...
Registered in 0.002686 seconds.
Begin MonoManager ReloadAssembly
Native extension for WindowsStandalone target not found
Refreshing native plugins compatible for Editor in 0.25 ms, found 0 plugins.
Preloading 0 native plugins for Editor in 0.00 ms.
Mono: successfully reloaded assembly
- Completed reload, in  1.018 seconds
Platform modules already initialized, skipping
Refreshing native plugins compatible for Editor in 0.70 ms, found 0 plugins.
Preloading 0 native plugins for Editor in 0.00 ms.
Unloading 1158 Unused Serialized files (Serialized files now loaded: 0)
System memory in use before: 60.1 MB.
System memory in use after: 60.2 MB.

Unloading 4 unused Assets to reduce memory usage. Loaded Objects now: 1639.
Total: 4.470800 ms (FindLiveObjects: 0.440000 ms CreateObjectMapping: 0.067700 ms MarkObjects: 3.917000 ms  DeleteObjects: 0.040900 ms)

========================================================================
Received Prepare
Registering precompiled user dll's ...
Registered in 0.003492 seconds.
Begin MonoManager ReloadAssembly
Native extension for WindowsStandalone target not found
Refreshing native plugins compatible for Editor in 0.23 ms, found 0 plugins.
Preloading 0 native plugins for Editor in 0.00 ms.
Mono: successfully reloaded assembly
- Completed reload, in  0.925 seconds
Platform modules already initialized, skipping
Refreshing native plugins compatible for Editor in 1.04 ms, found 0 plugins.
Preloading 0 native plugins for Editor in 0.00 ms.
Unloading 1158 Unused Serialized files (Serialized files now loaded: 0)
System memory in use before: 60.2 MB.
System memory in use after: 60.3 MB.

Unloading 4 unused Assets to reduce memory usage. Loaded Objects now: 1642.
Total: 5.161200 ms (FindLiveObjects: 0.537400 ms CreateObjectMapping: 0.106100 ms MarkObjects: 4.499300 ms  DeleteObjects: 0.015400 ms)

========================================================================
Received Import Request.
  Time since last request: 2047.120494 seconds.
  path: Assets/Exo.zip
  artifactKey: Guid(0f47cdd89ce1e07418f09282c990bda2) Importer(815301076,1909f56bfc062723c751e8b465ee728b)
Start importing Assets/Exo.zip using Guid(0f47cdd89ce1e07418f09282c990bda2) Importer(815301076,1909f56bfc062723c751e8b465ee728b)  -> (artifact id: '41a859e666860cc4fd375c347abb11c4') in 0.079512 seconds 
========================================================================
Received Import Request.
  Time since last request: 383.208249 seconds.
  path: Assets/Fonts
  artifactKey: Guid(a147a24d994b85b46a07ea3248d99a26) Importer(815301076,1909f56bfc062723c751e8b465ee728b)
Start importing Assets/Fonts using Guid(a147a24d994b85b46a07ea3248d99a26) Importer(815301076,1909f56bfc062723c751e8b465ee728b)  -> (artifact id: '3c52d1621fa88284eafd3ddeba6d193c') in 0.013025 seconds 
========================================================================
Received Import Request.
  Time since last request: 7.340274 seconds.
  path: Assets/Fonts/Exo
  artifactKey: Guid(1b93941b596f3354e9699baaaeea1191) Importer(815301076,1909f56bfc062723c751e8b465ee728b)
Start importing Assets/Fonts/Exo using Guid(1b93941b596f3354e9699baaaeea1191) Importer(815301076,1909f56bfc062723c751e8b465ee728b)  -> (artifact id: 'fcfe6b62757e5ab214a57b35675814cb') in 0.009957 seconds 
========================================================================
Received Import Request.
  Time since last request: 8.847649 seconds.
  path: Assets/Fonts/Exo/Exo-Italic-VariableFont_wght.ttf
  artifactKey: Guid(dd2f2db23b4c4ff428d240cadc245b49) Importer(815301076,1909f56bfc062723c751e8b465ee728b)
Start importing Assets/Fonts/Exo/Exo-Italic-VariableFont_wght.ttf using Guid(dd2f2db23b4c4ff428d240cadc245b49) Importer(815301076,1909f56bfc062723c751e8b465ee728b)  -> (artifact id: 'ec955260a67bc75f5b6ca96ee57a65bd') in 0.157562 seconds 
========================================================================
Received Import Request.
  Time since last request: 40.226684 seconds.
  path: Assets/Fonts/Exo/static/Exo-ThinItalic.ttf
  artifactKey: Guid(78d16c158d85cc2478ddab03b0e58960) Importer(815301076,1909f56bfc062723c751e8b465ee728b)
Start importing Assets/Fonts/Exo/static/Exo-ThinItalic.ttf using Guid(78d16c158d85cc2478ddab03b0e58960) Importer(815301076,1909f56bfc062723c751e8b465ee728b)  -> (artifact id: '904ae190601995035ccf04e43ad89c69') in 0.029799 seconds 
========================================================================
Received Import Request.
  Time since last request: 0.000757 seconds.
  path: Assets/TextMesh Pro/Examples & Extras/Fonts/Oswald-Bold.ttf
  artifactKey: Guid(c9f6d0e7bc8541498c9a4799ba184ede) Importer(815301076,1909f56bfc062723c751e8b465ee728b)
Start importing Assets/TextMesh Pro/Examples & Extras/Fonts/Oswald-Bold.ttf using Guid(c9f6d0e7bc8541498c9a4799ba184ede) Importer(815301076,1909f56bfc062723c751e8b465ee728b)  -> (artifact id: '8fe43289a1635e5ba4ab496d8b31b6c1') in 0.037819 seconds 
========================================================================
Received Import Request.
  Time since last request: 0.000431 seconds.
  path: Assets/TextMesh Pro/Examples & Extras/Fonts/Roboto-Bold.ttf
  artifactKey: Guid(4beb055f07aaff244873dec698d0363e) Importer(815301076,1909f56bfc062723c751e8b465ee728b)
Start importing Assets/TextMesh Pro/Examples & Extras/Fonts/Roboto-Bold.ttf using Guid(4beb055f07aaff244873dec698d0363e) Importer(815301076,1909f56bfc062723c751e8b465ee728b)  -> (artifact id: '6586bce8c8cbd41ac8ffa1ab4a7cb2bb') in 0.028132 seconds 
========================================================================
Received Import Request.
  Time since last request: 0.000623 seconds.
  path: Assets/Fonts/Exo/Exo-VariableFont_wght.ttf
  artifactKey: Guid(e01745c62c4542443bf217c23a57d381) Importer(815301076,1909f56bfc062723c751e8b465ee728b)
Start importing Assets/Fonts/Exo/Exo-VariableFont_wght.ttf using Guid(e01745c62c4542443bf217c23a57d381) Importer(815301076,1909f56bfc062723c751e8b465ee728b)  -> (artifact id: '1511942afff3825aaafd44e1f46d831d') in 0.034905 seconds 
========================================================================
Received Import Request.
  Time since last request: 0.000653 seconds.
  path: Assets/TextMesh Pro/Fonts/LiberationSans.ttf
  artifactKey: Guid(e3265ab4bf004d28a9537516768c1c75) Importer(815301076,1909f56bfc062723c751e8b465ee728b)
Start importing Assets/TextMesh Pro/Fonts/LiberationSans.ttf using Guid(e3265ab4bf004d28a9537516768c1c75) Importer(815301076,1909f56bfc062723c751e8b465ee728b)  -> (artifact id: '8a138545d30fb1742b1cfb670f3e9b54') in 0.038805 seconds 
========================================================================
Received Import Request.
  Time since last request: 1.007776 seconds.
  path: Assets/Fonts/Exo/static/Exo-SemiBoldItalic.ttf
  artifactKey: Guid(36e2c6a6ca3c8344d98fcd8e8d0e32a6) Importer(815301076,1909f56bfc062723c751e8b465ee728b)
Start importing Assets/Fonts/Exo/static/Exo-SemiBoldItalic.ttf using Guid(36e2c6a6ca3c8344d98fcd8e8d0e32a6) Importer(815301076,1909f56bfc062723c751e8b465ee728b)  -> (artifact id: 'da8d4fb25f5788b8df6c539c19bb2ec8') in 0.032060 seconds 
========================================================================
Received Import Request.
  Time since last request: 0.000912 seconds.
  path: Assets/Fonts/Exo/static/Exo-Regular.ttf
  artifactKey: Guid(a498582b89055f24e87a7f10b51ccbc0) Importer(815301076,1909f56bfc062723c751e8b465ee728b)
Start importing Assets/Fonts/Exo/static/Exo-Regular.ttf using Guid(a498582b89055f24e87a7f10b51ccbc0) Importer(815301076,1909f56bfc062723c751e8b465ee728b)  -> (artifact id: '9d1ede3711f11f6a910e03e3cb1b1865') in 0.029806 seconds 
========================================================================
Received Import Request.
  Time since last request: 0.000712 seconds.
  path: Assets/Fonts/Exo/static/Exo-Medium.ttf
  artifactKey: Guid(eb5c19cea0fc01344909950b40089009) Importer(815301076,1909f56bfc062723c751e8b465ee728b)
Start importing Assets/Fonts/Exo/static/Exo-Medium.ttf using Guid(eb5c19cea0fc01344909950b40089009) Importer(815301076,1909f56bfc062723c751e8b465ee728b)  -> (artifact id: 'ab16bab6631dc7b155a6cfce9d963e89') in 0.035226 seconds 
========================================================================
Received Import Request.
  Time since last request: 0.000736 seconds.
  path: Assets/Fonts/Exo/static/Exo-Light.ttf
  artifactKey: Guid(528c0f30d6e5fd245a7c59e1619c22e2) Importer(815301076,1909f56bfc062723c751e8b465ee728b)
Start importing Assets/Fonts/Exo/static/Exo-Light.ttf using Guid(528c0f30d6e5fd245a7c59e1619c22e2) Importer(815301076,1909f56bfc062723c751e8b465ee728b)  -> (artifact id: '39c5574bd4ef42155a5ad76aec51d142') in 0.031514 seconds 
========================================================================
Received Import Request.
  Time since last request: 0.000985 seconds.
  path: Assets/Fonts/Exo/static/Exo-SemiBold.ttf
  artifactKey: Guid(04a9bb6a51bc2e445bce784dde4a2517) Importer(815301076,1909f56bfc062723c751e8b465ee728b)
Start importing Assets/Fonts/Exo/static/Exo-SemiBold.ttf using Guid(04a9bb6a51bc2e445bce784dde4a2517) Importer(815301076,1909f56bfc062723c751e8b465ee728b)  -> (artifact id: '6a1e095abe0e4a48399adf09ab8175e5') in 0.039009 seconds 
========================================================================
Received Import Request.
  Time since last request: 0.000852 seconds.
  path: Assets/Fonts/Exo/static/Exo-LightItalic.ttf
  artifactKey: Guid(be2cb31af3b6a294a96d02c85efa9f39) Importer(815301076,1909f56bfc062723c751e8b465ee728b)
Start importing Assets/Fonts/Exo/static/Exo-LightItalic.ttf using Guid(be2cb31af3b6a294a96d02c85efa9f39) Importer(815301076,1909f56bfc062723c751e8b465ee728b)  -> (artifact id: 'ccf62fcc0700481dc5ad94b4c28651a2') in 0.028554 seconds 
========================================================================
Received Import Request.
  Time since last request: 0.000941 seconds.
  path: Assets/Fonts/Exo/static/Exo-MediumItalic.ttf
  artifactKey: Guid(5ae6511b0c56e644f82a0c44ef7af964) Importer(815301076,1909f56bfc062723c751e8b465ee728b)
Start importing Assets/Fonts/Exo/static/Exo-MediumItalic.ttf using Guid(5ae6511b0c56e644f82a0c44ef7af964) Importer(815301076,1909f56bfc062723c751e8b465ee728b)  -> (artifact id: '4fd59d32823a4b24ca73c916be916dec') in 0.029297 seconds 
========================================================================
Received Import Request.
  Time since last request: 0.001605 seconds.
  path: Assets/Fonts/Exo/static/Exo-Thin.ttf
  artifactKey: Guid(5d2a10e893353b747ab422c85d3bc29f) Importer(815301076,1909f56bfc062723c751e8b465ee728b)
Start importing Assets/Fonts/Exo/static/Exo-Thin.ttf using Guid(5d2a10e893353b747ab422c85d3bc29f) Importer(815301076,1909f56bfc062723c751e8b465ee728b)  -> (artifact id: 'e3cd8fbf1ffd3ed90dd2cb9ddd994bf9') in 0.033102 seconds 
========================================================================
Received Import Request.
  Time since last request: 0.085443 seconds.
  path: Assets/Fonts/Exo/static/Exo-ExtraBold.ttf
  artifactKey: Guid(ab6b5b76a5b78224b8d42a54d2e40073) Importer(815301076,1909f56bfc062723c751e8b465ee728b)
Start importing Assets/Fonts/Exo/static/Exo-ExtraBold.ttf using Guid(ab6b5b76a5b78224b8d42a54d2e40073) Importer(815301076,1909f56bfc062723c751e8b465ee728b)  -> (artifact id: 'e16a8fda5b97d744a6ceed149b30246b') in 0.031022 seconds 
========================================================================
Received Import Request.
  Time since last request: 0.000658 seconds.
  path: Assets/Fonts/Exo/static/Exo-Italic.ttf
  artifactKey: Guid(270cefbb62bb0304abab0e95f7ba902b) Importer(815301076,1909f56bfc062723c751e8b465ee728b)
Start importing Assets/Fonts/Exo/static/Exo-Italic.ttf using Guid(270cefbb62bb0304abab0e95f7ba902b) Importer(815301076,1909f56bfc062723c751e8b465ee728b)  -> (artifact id: 'e6d0c0de92e4ed60f635ab0fd1364623') in 0.027667 seconds 
========================================================================
Received Import Request.
  Time since last request: 0.000420 seconds.
  path: Assets/Fonts/Exo/static/Exo-ExtraBoldItalic.ttf
  artifactKey: Guid(d4db7e65ad2bda7438b962edf404c59f) Importer(815301076,1909f56bfc062723c751e8b465ee728b)
Start importing Assets/Fonts/Exo/static/Exo-ExtraBoldItalic.ttf using Guid(d4db7e65ad2bda7438b962edf404c59f) Importer(815301076,1909f56bfc062723c751e8b465ee728b)  -> (artifact id: 'd45ba75ca9c759559dfab64e647e4ed4') in 0.032505 seconds 
========================================================================
Received Import Request.
  Time since last request: 0.000933 seconds.
  path: Assets/Fonts/Exo/static/Exo-ExtraLight.ttf
  artifactKey: Guid(c049cd1fe5888534fa587edde8bded7f) Importer(815301076,1909f56bfc062723c751e8b465ee728b)
Start importing Assets/Fonts/Exo/static/Exo-ExtraLight.ttf using Guid(c049cd1fe5888534fa587edde8bded7f) Importer(815301076,1909f56bfc062723c751e8b465ee728b)  -> (artifact id: 'a791f66bd5ae363bb787a2e6bbd237c7') in 0.031575 seconds 
========================================================================
Received Import Request.
  Time since last request: 0.000963 seconds.
  path: Assets/Fonts/Exo/static/Exo-ExtraLightItalic.ttf
  artifactKey: Guid(1f13f00ee21d9cd45a9d08a827ce9f65) Importer(815301076,1909f56bfc062723c751e8b465ee728b)
Start importing Assets/Fonts/Exo/static/Exo-ExtraLightItalic.ttf using Guid(1f13f00ee21d9cd45a9d08a827ce9f65) Importer(815301076,1909f56bfc062723c751e8b465ee728b)  -> (artifact id: '8a7f6e03698eae916acc4eb03489e98e') in 0.034257 seconds 
========================================================================
Received Import Request.
  Time since last request: 0.795804 seconds.
  path: Assets/Fonts/Exo/static/Exo-Bold.ttf
  artifactKey: Guid(ba4b1a94decb74f4586e6a1bf3250ff4) Importer(815301076,1909f56bfc062723c751e8b465ee728b)
Start importing Assets/Fonts/Exo/static/Exo-Bold.ttf using Guid(ba4b1a94decb74f4586e6a1bf3250ff4) Importer(815301076,1909f56bfc062723c751e8b465ee728b)  -> (artifact id: '63c51caad873538670624b7260bce9f2') in 0.025110 seconds 
========================================================================
Received Import Request.
  Time since last request: 0.000528 seconds.
  path: Assets/Fonts/Exo/static/Exo-BoldItalic.ttf
  artifactKey: Guid(48ce7b615d350354db15615131edac74) Importer(815301076,1909f56bfc062723c751e8b465ee728b)
Start importing Assets/Fonts/Exo/static/Exo-BoldItalic.ttf using Guid(48ce7b615d350354db15615131edac74) Importer(815301076,1909f56bfc062723c751e8b465ee728b)  -> (artifact id: '7325d3be699248bcd864022adc169495') in 0.025418 seconds 
========================================================================
Received Import Request.
  Time since last request: 0.455428 seconds.
  path: Assets/Fonts/Exo/static/Exo-Black.ttf
  artifactKey: Guid(73234eca440bc0849b0d61a5d1a3e9fb) Importer(815301076,1909f56bfc062723c751e8b465ee728b)
Start importing Assets/Fonts/Exo/static/Exo-Black.ttf using Guid(73234eca440bc0849b0d61a5d1a3e9fb) Importer(815301076,1909f56bfc062723c751e8b465ee728b)  -> (artifact id: 'd34ce68a2175162411963c4bcc6d4a04') in 0.021883 seconds 
========================================================================
Received Import Request.
  Time since last request: 0.000701 seconds.
  path: Assets/Fonts/Exo/static/Exo-BlackItalic.ttf
  artifactKey: Guid(1e62afdb8156d6e458376cc51b610885) Importer(815301076,1909f56bfc062723c751e8b465ee728b)
Start importing Assets/Fonts/Exo/static/Exo-BlackItalic.ttf using Guid(1e62afdb8156d6e458376cc51b610885) Importer(815301076,1909f56bfc062723c751e8b465ee728b)  -> (artifact id: '4ba6377c2976e171ad52cb5452909394') in 0.025195 seconds 
========================================================================
Received Import Request.
  Time since last request: 4.142360 seconds.
  path: Assets/TextMesh Pro/Examples & Extras/Fonts/Bangers.ttf
  artifactKey: Guid(5dd49b3eacc540408c98eee0de38e0f1) Importer(815301076,1909f56bfc062723c751e8b465ee728b)
Start importing Assets/TextMesh Pro/Examples & Extras/Fonts/Bangers.ttf using Guid(5dd49b3eacc540408c98eee0de38e0f1) Importer(815301076,1909f56bfc062723c751e8b465ee728b)  -> (artifact id: '75fbe2d032de9da646a892d2db1cc5d5') in 0.022035 seconds 
========================================================================
Received Import Request.
  Time since last request: 0.000808 seconds.
  path: Assets/TextMesh Pro/Examples & Extras/Fonts/Electronic Highway Sign.TTF
  artifactKey: Guid(8a2b9e2a607dd2143b58c44bc32410b4) Importer(815301076,1909f56bfc062723c751e8b465ee728b)
Start importing Assets/TextMesh Pro/Examples & Extras/Fonts/Electronic Highway Sign.TTF using Guid(8a2b9e2a607dd2143b58c44bc32410b4) Importer(815301076,1909f56bfc062723c751e8b465ee728b)  -> (artifact id: '6ff9aa3cae1953aef2822ec880313b26') in 0.027231 seconds 
========================================================================
Received Import Request.
  Time since last request: 0.391188 seconds.
  path: Assets/TextMesh Pro/Examples & Extras/Fonts/Anton.ttf
  artifactKey: Guid(997a43b767814dd0a7642ec9b78cba41) Importer(815301076,1909f56bfc062723c751e8b465ee728b)
Start importing Assets/TextMesh Pro/Examples & Extras/Fonts/Anton.ttf using Guid(997a43b767814dd0a7642ec9b78cba41) Importer(815301076,1909f56bfc062723c751e8b465ee728b)  -> (artifact id: 'edbfa17aeeb1bcd79b414a15491d7d76') in 0.022186 seconds 
========================================================================
Received Import Request.
  Time since last request: 243.265167 seconds.
  path: Assets/TextMesh Pro/Examples & Extras/Resources/Fonts & Materials/Anton SDF - Drop Shadow.mat
  artifactKey: Guid(749b9069dc4742c5bfa5c74644049926) Importer(815301076,1909f56bfc062723c751e8b465ee728b)
Start importing Assets/TextMesh Pro/Examples & Extras/Resources/Fonts & Materials/Anton SDF - Drop Shadow.mat using Guid(749b9069dc4742c5bfa5c74644049926) Importer(815301076,1909f56bfc062723c751e8b465ee728b)  -> (artifact id: '28af57056b52a16328d0d5340a338d39') in 0.062861 seconds 
========================================================================
Received Import Request.
  Time since last request: 0.000828 seconds.
  path: Assets/TextMesh Pro/Examples & Extras/Resources/Fonts & Materials/Anton SDF.asset
  artifactKey: Guid(8a89fa14b10d46a99122fd4f73fca9a2) Importer(815301076,1909f56bfc062723c751e8b465ee728b)
Start importing Assets/TextMesh Pro/Examples & Extras/Resources/Fonts & Materials/Anton SDF.asset using Guid(8a89fa14b10d46a99122fd4f73fca9a2) Importer(815301076,1909f56bfc062723c751e8b465ee728b)  -> (artifact id: 'af33d4ffd3b7052e64ca04952a89975f') in 0.067798 seconds 
========================================================================
Received Import Request.
  Time since last request: 0.001056 seconds.
  path: Assets/TextMesh Pro/Examples & Extras/Resources/Fonts & Materials/Bangers SDF - Outline.mat
  artifactKey: Guid(f629c6e43dba4bf38cb74d8860150664) Importer(815301076,1909f56bfc062723c751e8b465ee728b)
Start importing Assets/TextMesh Pro/Examples & Extras/Resources/Fonts & Materials/Bangers SDF - Outline.mat using Guid(f629c6e43dba4bf38cb74d8860150664) Importer(815301076,1909f56bfc062723c751e8b465ee728b)  -> (artifact id: '1fd6cc73169030e6017d03835aadea89') in 0.043815 seconds 
========================================================================
Received Import Request.
  Time since last request: 0.001050 seconds.
  path: Assets/TextMesh Pro/Examples & Extras/Resources/Fonts & Materials/Anton SDF - Sunny Days.mat
  artifactKey: Guid(6522f30e342599e4e9dd4cc2cc03c830) Importer(815301076,1909f56bfc062723c751e8b465ee728b)
Start importing Assets/TextMesh Pro/Examples & Extras/Resources/Fonts & Materials/Anton SDF - Sunny Days.mat using Guid(6522f30e342599e4e9dd4cc2cc03c830) Importer(815301076,1909f56bfc062723c751e8b465ee728b)  -> (artifact id: 'e2bd1122f78456a830adda81a3e4734c') in 0.057990 seconds 
========================================================================
Received Import Request.
  Time since last request: 0.000824 seconds.
  path: Assets/TextMesh Pro/Examples & Extras/Resources/Fonts & Materials/Bangers SDF - Drop Shadow.mat
  artifactKey: Guid(f2dcf029949142e28b974630369c8b4e) Importer(815301076,1909f56bfc062723c751e8b465ee728b)
Start importing Assets/TextMesh Pro/Examples & Extras/Resources/Fonts & Materials/Bangers SDF - Drop Shadow.mat using Guid(f2dcf029949142e28b974630369c8b4e) Importer(815301076,1909f56bfc062723c751e8b465ee728b)  -> (artifact id: '96e0d64f12dade4544baee395dbe1fbe') in 0.027775 seconds 
========================================================================
Received Import Request.
  Time since last request: 0.000895 seconds.
  path: Assets/TextMesh Pro/Examples & Extras/Resources/Fonts & Materials/Bangers SDF Glow.mat
  artifactKey: Guid(d75b8f41e959450c84ac6e967084d3e1) Importer(815301076,1909f56bfc062723c751e8b465ee728b)
Start importing Assets/TextMesh Pro/Examples & Extras/Resources/Fonts & Materials/Bangers SDF Glow.mat using Guid(d75b8f41e959450c84ac6e967084d3e1) Importer(815301076,1909f56bfc062723c751e8b465ee728b)  -> (artifact id: '355096e569d218e788f8289801a6cc68') in 0.051824 seconds 
========================================================================
Received Import Request.
  Time since last request: 0.000445 seconds.
  path: Assets/TextMesh Pro/Examples & Extras/Resources/Fonts & Materials/Anton SDF - Outline.mat
  artifactKey: Guid(a00013af81304728b2be1f4309ee2433) Importer(815301076,1909f56bfc062723c751e8b465ee728b)
Start importing Assets/TextMesh Pro/Examples & Extras/Resources/Fonts & Materials/Anton SDF - Outline.mat using Guid(a00013af81304728b2be1f4309ee2433) Importer(815301076,1909f56bfc062723c751e8b465ee728b)  -> (artifact id: 'f2f2042dd6822b74d317a2c0bb811058') in 0.034384 seconds 
========================================================================
Received Import Request.
  Time since last request: 0.000707 seconds.
  path: Assets/TextMesh Pro/Examples & Extras/Resources/Fonts & Materials/Bangers SDF Logo.mat
  artifactKey: Guid(f4e195ac1e204eff960149d1cb34e18c) Importer(815301076,1909f56bfc062723c751e8b465ee728b)
Start importing Assets/TextMesh Pro/Examples & Extras/Resources/Fonts & Materials/Bangers SDF Logo.mat using Guid(f4e195ac1e204eff960149d1cb34e18c) Importer(815301076,1909f56bfc062723c751e8b465ee728b)  -> (artifact id: '29622509ebb04d45b9f46d8edc55bf5c') in 0.068768 seconds 
========================================================================
Received Import Request.
  Time since last request: 212.324241 seconds.
  path: Assets/Animations/Scene1/CreditsOff.anim
  artifactKey: Guid(9f10f679607748e419d6f15f773567df) Importer(815301076,1909f56bfc062723c751e8b465ee728b)
Start importing Assets/Animations/Scene1/CreditsOff.anim using Guid(9f10f679607748e419d6f15f773567df) Importer(815301076,1909f56bfc062723c751e8b465ee728b)  -> (artifact id: '540af1064ced77852ca24bd25503d514') in 0.013173 seconds 
========================================================================
Received Import Request.
  Time since last request: 1.401150 seconds.
  path: Assets/Animations/Scene1/CreditsOn.anim
  artifactKey: Guid(e5c155c3f1c979a45a59f53fca6476c7) Importer(815301076,1909f56bfc062723c751e8b465ee728b)
Start importing Assets/Animations/Scene1/CreditsOn.anim using Guid(e5c155c3f1c979a45a59f53fca6476c7) Importer(815301076,1909f56bfc062723c751e8b465ee728b)  -> (artifact id: '08428a73fd3f771c8c0101f038ebcdd3') in 0.009007 seconds 
========================================================================
Received Import Request.
  Time since last request: 1558.580635 seconds.
  path: Assets/TextMesh Pro/Examples & Extras/Resources/Fonts & Materials/Bangers SDF.asset
  artifactKey: Guid(125cb55b44b24c4393181402bc6200e6) Importer(815301076,1909f56bfc062723c751e8b465ee728b)
Start importing Assets/TextMesh Pro/Examples & Extras/Resources/Fonts & Materials/Bangers SDF.asset using Guid(125cb55b44b24c4393181402bc6200e6) Importer(815301076,1909f56bfc062723c751e8b465ee728b)  -> (artifact id: 'c84c78e8c969807d6c833fb3cf761589') in 0.074212 seconds 
========================================================================
Received Import Request.
  Time since last request: 0.000527 seconds.
  path: Assets/TextMesh Pro/Examples & Extras/Resources/Fonts & Materials/Electronic Highway Sign SDF.asset
  artifactKey: Guid(dc36b3fdc14f47ebb36fd484a67e268a) Importer(815301076,1909f56bfc062723c751e8b465ee728b)
Start importing Assets/TextMesh Pro/Examples & Extras/Resources/Fonts & Materials/Electronic Highway Sign SDF.asset using Guid(dc36b3fdc14f47ebb36fd484a67e268a) Importer(815301076,1909f56bfc062723c751e8b465ee728b)  -> (artifact id: '7e5ba7afa037f15b86821fcbe1eb4494') in 0.044636 seconds 
========================================================================
Received Import Request.
  Time since last request: 0.000586 seconds.
  path: Assets/TextMesh Pro/Examples & Extras/Materials/Crate - Surface Shader Scene.mat
  artifactKey: Guid(e6b9b44320f4448d9d5e0ee634259966) Importer(815301076,1909f56bfc062723c751e8b465ee728b)
Start importing Assets/TextMesh Pro/Examples & Extras/Materials/Crate - Surface Shader Scene.mat using Guid(e6b9b44320f4448d9d5e0ee634259966) Importer(815301076,1909f56bfc062723c751e8b465ee728b)  -> (artifact id: 'c7d39bfa1e202272232e7913acb2a0c7') in 0.484685 seconds 
========================================================================
Received Prepare
Registering precompiled user dll's ...
Registered in 0.003662 seconds.
Begin MonoManager ReloadAssembly
Native extension for WindowsStandalone target not found
Refreshing native plugins compatible for Editor in 0.29 ms, found 0 plugins.
Preloading 0 native plugins for Editor in 0.00 ms.
Mono: successfully reloaded assembly
- Completed reload, in  1.686 seconds
Platform modules already initialized, skipping
Refreshing native plugins compatible for Editor in 0.77 ms, found 0 plugins.
Preloading 0 native plugins for Editor in 0.00 ms.
Unloading 1187 Unused Serialized files (Serialized files now loaded: 0)
System memory in use before: 77.0 MB.
System memory in use after: 77.1 MB.

Unloading 4 unused Assets to reduce memory usage. Loaded Objects now: 2124.
Total: 3.980300 ms (FindLiveObjects: 0.248600 ms CreateObjectMapping: 0.034900 ms MarkObjects: 3.634200 ms  DeleteObjects: 0.059200 ms)

========================================================================
Received Prepare
Registering precompiled user dll's ...
Registered in 0.003610 seconds.
Begin MonoManager ReloadAssembly
Native extension for WindowsStandalone target not found
Refreshing native plugins compatible for Editor in 0.68 ms, found 0 plugins.
Preloading 0 native plugins for Editor in 0.00 ms.
Mono: successfully reloaded assembly
- Completed reload, in  1.486 seconds
Platform modules already initialized, skipping
Refreshing native plugins compatible for Editor in 0.72 ms, found 0 plugins.
Preloading 0 native plugins for Editor in 0.00 ms.
Unloading 1158 Unused Serialized files (Serialized files now loaded: 0)
System memory in use before: 76.1 MB.
System memory in use after: 76.2 MB.

Unloading 4 unused Assets to reduce memory usage. Loaded Objects now: 2127.
Total: 4.985800 ms (FindLiveObjects: 0.317700 ms CreateObjectMapping: 0.068500 ms MarkObjects: 4.498700 ms  DeleteObjects: 0.095300 ms)

========================================================================
Received Import Request.
  Time since last request: 482.101702 seconds.
  path: Assets/Animations/Scene2/MenuButtons.controller
  artifactKey: Guid(f17fc220dbbb7cf4090deda20a1be6f8) Importer(815301076,1909f56bfc062723c751e8b465ee728b)
Start importing Assets/Animations/Scene2/MenuButtons.controller using Guid(f17fc220dbbb7cf4090deda20a1be6f8) Importer(815301076,1909f56bfc062723c751e8b465ee728b)  -> (artifact id: 'e68b2a626c5b19bb517eb138f523de43') in 0.026782 seconds 
========================================================================
Received Prepare
Registering precompiled user dll's ...
Registered in 0.001467 seconds.
Begin MonoManager ReloadAssembly
Native extension for WindowsStandalone target not found
Refreshing native plugins compatible for Editor in 0.37 ms, found 0 plugins.
Preloading 0 native plugins for Editor in 0.00 ms.
Mono: successfully reloaded assembly
- Completed reload, in  0.891 seconds
Platform modules already initialized, skipping
Refreshing native plugins compatible for Editor in 0.27 ms, found 0 plugins.
Preloading 0 native plugins for Editor in 0.00 ms.
Unloading 1158 Unused Serialized files (Serialized files now loaded: 0)
System memory in use before: 76.1 MB.
System memory in use after: 76.2 MB.

Unloading 4 unused Assets to reduce memory usage. Loaded Objects now: 2130.
Total: 2.805800 ms (FindLiveObjects: 0.303300 ms CreateObjectMapping: 0.060500 ms MarkObjects: 2.411500 ms  DeleteObjects: 0.028900 ms)

========================================================================
Received Prepare
Registering precompiled user dll's ...
Registered in 0.004004 seconds.
Begin MonoManager ReloadAssembly
Native extension for WindowsStandalone target not found
Refreshing native plugins compatible for Editor in 0.31 ms, found 0 plugins.
Preloading 0 native plugins for Editor in 0.00 ms.
Mono: successfully reloaded assembly
- Completed reload, in  1.349 seconds
Platform modules already initialized, skipping
Refreshing native plugins compatible for Editor in 0.88 ms, found 0 plugins.
Preloading 0 native plugins for Editor in 0.00 ms.
Unloading 1158 Unused Serialized files (Serialized files now loaded: 0)
System memory in use before: 76.2 MB.
System memory in use after: 76.3 MB.

Unloading 4 unused Assets to reduce memory usage. Loaded Objects now: 2133.
Total: 8.498800 ms (FindLiveObjects: 0.913300 ms CreateObjectMapping: 0.192300 ms MarkObjects: 7.221200 ms  DeleteObjects: 0.164000 ms)

========================================================================
Received Prepare
Registering precompiled user dll's ...
Registered in 0.001642 seconds.
Begin MonoManager ReloadAssembly
Native extension for WindowsStandalone target not found
Refreshing native plugins compatible for Editor in 0.60 ms, found 0 plugins.
Preloading 0 native plugins for Editor in 0.00 ms.
Mono: successfully reloaded assembly
- Completed reload, in  1.022 seconds
Platform modules already initialized, skipping
Refreshing native plugins compatible for Editor in 0.25 ms, found 0 plugins.
Preloading 0 native plugins for Editor in 0.00 ms.
Unloading 1158 Unused Serialized files (Serialized files now loaded: 0)
System memory in use before: 76.1 MB.
System memory in use after: 76.2 MB.

Unloading 4 unused Assets to reduce memory usage. Loaded Objects now: 2136.
Total: 2.611200 ms (FindLiveObjects: 0.449800 ms CreateObjectMapping: 0.100000 ms MarkObjects: 2.046900 ms  DeleteObjects: 0.013300 ms)

========================================================================
Received Import Request.
  Time since last request: 847.480725 seconds.
  path: Assets/Animations/Scene2/BorderExpand.anim
  artifactKey: Guid(4101956aa92b6a74ea0b37550045668e) Importer(815301076,1909f56bfc062723c751e8b465ee728b)
Start importing Assets/Animations/Scene2/BorderExpand.anim using Guid(4101956aa92b6a74ea0b37550045668e) Importer(815301076,1909f56bfc062723c751e8b465ee728b)  -> (artifact id: '219691f74dfa88540263abb75855499d') in 0.036309 seconds 
========================================================================
Received Prepare
Registering precompiled user dll's ...
Registered in 0.002832 seconds.
Begin MonoManager ReloadAssembly
Native extension for WindowsStandalone target not found
Refreshing native plugins compatible for Editor in 0.37 ms, found 0 plugins.
Preloading 0 native plugins for Editor in 0.00 ms.
Mono: successfully reloaded assembly
- Completed reload, in  1.057 seconds
Platform modules already initialized, skipping
Refreshing native plugins compatible for Editor in 0.53 ms, found 0 plugins.
Preloading 0 native plugins for Editor in 0.00 ms.
Unloading 1158 Unused Serialized files (Serialized files now loaded: 0)
System memory in use before: 76.1 MB.
System memory in use after: 76.3 MB.

Unloading 4 unused Assets to reduce memory usage. Loaded Objects now: 2139.
Total: 4.294500 ms (FindLiveObjects: 0.274500 ms CreateObjectMapping: 0.049100 ms MarkObjects: 3.890700 ms  DeleteObjects: 0.078000 ms)

========================================================================
Received Prepare
Registering precompiled user dll's ...
Registered in 0.002497 seconds.
Begin MonoManager ReloadAssembly
Native extension for WindowsStandalone target not found
Refreshing native plugins compatible for Editor in 0.26 ms, found 0 plugins.
Preloading 0 native plugins for Editor in 0.00 ms.
Mono: successfully reloaded assembly
- Completed reload, in  1.056 seconds
Platform modules already initialized, skipping
Refreshing native plugins compatible for Editor in 0.35 ms, found 0 plugins.
Preloading 0 native plugins for Editor in 0.00 ms.
Unloading 1158 Unused Serialized files (Serialized files now loaded: 0)
System memory in use before: 76.3 MB.
System memory in use after: 76.4 MB.

Unloading 4 unused Assets to reduce memory usage. Loaded Objects now: 2142.
Total: 3.706400 ms (FindLiveObjects: 0.218000 ms CreateObjectMapping: 0.035900 ms MarkObjects: 3.371800 ms  DeleteObjects: 0.077500 ms)

========================================================================
Received Prepare
Registering precompiled user dll's ...
Registered in 0.002241 seconds.
Begin MonoManager ReloadAssembly
Native extension for WindowsStandalone target not found
Refreshing native plugins compatible for Editor in 0.56 ms, found 0 plugins.
Preloading 0 native plugins for Editor in 0.00 ms.
Mono: successfully reloaded assembly
- Completed reload, in  1.083 seconds
Platform modules already initialized, skipping
Refreshing native plugins compatible for Editor in 0.87 ms, found 0 plugins.
Preloading 0 native plugins for Editor in 0.00 ms.
Unloading 1158 Unused Serialized files (Serialized files now loaded: 0)
System memory in use before: 76.2 MB.
System memory in use after: 76.3 MB.

Unloading 4 unused Assets to reduce memory usage. Loaded Objects now: 2145.
Total: 2.213500 ms (FindLiveObjects: 0.248700 ms CreateObjectMapping: 0.059400 ms MarkObjects: 1.887600 ms  DeleteObjects: 0.016500 ms)

========================================================================
Received Prepare
Registering precompiled user dll's ...
Registered in 0.003263 seconds.
Begin MonoManager ReloadAssembly
Native extension for WindowsStandalone target not found
Refreshing native plugins compatible for Editor in 0.31 ms, found 0 plugins.
Preloading 0 native plugins for Editor in 0.00 ms.
Mono: successfully reloaded assembly
- Completed reload, in  1.242 seconds
Platform modules already initialized, skipping
Refreshing native plugins compatible for Editor in 0.38 ms, found 0 plugins.
Preloading 0 native plugins for Editor in 0.00 ms.
Unloading 1158 Unused Serialized files (Serialized files now loaded: 0)
System memory in use before: 76.2 MB.
System memory in use after: 76.3 MB.

Unloading 4 unused Assets to reduce memory usage. Loaded Objects now: 2148.
Total: 4.768600 ms (FindLiveObjects: 0.313100 ms CreateObjectMapping: 0.083300 ms MarkObjects: 4.276600 ms  DeleteObjects: 0.087800 ms)

========================================================================
Received Prepare
Registering precompiled user dll's ...
Registered in 0.003406 seconds.
Begin MonoManager ReloadAssembly
Native extension for WindowsStandalone target not found
Refreshing native plugins compatible for Editor in 0.26 ms, found 0 plugins.
Preloading 0 native plugins for Editor in 0.00 ms.
Mono: successfully reloaded assembly
- Completed reload, in  1.039 seconds
Platform modules already initialized, skipping
Refreshing native plugins compatible for Editor in 0.39 ms, found 0 plugins.
Preloading 0 native plugins for Editor in 0.00 ms.
Unloading 1158 Unused Serialized files (Serialized files now loaded: 0)
System memory in use before: 76.3 MB.
System memory in use after: 76.4 MB.

Unloading 4 unused Assets to reduce memory usage. Loaded Objects now: 2151.
Total: 4.139700 ms (FindLiveObjects: 1.381100 ms CreateObjectMapping: 0.064900 ms MarkObjects: 2.650000 ms  DeleteObjects: 0.039900 ms)

========================================================================
Received Prepare
Registering precompiled user dll's ...
Registered in 0.004481 seconds.
Begin MonoManager ReloadAssembly
Native extension for WindowsStandalone target not found
Refreshing native plugins compatible for Editor in 0.28 ms, found 0 plugins.
Preloading 0 native plugins for Editor in 0.00 ms.
Mono: successfully reloaded assembly
- Completed reload, in  0.965 seconds
Platform modules already initialized, skipping
Refreshing native plugins compatible for Editor in 0.43 ms, found 0 plugins.
Preloading 0 native plugins for Editor in 0.00 ms.
Unloading 1158 Unused Serialized files (Serialized files now loaded: 0)
System memory in use before: 76.3 MB.
System memory in use after: 76.4 MB.

Unloading 4 unused Assets to reduce memory usage. Loaded Objects now: 2154.
Total: 2.107200 ms (FindLiveObjects: 0.314400 ms CreateObjectMapping: 0.037800 ms MarkObjects: 1.725700 ms  DeleteObjects: 0.027800 ms)

========================================================================
Received Prepare
Registering precompiled user dll's ...
Registered in 0.002949 seconds.
Begin MonoManager ReloadAssembly
Native extension for WindowsStandalone target not found
Refreshing native plugins compatible for Editor in 0.63 ms, found 0 plugins.
Preloading 0 native plugins for Editor in 0.00 ms.
Mono: successfully reloaded assembly
- Completed reload, in  1.091 seconds
Platform modules already initialized, skipping
Refreshing native plugins compatible for Editor in 1.54 ms, found 0 plugins.
Preloading 0 native plugins for Editor in 0.00 ms.
Unloading 1158 Unused Serialized files (Serialized files now loaded: 0)
System memory in use before: 76.3 MB.
System memory in use after: 76.4 MB.

Unloading 4 unused Assets to reduce memory usage. Loaded Objects now: 2157.
Total: 2.619000 ms (FindLiveObjects: 0.325100 ms CreateObjectMapping: 0.059800 ms MarkObjects: 2.208600 ms  DeleteObjects: 0.023900 ms)

========================================================================
Received Import Request.
  Time since last request: 2075.067415 seconds.
  path: Assets/Animations/Scene2/BorderRetract.anim
  artifactKey: Guid(23b3cf78a521abd40a36abe4a6327857) Importer(815301076,1909f56bfc062723c751e8b465ee728b)
Start importing Assets/Animations/Scene2/BorderRetract.anim using Guid(23b3cf78a521abd40a36abe4a6327857) Importer(815301076,1909f56bfc062723c751e8b465ee728b)  -> (artifact id: '1d188eda4528eec4343a9fd7daa1d89b') in 0.020965 seconds 
========================================================================
Received Prepare
Registering precompiled user dll's ...
Registered in 0.001456 seconds.
Begin MonoManager ReloadAssembly
Native extension for WindowsStandalone target not found
Refreshing native plugins compatible for Editor in 0.33 ms, found 0 plugins.
Preloading 0 native plugins for Editor in 0.00 ms.
Mono: successfully reloaded assembly
- Completed reload, in  1.114 seconds
Platform modules already initialized, skipping
Refreshing native plugins compatible for Editor in 0.30 ms, found 0 plugins.
Preloading 0 native plugins for Editor in 0.00 ms.
Unloading 1158 Unused Serialized files (Serialized files now loaded: 0)
System memory in use before: 76.3 MB.
System memory in use after: 76.4 MB.

Unloading 4 unused Assets to reduce memory usage. Loaded Objects now: 2160.
Total: 2.535500 ms (FindLiveObjects: 0.334700 ms CreateObjectMapping: 0.064500 ms MarkObjects: 2.114800 ms  DeleteObjects: 0.019000 ms)

========================================================================
Received Prepare
Registering precompiled user dll's ...
Registered in 0.001867 seconds.
Begin MonoManager ReloadAssembly
Native extension for WindowsStandalone target not found
Refreshing native plugins compatible for Editor in 0.25 ms, found 0 plugins.
Preloading 0 native plugins for Editor in 0.00 ms.
Mono: successfully reloaded assembly
- Completed reload, in  0.845 seconds
Platform modules already initialized, skipping
Refreshing native plugins compatible for Editor in 0.32 ms, found 0 plugins.
Preloading 0 native plugins for Editor in 0.00 ms.
Unloading 1158 Unused Serialized files (Serialized files now loaded: 0)
System memory in use before: 76.3 MB.
System memory in use after: 76.4 MB.

Unloading 4 unused Assets to reduce memory usage. Loaded Objects now: 2163.
Total: 2.433500 ms (FindLiveObjects: 0.247000 ms CreateObjectMapping: 0.063200 ms MarkObjects: 2.099600 ms  DeleteObjects: 0.022000 ms)

========================================================================
Received Prepare
Registering precompiled user dll's ...
Registered in 0.001606 seconds.
Begin MonoManager ReloadAssembly
Native extension for WindowsStandalone target not found
Refreshing native plugins compatible for Editor in 0.35 ms, found 0 plugins.
Preloading 0 native plugins for Editor in 0.00 ms.
Mono: successfully reloaded assembly
- Completed reload, in  0.887 seconds
Platform modules already initialized, skipping
Refreshing native plugins compatible for Editor in 0.28 ms, found 0 plugins.
Preloading 0 native plugins for Editor in 0.00 ms.
Unloading 1158 Unused Serialized files (Serialized files now loaded: 0)
System memory in use before: 76.4 MB.
System memory in use after: 76.5 MB.

Unloading 4 unused Assets to reduce memory usage. Loaded Objects now: 2166.
Total: 2.231900 ms (FindLiveObjects: 0.362700 ms CreateObjectMapping: 0.041700 ms MarkObjects: 1.807900 ms  DeleteObjects: 0.018000 ms)

========================================================================
Received Prepare
Registering precompiled user dll's ...
Registered in 0.001357 seconds.
Begin MonoManager ReloadAssembly
Native extension for WindowsStandalone target not found
Refreshing native plugins compatible for Editor in 0.25 ms, found 0 plugins.
Preloading 0 native plugins for Editor in 0.00 ms.
Mono: successfully reloaded assembly
- Completed reload, in  0.786 seconds
Platform modules already initialized, skipping
Refreshing native plugins compatible for Editor in 0.26 ms, found 0 plugins.
Preloading 0 native plugins for Editor in 0.00 ms.
Unloading 1158 Unused Serialized files (Serialized files now loaded: 0)
System memory in use before: 76.3 MB.
System memory in use after: 76.4 MB.

Unloading 4 unused Assets to reduce memory usage. Loaded Objects now: 2169.
Total: 2.497100 ms (FindLiveObjects: 0.270800 ms CreateObjectMapping: 0.060800 ms MarkObjects: 2.140800 ms  DeleteObjects: 0.023100 ms)

========================================================================
Received Prepare
Registering precompiled user dll's ...
Registered in 0.001609 seconds.
Begin MonoManager ReloadAssembly
Native extension for WindowsStandalone target not found
Refreshing native plugins compatible for Editor in 0.26 ms, found 0 plugins.
Preloading 0 native plugins for Editor in 0.00 ms.
Mono: successfully reloaded assembly
- Completed reload, in  0.847 seconds
Platform modules already initialized, skipping
Refreshing native plugins compatible for Editor in 0.32 ms, found 0 plugins.
Preloading 0 native plugins for Editor in 0.00 ms.
Unloading 1158 Unused Serialized files (Serialized files now loaded: 0)
System memory in use before: 76.5 MB.
System memory in use after: 76.6 MB.

Unloading 4 unused Assets to reduce memory usage. Loaded Objects now: 2172.
Total: 2.317800 ms (FindLiveObjects: 0.242200 ms CreateObjectMapping: 0.039200 ms MarkObjects: 2.016200 ms  DeleteObjects: 0.018800 ms)

========================================================================
Received Prepare
Registering precompiled user dll's ...
Registered in 0.001288 seconds.
Begin MonoManager ReloadAssembly
Native extension for WindowsStandalone target not found
Refreshing native plugins compatible for Editor in 0.26 ms, found 0 plugins.
Preloading 0 native plugins for Editor in 0.00 ms.
Mono: successfully reloaded assembly
- Completed reload, in  0.805 seconds
Platform modules already initialized, skipping
Refreshing native plugins compatible for Editor in 0.28 ms, found 0 plugins.
Preloading 0 native plugins for Editor in 0.00 ms.
Unloading 1158 Unused Serialized files (Serialized files now loaded: 0)
System memory in use before: 76.4 MB.
System memory in use after: 76.5 MB.

Unloading 4 unused Assets to reduce memory usage. Loaded Objects now: 2175.
Total: 2.375600 ms (FindLiveObjects: 0.275900 ms CreateObjectMapping: 0.063700 ms MarkObjects: 2.016600 ms  DeleteObjects: 0.017700 ms)

========================================================================
Received Prepare
Registering precompiled user dll's ...
Registered in 0.002211 seconds.
Begin MonoManager ReloadAssembly
Native extension for WindowsStandalone target not found
Refreshing native plugins compatible for Editor in 0.30 ms, found 0 plugins.
Preloading 0 native plugins for Editor in 0.00 ms.
Mono: successfully reloaded assembly
- Completed reload, in  0.904 seconds
Platform modules already initialized, skipping
Refreshing native plugins compatible for Editor in 0.33 ms, found 0 plugins.
Preloading 0 native plugins for Editor in 0.00 ms.
Unloading 1158 Unused Serialized files (Serialized files now loaded: 0)
System memory in use before: 76.5 MB.
System memory in use after: 76.6 MB.

Unloading 4 unused Assets to reduce memory usage. Loaded Objects now: 2178.
Total: 2.449800 ms (FindLiveObjects: 0.247500 ms CreateObjectMapping: 0.036300 ms MarkObjects: 2.150100 ms  DeleteObjects: 0.014700 ms)

========================================================================
Received Prepare
Registering precompiled user dll's ...
Registered in 0.001527 seconds.
Begin MonoManager ReloadAssembly
Native extension for WindowsStandalone target not found
Refreshing native plugins compatible for Editor in 0.25 ms, found 0 plugins.
Preloading 0 native plugins for Editor in 0.00 ms.
Mono: successfully reloaded assembly
- Completed reload, in  0.877 seconds
Platform modules already initialized, skipping
Refreshing native plugins compatible for Editor in 0.28 ms, found 0 plugins.
Preloading 0 native plugins for Editor in 0.00 ms.
Unloading 1158 Unused Serialized files (Serialized files now loaded: 0)
System memory in use before: 76.4 MB.
System memory in use after: 76.5 MB.

Unloading 4 unused Assets to reduce memory usage. Loaded Objects now: 2181.
Total: 3.177900 ms (FindLiveObjects: 0.293900 ms CreateObjectMapping: 0.077900 ms MarkObjects: 2.783500 ms  DeleteObjects: 0.020900 ms)

========================================================================
Received Prepare
Registering precompiled user dll's ...
Registered in 0.001373 seconds.
Begin MonoManager ReloadAssembly
Native extension for WindowsStandalone target not found
Refreshing native plugins compatible for Editor in 0.29 ms, found 0 plugins.
Preloading 0 native plugins for Editor in 0.00 ms.
Mono: successfully reloaded assembly
- Completed reload, in  0.794 seconds
Platform modules already initialized, skipping
Refreshing native plugins compatible for Editor in 0.26 ms, found 0 plugins.
Preloading 0 native plugins for Editor in 0.00 ms.
Unloading 1158 Unused Serialized files (Serialized files now loaded: 0)
System memory in use before: 76.5 MB.
System memory in use after: 76.6 MB.

Unloading 4 unused Assets to reduce memory usage. Loaded Objects now: 2184.
Total: 2.742700 ms (FindLiveObjects: 0.234300 ms CreateObjectMapping: 0.042600 ms MarkObjects: 2.439900 ms  DeleteObjects: 0.023500 ms)

AssetImportWorkerClient::OnTransportError - code=2 error=End of file
